srun: Job step aborted: Waiting up to 32 seconds for job step to finish.
slurmstepd-localhost: error: *** STEP 1093.0 ON localhost CANCELLED AT 2024-12-11T11:41:26 DUE TO TIME LIMIT ***
slurmstepd-localhost: error: *** JOB 1093 ON localhost CANCELLED AT 2024-12-11T11:41:26 DUE TO TIME LIMIT ***
forrtl: error (78): process killed (SIGTERM)
Image              PC                Routine            Line        Source             
No errorforrtl: error (78): process killed (SIGTERM)
Image              PC                Routine            Line        Source             
No errorforrtl: error (78): process killed (SIGTERM)
Image              PC                Routine            Line        Source             
No errorforrtl: error (78): process killed (SIGTERM)
No errorforrtl: error (78): process killed (SIGTERM)
No errorforrtl: error (78): process killed (SIGTERM)
Image              PC                Routine            Line        Source             
libc.so.6          000014C530442520  Unknown               Unknown  Unknown
No errorforrtl: error (78): process killed (SIGTERM)
Image              PC                Routine            Line        Source             
libc.so.6          00001074C2C42520  Unknown               Unknown  Unknown
No errorforrtl: error (78): process killed (SIGTERM)
Image              PC                Routine            Line        Source             
libc.so.6          000010E884642520  Unknown               Unknown  Unknown
libc.so.6          000010E884725DEA  epoll_wait            Unknown  Unknown
libtcp-fi.so       000010E882818DFC  Unknown               Unknown  Unknown
No errorforrtl: error (78): process killed (SIGTERM)
Image              PC                Routine            Line        Source             
libc.so.6          0000092D7E842520  Unknown               Unknown  Unknown
libc.so.6          0000092D7E925DEA  epoll_wait            Unknown  Unknown
libtcp-fi.so       0000092D7CA18DFC  Unknown               Unknown  Unknown
libtcp-fi.so       0000092D7CA16974  Unknown               Unknown  Unknown
libtcp-fi.so       0000092D7CA2DA82  Unknown               Unknown  Unknown
libtcp-fi.so       0000092D7CA12B09  Unknown               Unknown  Unknown
No errorforrtl: error (78): process killed (SIGTERM)
Image              PC                Routine            Line        Source             
libc.so.6          00000C64F8642520  Unknown               Unknown  Unknown
libc.so.6          00000C64F8725DEA  epoll_wait            Unknown  Unknown
libtcp-fi.so       00000C64F6818DFC  Unknown               Unknown  Unknown
libtcp-fi.so       00000C64F6816974  Unknown               Unknown  Unknown
libtcp-fi.so       00000C64F682DA82  Unknown               Unknown  Unknown
libtcp-fi.so       00000C64F6812B09  Unknown               Unknown  Unknown
No errorforrtl: error (78): process killed (SIGTERM)
Image              PC                Routine            Line        Source             
libc.so.6          00000DC165242520  Unknown               Unknown  Unknown
libmkl_def.so.2    00000DBC71D1F1F6  mkl_blas_def_dgem     Unknown  Unknown
libmkl_def.so.2    00000DBC71D4BF9E  mkl_blas_def_xdge     Unknown  Unknown
libmkl_def.so.2    00000DBC71D463E3  mkl_blas_def_xdge     Unknown  Unknown
No errorforrtl: error (78): process killed (SIGTERM)
Image              PC                Routine            Line        Source             
libc.so.6          000012120A042520  Unknown               Unknown  Unknown
libc.so.6          000012120A125DEA  epoll_wait            Unknown  Unknown
libtcp-fi.so       0000121208218DFC  Unknown               Unknown  Unknown
libtcp-fi.so       0000121208216974  Unknown               Unknown  Unknown
libtcp-fi.so       000012120822DA82  Unknown               Unknown  Unknown
libtcp-fi.so       0000121208212B09  Unknown               Unknown  Unknown
No errorforrtl: error (78): process killed (SIGTERM)
Image              PC                Routine            Line        Source             
libc.so.6          000012F752042520  Unknown               Unknown  Unknown
libc.so.6          000012F752125DEA  epoll_wait            Unknown  Unknown
libtcp-fi.so       000012F750218DFC  Unknown               Unknown  Unknown
libtcp-fi.so       000012F750216974  Unknown               Unknown  Unknown
libtcp-fi.so       000012F75022DA82  Unknown               Unknown  Unknown
libtcp-fi.so       000012F750212B09  Unknown               Unknown  Unknown
No errorforrtl: error (78): process killed (SIGTERM)
Image              PC                Routine            Line        Source             
libc.so.6          0000138D96442520  Unknown               Unknown  Unknown
libc.so.6          0000138D96525DEA  epoll_wait            Unknown  Unknown
libtcp-fi.so       0000138D94618DFC  Unknown               Unknown  Unknown
libtcp-fi.so       0000138D94616974  Unknown               Unknown  Unknown
libtcp-fi.so       0000138D9462DA82  Unknown               Unknown  Unknown
libtcp-fi.so       0000138D94612B09  Unknown               Unknown  Unknown
No errorforrtl: error (78): process killed (SIGTERM)
Image              PC                Routine            Line        Source             
libc.so.6          00000C9EA1642520  Unknown               Unknown  Unknown
libc.so.6          00000C9EA1725DEA  epoll_wait            Unknown  Unknown
libtcp-fi.so       00000C9E9F818DFC  Unknown               Unknown  Unknown
libtcp-fi.so       00000C9E9F816974  Unknown               Unknown  Unknown
libtcp-fi.so       00000C9E9F82DA82  Unknown               Unknown  Unknown
libtcp-fi.so       00000C9E9F812B09  Unknown               Unknown  Unknown
No errorforrtl: error (78): process killed (SIGTERM)
Image              PC                Routine            Line        Source             
libc.so.6          00000EFE5D842520  Unknown               Unknown  Unknown
libc.so.6          00000EFE5D925DEA  epoll_wait            Unknown  Unknown
libtcp-fi.so       00000EFE5BA18DFC  Unknown               Unknown  Unknown
libtcp-fi.so       00000EFE5BA16974  Unknown               Unknown  Unknown
libtcp-fi.so       00000EFE5BA2DA82  Unknown               Unknown  Unknown
libtcp-fi.so       00000EFE5BA12B09  Unknown               Unknown  Unknown
No errorforrtl: error (78): process killed (SIGTERM)
Image              PC                Routine            Line        Source             
libc.so.6          0000140B5BA42520  Unknown               Unknown  Unknown
libc.so.6          0000140B5BB25DEA  epoll_wait            Unknown  Unknown
libtcp-fi.so       0000140B59C18DFC  Unknown               Unknown  Unknown
libtcp-fi.so       0000140B59C16974  Unknown               Unknown  Unknown
libtcp-fi.so       0000140B59C2DA82  Unknown               Unknown  Unknown
libtcp-fi.so       0000140B59C12B09  Unknown               Unknown  Unknown
No errorforrtl: error (78): process killed (SIGTERM)
Image              PC                Routine            Line        Source             
libc.so.6          00000E7738442520  Unknown               Unknown  Unknown
libc.so.6          00000E7738525DEA  epoll_wait            Unknown  Unknown
libtcp-fi.so       00000E7736618DFC  Unknown               Unknown  Unknown
libtcp-fi.so       00000E7736616974  Unknown               Unknown  Unknown
libtcp-fi.so       00000E773662DA82  Unknown               Unknown  Unknown
libtcp-fi.so       00000E7736612B09  Unknown               Unknown  Unknown
No errorforrtl: error (78): process killed (SIGTERM)
Image              PC                Routine            Line        Source             
libc.so.6          00000A6E22842520  Unknown               Unknown  Unknown
libc.so.6          00000A6E22925DEA  epoll_wait            Unknown  Unknown
libtcp-fi.so       00000A6E20A18DFC  Unknown               Unknown  Unknown
libtcp-fi.so       00000A6E20A16974  Unknown               Unknown  Unknown
libtcp-fi.so       00000A6E20A2DA82  Unknown               Unknown  Unknown
libtcp-fi.so       00000A6E20A12B09  Unknown               Unknown  Unknown
No errorforrtl: error (78): process killed (SIGTERM)
Image              PC                Routine            Line        Source             
libc.so.6          00000D3F41442520  Unknown               Unknown  Unknown
libc.so.6          00000D3F41525DEA  epoll_wait            Unknown  Unknown
libtcp-fi.so       00000D3F3F618DFC  Unknown               Unknown  Unknown
libtcp-fi.so       00000D3F3F616974  Unknown               Unknown  Unknown
libtcp-fi.so       00000D3F3F62DA82  Unknown               Unknown  Unknown
libtcp-fi.so       00000D3F3F612B09  Unknown               Unknown  Unknown
No errorforrtl: error (78): process killed (SIGTERM)
Image              PC                Routine            Line        Source             
libc.so.6          00000574FB442520  Unknown               Unknown  Unknown
libc.so.6          00000574FB525DEA  epoll_wait            Unknown  Unknown
libtcp-fi.so       00000574F9618DFC  Unknown               Unknown  Unknown
libtcp-fi.so       00000574F9616974  Unknown               Unknown  Unknown
libtcp-fi.so       00000574F962DA82  Unknown               Unknown  Unknown
libtcp-fi.so       00000574F9612B09  Unknown               Unknown  Unknown
No errorforrtl: error (78): process killed (SIGTERM)
Image              PC                Routine            Line        Source             
libc.so.6          00000D7806842520  Unknown               Unknown  Unknown
libc.so.6          00000D7806925DEA  epoll_wait            Unknown  Unknown
libtcp-fi.so       00000D7804A18DFC  Unknown               Unknown  Unknown
libtcp-fi.so       00000D7804A16974  Unknown               Unknown  Unknown
libtcp-fi.so       00000D7804A2DA82  Unknown               Unknown  Unknown
libtcp-fi.so       00000D7804A12B09  Unknown               Unknown  Unknown
No errorforrtl: error (78): process killed (SIGTERM)
Image              PC                Routine            Line        Source             
libc.so.6          00001545EEA42520  Unknown               Unknown  Unknown
libc.so.6          00001545EEB25DEA  epoll_wait            Unknown  Unknown
libtcp-fi.so       00001545ECC18DFC  Unknown               Unknown  Unknown
libtcp-fi.so       00001545ECC16974  Unknown               Unknown  Unknown
libtcp-fi.so       00001545ECC2DA82  Unknown               Unknown  Unknown
libtcp-fi.so       00001545ECC12B09  Unknown               Unknown  Unknown
No errorforrtl: error (78): process killed (SIGTERM)
Image              PC                Routine            Line        Source             
libc.so.6          00000B4A47E42520  Unknown               Unknown  Unknown
libc.so.6          00000B4A47F25DEA  epoll_wait            Unknown  Unknown
libtcp-fi.so       00000B4A46018DFC  Unknown               Unknown  Unknown
libtcp-fi.so       00000B4A46016974  Unknown               Unknown  Unknown
libtcp-fi.so       00000B4A4602DA82  Unknown               Unknown  Unknown
libtcp-fi.so       00000B4A46012B09  Unknown               Unknown  Unknown
No errorforrtl: error (78): process killed (SIGTERM)
Image              PC                Routine            Line        Source             
libc.so.6          0000152816842520  Unknown               Unknown  Unknown
libc.so.6          0000152816925DEA  epoll_wait            Unknown  Unknown
libtcp-fi.so       0000152814A18DFC  Unknown               Unknown  Unknown
libtcp-fi.so       0000152814A16974  Unknown               Unknown  Unknown
libtcp-fi.so       0000152814A2DA82  Unknown               Unknown  Unknown
libtcp-fi.so       0000152814A12B09  Unknown               Unknown  Unknown
No errorforrtl: error (78): process killed (SIGTERM)
Image              PC                Routine            Line        Source             
libc.so.6          00000570B2842520  Unknown               Unknown  Unknown
libc.so.6          00000570B2925DEA  epoll_wait            Unknown  Unknown
libtcp-fi.so       00000570B0A18DFC  Unknown               Unknown  Unknown
libtcp-fi.so       00000570B0A16974  Unknown               Unknown  Unknown
libtcp-fi.so       00000570B0A2DA82  Unknown               Unknown  Unknown
libtcp-fi.so       00000570B0A12B09  Unknown               Unknown  Unknown
No errorforrtl: error (78): process killed (SIGTERM)
Image              PC                Routine            Line        Source             
libc.so.6          00000E42C2E42520  Unknown               Unknown  Unknown
libc.so.6          00000E42C2F25DEA  epoll_wait            Unknown  Unknown
libtcp-fi.so       00000E42C1018DFC  Unknown               Unknown  Unknown
libtcp-fi.so       00000E42C1016974  Unknown               Unknown  Unknown
libtcp-fi.so       00000E42C102DA82  Unknown               Unknown  Unknown
libtcp-fi.so       00000E42C1012B09  Unknown               Unknown  Unknown
No errorforrtl: error (78): process killed (SIGTERM)
Image              PC                Routine            Line        Source             
libc.so.6          000005988DC42520  Unknown               Unknown  Unknown
libc.so.6          000005988DD25DEA  epoll_wait            Unknown  Unknown
libtcp-fi.so       000005988BE18DFC  Unknown               Unknown  Unknown
libtcp-fi.so       000005988BE16974  Unknown               Unknown  Unknown
libtcp-fi.so       000005988BE2DA82  Unknown               Unknown  Unknown
libtcp-fi.so       000005988BE12B09  Unknown               Unknown  Unknown
No errorforrtl: error (78): process killed (SIGTERM)
Image              PC                Routine            Line        Source             
libc.so.6          000014A13FC42520  Unknown               Unknown  Unknown
libc.so.6          000014A13FD25DEA  epoll_wait            Unknown  Unknown
libtcp-fi.so       000014A13DE18DFC  Unknown               Unknown  Unknown
libtcp-fi.so       000014A13DE16974  Unknown               Unknown  Unknown
libtcp-fi.so       000014A13DE2DA82  Unknown               Unknown  Unknown
libtcp-fi.so       000014A13DE12B09  Unknown               Unknown  Unknown
No errorforrtl: error (78): process killed (SIGTERM)
Image              PC                Routine            Line        Source             
libc.so.6          0000086363242520  Unknown               Unknown  Unknown
libc.so.6          0000086363325DEA  epoll_wait            Unknown  Unknown
libtcp-fi.so       0000086361418DFC  Unknown               Unknown  Unknown
libtcp-fi.so       0000086361416974  Unknown               Unknown  Unknown
libtcp-fi.so       000008636142DA82  Unknown               Unknown  Unknown
libtcp-fi.so       0000086361412B09  Unknown               Unknown  Unknown
No errorforrtl: error (78): process killed (SIGTERM)
Image              PC                Routine            Line        Source             
libc.so.6          0000065B54242520  Unknown               Unknown  Unknown
libc.so.6          0000065B54325DEA  epoll_wait            Unknown  Unknown
libtcp-fi.so       0000065B52418DFC  Unknown               Unknown  Unknown
libtcp-fi.so       0000065B52416974  Unknown               Unknown  Unknown
libtcp-fi.so       0000065B5242DA82  Unknown               Unknown  Unknown
libtcp-fi.so       0000065B52412B09  Unknown               Unknown  Unknown
No errorforrtl: error (78): process killed (SIGTERM)
Image              PC                Routine            Line        Source             
libc.so.6          00000D745C442520  Unknown               Unknown  Unknown
libc.so.6          00000D745C525DEA  epoll_wait            Unknown  Unknown
libtcp-fi.so       00000D745A618DFC  Unknown               Unknown  Unknown
libtcp-fi.so       00000D745A616974  Unknown               Unknown  Unknown
libtcp-fi.so       00000D745A62DA82  Unknown               Unknown  Unknown
libtcp-fi.so       00000D745A612B09  Unknown               Unknown  Unknown
No errorforrtl: error (78): process killed (SIGTERM)
Image              PC                Routine            Line        Source             
libc.so.6          0000074CBA042520  Unknown               Unknown  Unknown
libc.so.6          0000074CBA125DEA  epoll_wait            Unknown  Unknown
libtcp-fi.so       0000074CB8218DFC  Unknown               Unknown  Unknown
libtcp-fi.so       0000074CB8216974  Unknown               Unknown  Unknown
libtcp-fi.so       0000074CB822DA82  Unknown               Unknown  Unknown
libtcp-fi.so       0000074CB8212B09  Unknown               Unknown  Unknown
No errorforrtl: error (78): process killed (SIGTERM)
Image              PC                Routine            Line        Source             
libc.so.6          00001503FA642520  Unknown               Unknown  Unknown
libc.so.6          00001503FA725DEA  epoll_wait            Unknown  Unknown
libtcp-fi.so       00001503F8818DFC  Unknown               Unknown  Unknown
libtcp-fi.so       00001503F8816974  Unknown               Unknown  Unknown
libtcp-fi.so       00001503F882DA82  Unknown               Unknown  Unknown
libtcp-fi.so       00001503F8812B09  Unknown               Unknown  Unknown
No errorforrtl: error (78): process killed (SIGTERM)
Image              PC                Routine            Line        Source             
libc.so.6          000013C88C842520  Unknown               Unknown  Unknown
libc.so.6          000013C88C925DEA  epoll_wait            Unknown  Unknown
libtcp-fi.so       000013C88AA18DFC  Unknown               Unknown  Unknown
libtcp-fi.so       000013C88AA16974  Unknown               Unknown  Unknown
libtcp-fi.so       000013C88AA2DA82  Unknown               Unknown  Unknown
libtcp-fi.so       000013C88AA12B09  Unknown               Unknown  Unknown
No errorforrtl: error (78): process killed (SIGTERM)
Image              PC                Routine            Line        Source             
libc.so.6          00000ACEAD042520  Unknown               Unknown  Unknown
libc.so.6          00000ACEAD125DEA  epoll_wait            Unknown  Unknown
libtcp-fi.so       00000ACEAB218DFC  Unknown               Unknown  Unknown
libtcp-fi.so       00000ACEAB216974  Unknown               Unknown  Unknown
libtcp-fi.so       00000ACEAB22DA82  Unknown               Unknown  Unknown
libtcp-fi.so       00000ACEAB212B09  Unknown               Unknown  Unknown
No errorforrtl: error (78): process killed (SIGTERM)
Image              PC                Routine            Line        Source             
libc.so.6          000007620EC42520  Unknown               Unknown  Unknown
libc.so.6          000007620ED25DEA  epoll_wait            Unknown  Unknown
libtcp-fi.so       000007620CE18DFC  Unknown               Unknown  Unknown
libtcp-fi.so       000007620CE16974  Unknown               Unknown  Unknown
libtcp-fi.so       000007620CE2DA82  Unknown               Unknown  Unknown
libtcp-fi.so       000007620CE12B09  Unknown               Unknown  Unknown
No errorforrtl: error (78): process killed (SIGTERM)
Image              PC                Routine            Line        Source             
libc.so.6          00000B3589842520  Unknown               Unknown  Unknown
libc.so.6          00000B3589925DEA  epoll_wait            Unknown  Unknown
libtcp-fi.so       00000B3587A18DFC  Unknown               Unknown  Unknown
libtcp-fi.so       00000B3587A16974  Unknown               Unknown  Unknown
libtcp-fi.so       00000B3587A2DA82  Unknown               Unknown  Unknown
libtcp-fi.so       00000B3587A12B09  Unknown               Unknown  Unknown
No errorforrtl: error (78): process killed (SIGTERM)
Image              PC                Routine            Line        Source             
libc.so.6          00001214E9242520  Unknown               Unknown  Unknown
libc.so.6          00001214E9325DEA  epoll_wait            Unknown  Unknown
libtcp-fi.so       00001214E7418DFC  Unknown               Unknown  Unknown
libtcp-fi.so       00001214E7416974  Unknown               Unknown  Unknown
libtcp-fi.so       00001214E742DA82  Unknown               Unknown  Unknown
libtcp-fi.so       00001214E7412B09  Unknown               Unknown  Unknown
No errorforrtl: error (78): process killed (SIGTERM)
Image              PC                Routine            Line        Source             
libc.so.6          000011ECD6C42520  Unknown               Unknown  Unknown
libc.so.6          000011ECD6D25DEA  epoll_wait            Unknown  Unknown
libtcp-fi.so       000011ECD4E18DFC  Unknown               Unknown  Unknown
libtcp-fi.so       000011ECD4E16974  Unknown               Unknown  Unknown
libtcp-fi.so       000011ECD4E2DA82  Unknown               Unknown  Unknown
libtcp-fi.so       000011ECD4E12B09  Unknown               Unknown  Unknown
No errorforrtl: error (78): process killed (SIGTERM)
Image              PC                Routine            Line        Source             
libc.so.6          000009259A642520  Unknown               Unknown  Unknown
libc.so.6          000009259A725DEA  epoll_wait            Unknown  Unknown
libtcp-fi.so       0000092598818DFC  Unknown               Unknown  Unknown
libtcp-fi.so       0000092598816974  Unknown               Unknown  Unknown
libtcp-fi.so       000009259882DA82  Unknown               Unknown  Unknown
libtcp-fi.so       0000092598812B09  Unknown               Unknown  Unknown
No errorforrtl: error (78): process killed (SIGTERM)
Image              PC                Routine            Line        Source             
libc.so.6          000012133C042520  Unknown               Unknown  Unknown
libc.so.6          000012133C125DEA  epoll_wait            Unknown  Unknown
libtcp-fi.so       000012133A218DFC  Unknown               Unknown  Unknown
libtcp-fi.so       000012133A216974  Unknown               Unknown  Unknown
libtcp-fi.so       000012133A22DA82  Unknown               Unknown  Unknown
libtcp-fi.so       000012133A212B09  Unknown               Unknown  Unknown
No errorforrtl: error (78): process killed (SIGTERM)
Image              PC                Routine            Line        Source             
libc.so.6          00001532DEE42520  Unknown               Unknown  Unknown
libc.so.6          00001532DEF25DEA  epoll_wait            Unknown  Unknown
libtcp-fi.so       00001532DD018DFC  Unknown               Unknown  Unknown
libtcp-fi.so       00001532DD016974  Unknown               Unknown  Unknown
libtcp-fi.so       00001532DD02DA82  Unknown               Unknown  Unknown
libtcp-fi.so       00001532DD012B09  Unknown               Unknown  Unknown
No errorforrtl: error (78): process killed (SIGTERM)
Image              PC                Routine            Line        Source             
libc.so.6          0000071C83242520  Unknown               Unknown  Unknown
libc.so.6          0000071C83325DEA  epoll_wait            Unknown  Unknown
libtcp-fi.so       0000071C81418DFC  Unknown               Unknown  Unknown
libtcp-fi.so       0000071C81416974  Unknown               Unknown  Unknown
libtcp-fi.so       0000071C8142DA82  Unknown               Unknown  Unknown
libtcp-fi.so       0000071C81412B09  Unknown               Unknown  Unknown
No errorforrtl: error (78): process killed (SIGTERM)
Image              PC                Routine            Line        Source             
libc.so.6          000005FBD6642520  Unknown               Unknown  Unknown
libc.so.6          000005FBD6725DEA  epoll_wait            Unknown  Unknown
libtcp-fi.so       000005FBD4818DFC  Unknown               Unknown  Unknown
libtcp-fi.so       000005FBD4816974  Unknown               Unknown  Unknown
libtcp-fi.so       000005FBD482DA82  Unknown               Unknown  Unknown
libtcp-fi.so       000005FBD4812B09  Unknown               Unknown  Unknown
No errorforrtl: error (78): process killed (SIGTERM)
Image              PC                Routine            Line        Source             
libc.so.6          0000058A71E42520  Unknown               Unknown  Unknown
libc.so.6          0000058A71F25DEA  epoll_wait            Unknown  Unknown
libtcp-fi.so       0000058A70018DFC  Unknown               Unknown  Unknown
libtcp-fi.so       0000058A70016974  Unknown               Unknown  Unknown
libtcp-fi.so       0000058A7002DA82  Unknown               Unknown  Unknown
libtcp-fi.so       0000058A70012B09  Unknown               Unknown  Unknown
No errorforrtl: error (78): process killed (SIGTERM)
Image              PC                Routine            Line        Source             
libc.so.6          0000106924442520  Unknown               Unknown  Unknown
libc.so.6          0000106924525DEA  epoll_wait            Unknown  Unknown
libtcp-fi.so       0000106922618DFC  Unknown               Unknown  Unknown
libtcp-fi.so       0000106922616974  Unknown               Unknown  Unknown
libtcp-fi.so       000010692262DA82  Unknown               Unknown  Unknown
libtcp-fi.so       0000106922612B09  Unknown               Unknown  Unknown
No errorforrtl: error (78): process killed (SIGTERM)
Image              PC                Routine            Line        Source             
libc.so.6          00001176C1E42520  Unknown               Unknown  Unknown
libc.so.6          00001176C1F25DEA  epoll_wait            Unknown  Unknown
libtcp-fi.so       00001176C0018DFC  Unknown               Unknown  Unknown
libtcp-fi.so       00001176C0016974  Unknown               Unknown  Unknown
libtcp-fi.so       00001176C002DA82  Unknown               Unknown  Unknown
libtcp-fi.so       00001176C0012B09  Unknown               Unknown  Unknown
No errorforrtl: error (78): process killed (SIGTERM)
Image              PC                Routine            Line        Source             
libc.so.6          0000132FF9A42520  Unknown               Unknown  Unknown
libc.so.6          0000132FF9B25DEA  epoll_wait            Unknown  Unknown
libtcp-fi.so       0000132FF7C18DFC  Unknown               Unknown  Unknown
libtcp-fi.so       0000132FF7C16974  Unknown               Unknown  Unknown
libtcp-fi.so       0000132FF7C2DA82  Unknown               Unknown  Unknown
libtcp-fi.so       0000132FF7C12B09  Unknown               Unknown  Unknown
No errorforrtl: error (78): process killed (SIGTERM)
Image              PC                Routine            Line        Source             
libc.so.6          00000B1A5F842520  Unknown               Unknown  Unknown
libc.so.6          00000B1A5F925DEA  epoll_wait            Unknown  Unknown
libtcp-fi.so       00000B1A5DA18DFC  Unknown               Unknown  Unknown
libtcp-fi.so       00000B1A5DA16974  Unknown               Unknown  Unknown
libtcp-fi.so       00000B1A5DA2DA82  Unknown               Unknown  Unknown
libtcp-fi.so       00000B1A5DA12B09  Unknown               Unknown  Unknown
No errorforrtl: error (78): process killed (SIGTERM)
Image              PC                Routine            Line        Source             
libc.so.6          00000F7191E42520  Unknown               Unknown  Unknown
libc.so.6          00000F7191F25DEA  epoll_wait            Unknown  Unknown
libtcp-fi.so       00000F7190018DFC  Unknown               Unknown  Unknown
libtcp-fi.so       00000F7190016974  Unknown               Unknown  Unknown
libtcp-fi.so       00000F719002DA82  Unknown               Unknown  Unknown
libtcp-fi.so       00000F7190012B09  Unknown               Unknown  Unknown
No errorforrtl: error (78): process killed (SIGTERM)
Image              PC                Routine            Line        Source             
libc.so.6          0000148137242520  Unknown               Unknown  Unknown
libc.so.6          0000148137325DEA  epoll_wait            Unknown  Unknown
libtcp-fi.so       0000148135418DFC  Unknown               Unknown  Unknown
libtcp-fi.so       0000148135416974  Unknown               Unknown  Unknown
libtcp-fi.so       000014813542DA82  Unknown               Unknown  Unknown
libtcp-fi.so       0000148135412B09  Unknown               Unknown  Unknown
No errorforrtl: error (78): process killed (SIGTERM)
Image              PC                Routine            Line        Source             
libc.so.6          00000C0EDF442520  Unknown               Unknown  Unknown
libc.so.6          00000C0EDF525DEA  epoll_wait            Unknown  Unknown
libtcp-fi.so       00000C0EDD618DFC  Unknown               Unknown  Unknown
libtcp-fi.so       00000C0EDD616974  Unknown               Unknown  Unknown
libtcp-fi.so       00000C0EDD62DA82  Unknown               Unknown  Unknown
libtcp-fi.so       00000C0EDD612B09  Unknown               Unknown  Unknown
No errorforrtl: error (78): process killed (SIGTERM)
Image              PC                Routine            Line        Source             
libc.so.6          00000C1EDEA42520  Unknown               Unknown  Unknown
libc.so.6          00000C1EDEB25DEA  epoll_wait            Unknown  Unknown
libtcp-fi.so       00000C1EDCC18DFC  Unknown               Unknown  Unknown
libtcp-fi.so       00000C1EDCC16974  Unknown               Unknown  Unknown
libtcp-fi.so       00000C1EDCC2DA82  Unknown               Unknown  Unknown
libtcp-fi.so       00000C1EDCC12B09  Unknown               Unknown  Unknown
No errorforrtl: error (78): process killed (SIGTERM)
Image              PC                Routine            Line        Source             
libc.so.6          00000F2A23842520  Unknown               Unknown  Unknown
libc.so.6          00000F2A23925DEA  epoll_wait            Unknown  Unknown
libtcp-fi.so       00000F2A21A18DFC  Unknown               Unknown  Unknown
libtcp-fi.so       00000F2A21A16974  Unknown               Unknown  Unknown
libtcp-fi.so       00000F2A21A2DA82  Unknown               Unknown  Unknown
libtcp-fi.so       00000F2A21A12B09  Unknown               Unknown  Unknown
No errorforrtl: error (78): process killed (SIGTERM)
Image              PC                Routine            Line        Source             
libc.so.6          00000A553EE42520  Unknown               Unknown  Unknown
libc.so.6          00000A553EF25DEA  epoll_wait            Unknown  Unknown
libtcp-fi.so       00000A553D018DFC  Unknown               Unknown  Unknown
libtcp-fi.so       00000A553D016974  Unknown               Unknown  Unknown
libtcp-fi.so       00000A553D02DA82  Unknown               Unknown  Unknown
libtcp-fi.so       00000A553D012B09  Unknown               Unknown  Unknown
No errorforrtl: error (78): process killed (SIGTERM)
Image              PC                Routine            Line        Source             
libc.so.6          0000109F24A42520  Unknown               Unknown  Unknown
libc.so.6          0000109F24B25DEA  epoll_wait            Unknown  Unknown
libtcp-fi.so       0000109F22C18DFC  Unknown               Unknown  Unknown
libtcp-fi.so       0000109F22C16974  Unknown               Unknown  Unknown
libtcp-fi.so       0000109F22C2DA82  Unknown               Unknown  Unknown
libtcp-fi.so       0000109F22C12B09  Unknown               Unknown  Unknown
No errorforrtl: error (78): process killed (SIGTERM)
Image              PC                Routine            Line        Source             
libc.so.6          000006D835A42520  Unknown               Unknown  Unknown
libc.so.6          000006D835B25DEA  epoll_wait            Unknown  Unknown
libtcp-fi.so       000006D833C18DFC  Unknown               Unknown  Unknown
libtcp-fi.so       000006D833C16974  Unknown               Unknown  Unknown
libtcp-fi.so       000006D833C2DA82  Unknown               Unknown  Unknown
libtcp-fi.so       000006D833C12B09  Unknown               Unknown  Unknown
No errorforrtl: error (78): process killed (SIGTERM)
Image              PC                Routine            Line        Source             
libc.so.6          0000124AAC242520  Unknown               Unknown  Unknown
libc.so.6          0000124AAC325DEA  epoll_wait            Unknown  Unknown
libtcp-fi.so       0000124AAA418DFC  Unknown               Unknown  Unknown
libtcp-fi.so       0000124AAA416974  Unknown               Unknown  Unknown
libtcp-fi.so       0000124AAA42DA82  Unknown               Unknown  Unknown
libtcp-fi.so       0000124AAA412B09  Unknown               Unknown  Unknown
No errorforrtl: error (78): process killed (SIGTERM)
Image              PC                Routine            Line        Source             
libc.so.6          0000083BD0642520  Unknown               Unknown  Unknown
libc.so.6          0000083BD0725DEA  epoll_wait            Unknown  Unknown
libtcp-fi.so       0000083BCE818DFC  Unknown               Unknown  Unknown
libtcp-fi.so       0000083BCE816974  Unknown               Unknown  Unknown
libtcp-fi.so       0000083BCE82DA82  Unknown               Unknown  Unknown
libtcp-fi.so       0000083BCE812B09  Unknown               Unknown  Unknown
No errorforrtl: error (78): process killed (SIGTERM)
Image              PC                Routine            Line        Source             
libc.so.6          00000DAC2D442520  Unknown               Unknown  Unknown
libc.so.6          00000DAC2D525DEA  epoll_wait            Unknown  Unknown
libtcp-fi.so       00000DAC2B618DFC  Unknown               Unknown  Unknown
libtcp-fi.so       00000DAC2B616974  Unknown               Unknown  Unknown
libtcp-fi.so       00000DAC2B62DA82  Unknown               Unknown  Unknown
libtcp-fi.so       00000DAC2B612B09  Unknown               Unknown  Unknown
No errorforrtl: error (78): process killed (SIGTERM)
Image              PC                Routine            Line        Source             
libc.so.6          000006581E442520  Unknown               Unknown  Unknown
libc.so.6          000006581E525DEA  epoll_wait            Unknown  Unknown
libtcp-fi.so       000006581C618DFC  Unknown               Unknown  Unknown
libtcp-fi.so       000006581C616974  Unknown               Unknown  Unknown
libtcp-fi.so       000006581C62DA82  Unknown               Unknown  Unknown
libtcp-fi.so       000006581C612B09  Unknown               Unknown  Unknown
No errorforrtl: error (78): process killed (SIGTERM)
Image              PC                Routine            Line        Source             
libc.so.6          00000D4EDBE42520  Unknown               Unknown  Unknown
libc.so.6          00000D4EDBF25DEA  epoll_wait            Unknown  Unknown
libtcp-fi.so       00000D4EDA018DFC  Unknown               Unknown  Unknown
libtcp-fi.so       00000D4EDA016974  Unknown               Unknown  Unknown
libtcp-fi.so       00000D4EDA02DA82  Unknown               Unknown  Unknown
libtcp-fi.so       00000D4EDA012B09  Unknown               Unknown  Unknown
No errorsrun: got SIGCONT
srun: forcing job termination
