srun: Job step aborted: Waiting up to 32 seconds for job step to finish.
slurmstepd-localhost: error: *** JOB 48 ON localhost CANCELLED AT 2024-10-07T04:49:14 DUE TO TIME LIMIT ***
slurmstepd-localhost: error: *** STEP 48.0 ON localhost CANCELLED AT 2024-10-07T04:49:14 DUE TO TIME LIMIT ***
forrtl: error (78): process killed (SIGTERM)
No errorforrtl: error (78): process killed (SIGTERM)
No errorforrtl: error (78): process killed (SIGTERM)
No errorforrtl: error (78): process killed (SIGTERM)
No errorforrtl: error (78): process killed (SIGTERM)
Image              PC                Routine            Line        Source             
libc.so.6          0000078881242520  Unknown               Unknown  Unknown
No errorforrtl: error (78): process killed (SIGTERM)
Image              PC                Routine            Line        Source             
libc.so.6          00000DC110A42520  Unknown               Unknown  Unknown
No errorforrtl: error (78): process killed (SIGTERM)
Image              PC                Routine            Line        Source             
libc.so.6          00001123D5E42520  Unknown               Unknown  Unknown
No errorforrtl: error (78): process killed (SIGTERM)
Image              PC                Routine            Line        Source             
libc.so.6          000005BFC5C42520  Unknown               Unknown  Unknown
No errorforrtl: error (78): process killed (SIGTERM)
Image              PC                Routine            Line        Source             
libc.so.6          0000127DDBC42520  Unknown               Unknown  Unknown
libc.so.6          0000127DDBD25DEA  epoll_wait            Unknown  Unknown
libtcp-fi.so       0000127DD9E18DFC  Unknown               Unknown  Unknown
libtcp-fi.so       0000127DD9E16974  Unknown               Unknown  Unknown
libtcp-fi.so       0000127DD9E2DA82  Unknown               Unknown  Unknown
libtcp-fi.so       0000127DD9E12B09  Unknown               Unknown  Unknown
libmpi.so.12.0.0   0000127DDCC0ED06  Unknown               Unknown  Unknown
No errorforrtl: error (78): process killed (SIGTERM)
Image              PC                Routine            Line        Source             
libc.so.6          00000B09A6042520  Unknown               Unknown  Unknown
libc.so.6          00000B09A6125DEA  epoll_wait            Unknown  Unknown
libtcp-fi.so       00000B09A4218DFC  Unknown               Unknown  Unknown
libtcp-fi.so       00000B09A4216974  Unknown               Unknown  Unknown
libtcp-fi.so       00000B09A422DA82  Unknown               Unknown  Unknown
libtcp-fi.so       00000B09A4212B09  Unknown               Unknown  Unknown
libmpi.so.12.0.0   00000B09A700ED06  Unknown               Unknown  Unknown
No errorforrtl: error (78): process killed (SIGTERM)
Image              PC                Routine            Line        Source             
libc.so.6          0000090E22842520  Unknown               Unknown  Unknown
libc.so.6          0000090E22925DEA  epoll_wait            Unknown  Unknown
libtcp-fi.so       0000090E20A18DFC  Unknown               Unknown  Unknown
libtcp-fi.so       0000090E20A16974  Unknown               Unknown  Unknown
libtcp-fi.so       0000090E20A2DA82  Unknown               Unknown  Unknown
libtcp-fi.so       0000090E20A12B09  Unknown               Unknown  Unknown
No errorforrtl: error (78): process killed (SIGTERM)
Image              PC                Routine            Line        Source             
libc.so.6          00001177DBC42520  Unknown               Unknown  Unknown
libc.so.6          00001177DBD25DEA  epoll_wait            Unknown  Unknown
libtcp-fi.so       00001177D9E18DFC  Unknown               Unknown  Unknown
libtcp-fi.so       00001177D9E16974  Unknown               Unknown  Unknown
libtcp-fi.so       00001177D9E2DA82  Unknown               Unknown  Unknown
libtcp-fi.so       00001177D9E12B09  Unknown               Unknown  Unknown
libmpi.so.12.0.0   00001177DCC0ED06  Unknown               Unknown  Unknown
No errorforrtl: error (78): process killed (SIGTERM)
Image              PC                Routine            Line        Source             
libc.so.6          00001037BBE42520  Unknown               Unknown  Unknown
libc.so.6          00001037BBF25DEA  epoll_wait            Unknown  Unknown
libtcp-fi.so       00001037BA018DFC  Unknown               Unknown  Unknown
libtcp-fi.so       00001037BA016974  Unknown               Unknown  Unknown
libtcp-fi.so       00001037BA02DA82  Unknown               Unknown  Unknown
libtcp-fi.so       00001037BA012B09  Unknown               Unknown  Unknown
libmpi.so.12.0.0   00001037BCE0ED06  Unknown               Unknown  Unknown
No errorforrtl: error (78): process killed (SIGTERM)
Image              PC                Routine            Line        Source             
libc.so.6          00000CEE60A42520  Unknown               Unknown  Unknown
libc.so.6          00000CEE60B25DEA  epoll_wait            Unknown  Unknown
libtcp-fi.so       00000CEE5EC18DFC  Unknown               Unknown  Unknown
libtcp-fi.so       00000CEE5EC16974  Unknown               Unknown  Unknown
libtcp-fi.so       00000CEE5EC2DA82  Unknown               Unknown  Unknown
libtcp-fi.so       00000CEE5EC12B09  Unknown               Unknown  Unknown
libmpi.so.12.0.0   00000CEE61A0ED06  Unknown               Unknown  Unknown
libmpi.so.12.0.0   00000CEE6172A357  Unknown               Unknown  Unknown
libmpi.so.12.0.0   00000CEE6172A601  Unknown               Unknown  Unknown
libmpi.so.12.0.0   00000CEE61AB35A0  Unknown               Unknown  Unknown
No errorforrtl: error (78): process killed (SIGTERM)
Image              PC                Routine            Line        Source             
libc.so.6          00000F6063842520  Unknown               Unknown  Unknown
libc.so.6          00000F6063925DEA  epoll_wait            Unknown  Unknown
libtcp-fi.so       00000F6061A18DFC  Unknown               Unknown  Unknown
libtcp-fi.so       00000F6061A16974  Unknown               Unknown  Unknown
libtcp-fi.so       00000F6061A2DA82  Unknown               Unknown  Unknown
libtcp-fi.so       00000F6061A12B09  Unknown               Unknown  Unknown
libmpi.so.12.0.0   00000F606480ED06  Unknown               Unknown  Unknown
libmpi.so.12.0.0   00000F606452A357  Unknown               Unknown  Unknown
libmpi.so.12.0.0   00000F606452A601  Unknown               Unknown  Unknown
libmpi.so.12.0.0   00000F60648B35A0  Unknown               Unknown  Unknown
libmpi.so.12.0.0   00000F606461B925  Unknown               Unknown  Unknown
libmpi.so.12.0.0   00000F6064623DEF  Unknown               Unknown  Unknown
libmpi.so.12.0.0   00000F60642E9DB3  Unknown               Unknown  Unknown
libmpi.so.12.0.0   00000F60642EA19B  Unknown               Unknown  Unknown
No errorforrtl: error (78): process killed (SIGTERM)
Image              PC                Routine            Line        Source             
libc.so.6          00000F2347E42520  Unknown               Unknown  Unknown
libc.so.6          00000F2347F25DEA  epoll_wait            Unknown  Unknown
libtcp-fi.so       00000F2346018DFC  Unknown               Unknown  Unknown
libtcp-fi.so       00000F2346016974  Unknown               Unknown  Unknown
libtcp-fi.so       00000F234602DA82  Unknown               Unknown  Unknown
libtcp-fi.so       00000F2346012B09  Unknown               Unknown  Unknown
libmpi.so.12.0.0   00000F2348E0ED06  Unknown               Unknown  Unknown
libmpi.so.12.0.0   00000F2348B2A357  Unknown               Unknown  Unknown
libmpi.so.12.0.0   00000F2348B2A601  Unknown               Unknown  Unknown
libmpi.so.12.0.0   00000F2348EB35A0  Unknown               Unknown  Unknown
libmpi.so.12.0.0   00000F2348C1B925  Unknown               Unknown  Unknown
libmpi.so.12.0.0   00000F2348C23DEF  Unknown               Unknown  Unknown
libmpi.so.12.0.0   00000F23488E9DB3  Unknown               Unknown  Unknown
libmpi.so.12.0.0   00000F23488EA19B  Unknown               Unknown  Unknown
libmpi.so.12.0.0   00000F2348A799BB  Unknown               Unknown  Unknown
libmpi.so.12.0.0   00000F2348A5F789  Unknown               Unknown  Unknown
libmpi.so.12.0.0   00000F2348B78AE2  Unknown               Unknown  Unknown
No errorforrtl: error (78): process killed (SIGTERM)
Image              PC                Routine            Line        Source             
libc.so.6          000014125AA42520  Unknown               Unknown  Unknown
libc.so.6          000014125AB25DEA  epoll_wait            Unknown  Unknown
libtcp-fi.so       0000141258C18DFC  Unknown               Unknown  Unknown
libtcp-fi.so       0000141258C16974  Unknown               Unknown  Unknown
libtcp-fi.so       0000141258C2DA82  Unknown               Unknown  Unknown
libtcp-fi.so       0000141258C12B09  Unknown               Unknown  Unknown
libmpi.so.12.0.0   000014125BA0ED06  Unknown               Unknown  Unknown
libmpi.so.12.0.0   000014125B72A357  Unknown               Unknown  Unknown
libmpi.so.12.0.0   000014125B72A601  Unknown               Unknown  Unknown
libmpi.so.12.0.0   000014125BAB35A0  Unknown               Unknown  Unknown
libmpi.so.12.0.0   000014125B81B925  Unknown               Unknown  Unknown
libmpi.so.12.0.0   000014125B823DEF  Unknown               Unknown  Unknown
libmpi.so.12.0.0   000014125B4E9DB3  Unknown               Unknown  Unknown
libmpi.so.12.0.0   000014125B4EA19B  Unknown               Unknown  Unknown
libmpi.so.12.0.0   000014125B6799BB  Unknown               Unknown  Unknown
libmpi.so.12.0.0   000014125B65F789  Unknown               Unknown  Unknown
libmpi.so.12.0.0   000014125B778AE2  Unknown               Unknown  Unknown
No errorforrtl: error (78): process killed (SIGTERM)
Image              PC                Routine            Line        Source             
libc.so.6          000005F170E42520  Unknown               Unknown  Unknown
libc.so.6          000005F170F25DEA  epoll_wait            Unknown  Unknown
libtcp-fi.so       000005F16F018DFC  Unknown               Unknown  Unknown
libtcp-fi.so       000005F16F016974  Unknown               Unknown  Unknown
libtcp-fi.so       000005F16F02DA82  Unknown               Unknown  Unknown
libtcp-fi.so       000005F16F012B09  Unknown               Unknown  Unknown
libmpi.so.12.0.0   000005F171E0ED06  Unknown               Unknown  Unknown
libmpi.so.12.0.0   000005F171B2A357  Unknown               Unknown  Unknown
libmpi.so.12.0.0   000005F171B2A601  Unknown               Unknown  Unknown
libmpi.so.12.0.0   000005F171EB35A0  Unknown               Unknown  Unknown
libmpi.so.12.0.0   000005F171C1B925  Unknown               Unknown  Unknown
libmpi.so.12.0.0   000005F171C23DEF  Unknown               Unknown  Unknown
libmpi.so.12.0.0   000005F1718E9DB3  Unknown               Unknown  Unknown
libmpi.so.12.0.0   000005F1718EA19B  Unknown               Unknown  Unknown
libmpi.so.12.0.0   000005F171A799BB  Unknown               Unknown  Unknown
libmpi.so.12.0.0   000005F171A5F789  Unknown               Unknown  Unknown
libmpi.so.12.0.0   000005F171B78AE2  Unknown               Unknown  Unknown
libmpi.so.12.0.0   000005F17194664D  PMPI_Allreduce        Unknown  Unknown
No errorforrtl: error (78): process killed (SIGTERM)
Image              PC                Routine            Line        Source             
libc.so.6          000011EB1EE42520  Unknown               Unknown  Unknown
libc.so.6          000011EB1EF25DEA  epoll_wait            Unknown  Unknown
libtcp-fi.so       000011EB1D018DFC  Unknown               Unknown  Unknown
libtcp-fi.so       000011EB1D016974  Unknown               Unknown  Unknown
libtcp-fi.so       000011EB1D02DA82  Unknown               Unknown  Unknown
libtcp-fi.so       000011EB1D012B09  Unknown               Unknown  Unknown
libmpi.so.12.0.0   000011EB1FE0ED06  Unknown               Unknown  Unknown
libmpi.so.12.0.0   000011EB1FB2A357  Unknown               Unknown  Unknown
libmpi.so.12.0.0   000011EB1FB2A601  Unknown               Unknown  Unknown
libmpi.so.12.0.0   000011EB1FEB35A0  Unknown               Unknown  Unknown
libmpi.so.12.0.0   000011EB1FC1B925  Unknown               Unknown  Unknown
libmpi.so.12.0.0   000011EB1FC23DEF  Unknown               Unknown  Unknown
libmpi.so.12.0.0   000011EB1F8E9DB3  Unknown               Unknown  Unknown
libmpi.so.12.0.0   000011EB1F8EA19B  Unknown               Unknown  Unknown
libmpi.so.12.0.0   000011EB1FA799BB  Unknown               Unknown  Unknown
libmpi.so.12.0.0   000011EB1FA5F789  Unknown               Unknown  Unknown
libmpi.so.12.0.0   000011EB1FB78AE2  Unknown               Unknown  Unknown
libmpi.so.12.0.0   000011EB1F94664D  PMPI_Allreduce        Unknown  Unknown
No errorforrtl: error (78): process killed (SIGTERM)
Image              PC                Routine            Line        Source             
libc.so.6          00000E4B54842520  Unknown               Unknown  Unknown
libc.so.6          00000E4B54925DEA  epoll_wait            Unknown  Unknown
libtcp-fi.so       00000E4B52A18DFC  Unknown               Unknown  Unknown
libtcp-fi.so       00000E4B52A16974  Unknown               Unknown  Unknown
libtcp-fi.so       00000E4B52A2DA82  Unknown               Unknown  Unknown
libtcp-fi.so       00000E4B52A12B09  Unknown               Unknown  Unknown
libmpi.so.12.0.0   00000E4B5580ED06  Unknown               Unknown  Unknown
libmpi.so.12.0.0   00000E4B5552A357  Unknown               Unknown  Unknown
libmpi.so.12.0.0   00000E4B5552A601  Unknown               Unknown  Unknown
libmpi.so.12.0.0   00000E4B558B35A0  Unknown               Unknown  Unknown
libmpi.so.12.0.0   00000E4B5561B925  Unknown               Unknown  Unknown
libmpi.so.12.0.0   00000E4B55623DEF  Unknown               Unknown  Unknown
libmpi.so.12.0.0   00000E4B552E9DB3  Unknown               Unknown  Unknown
libmpi.so.12.0.0   00000E4B552EA19B  Unknown               Unknown  Unknown
libmpi.so.12.0.0   00000E4B554799BB  Unknown               Unknown  Unknown
libmpi.so.12.0.0   00000E4B5545F789  Unknown               Unknown  Unknown
libmpi.so.12.0.0   00000E4B55578AE2  Unknown               Unknown  Unknown
libmpi.so.12.0.0   00000E4B5534664D  PMPI_Allreduce        Unknown  Unknown
libmpifort.so.12.  00000E4B56CE4B25  mpi_allreduce_        Unknown  Unknown
No errorforrtl: error (78): process killed (SIGTERM)
Image              PC                Routine            Line        Source             
libc.so.6          00000DBC57242520  Unknown               Unknown  Unknown
libc.so.6          00000DBC57325DEA  epoll_wait            Unknown  Unknown
libtcp-fi.so       00000DBC55418DFC  Unknown               Unknown  Unknown
libtcp-fi.so       00000DBC55416974  Unknown               Unknown  Unknown
libtcp-fi.so       00000DBC5542DA82  Unknown               Unknown  Unknown
libtcp-fi.so       00000DBC55412B09  Unknown               Unknown  Unknown
libmpi.so.12.0.0   00000DBC5820ED06  Unknown               Unknown  Unknown
libmpi.so.12.0.0   00000DBC57F2A357  Unknown               Unknown  Unknown
libmpi.so.12.0.0   00000DBC57F2A601  Unknown               Unknown  Unknown
libmpi.so.12.0.0   00000DBC582B35A0  Unknown               Unknown  Unknown
libmpi.so.12.0.0   00000DBC5801B925  Unknown               Unknown  Unknown
libmpi.so.12.0.0   00000DBC58023DEF  Unknown               Unknown  Unknown
libmpi.so.12.0.0   00000DBC57CE9DB3  Unknown               Unknown  Unknown
libmpi.so.12.0.0   00000DBC57CEA19B  Unknown               Unknown  Unknown
libmpi.so.12.0.0   00000DBC57E799BB  Unknown               Unknown  Unknown
libmpi.so.12.0.0   00000DBC57E5F789  Unknown               Unknown  Unknown
libmpi.so.12.0.0   00000DBC57F78AE2  Unknown               Unknown  Unknown
libmpi.so.12.0.0   00000DBC57D4664D  PMPI_Allreduce        Unknown  Unknown
libmpifort.so.12.  00000DBC596E4B25  mpi_allreduce_        Unknown  Unknown
aims.240605.scala  0000000002A193FF  Unknown               Unknown  Unknown
aims.240605.scala  0000000002AE47EE  Unknown               Unknown  Unknown
No errorforrtl: error (78): process killed (SIGTERM)
Image              PC                Routine            Line        Source             
libc.so.6          0000108838642520  Unknown               Unknown  Unknown
libc.so.6          0000108838725DEA  epoll_wait            Unknown  Unknown
libtcp-fi.so       0000108836818DFC  Unknown               Unknown  Unknown
libtcp-fi.so       0000108836816974  Unknown               Unknown  Unknown
libtcp-fi.so       000010883682DA82  Unknown               Unknown  Unknown
libtcp-fi.so       0000108836812B09  Unknown               Unknown  Unknown
libmpi.so.12.0.0   000010883960ED06  Unknown               Unknown  Unknown
libmpi.so.12.0.0   000010883932A357  Unknown               Unknown  Unknown
libmpi.so.12.0.0   000010883932A601  Unknown               Unknown  Unknown
libmpi.so.12.0.0   00001088396B35A0  Unknown               Unknown  Unknown
libmpi.so.12.0.0   000010883941B925  Unknown               Unknown  Unknown
libmpi.so.12.0.0   0000108839423DEF  Unknown               Unknown  Unknown
libmpi.so.12.0.0   00001088390E9DB3  Unknown               Unknown  Unknown
libmpi.so.12.0.0   00001088390EA19B  Unknown               Unknown  Unknown
libmpi.so.12.0.0   00001088392799BB  Unknown               Unknown  Unknown
libmpi.so.12.0.0   000010883925F789  Unknown               Unknown  Unknown
libmpi.so.12.0.0   0000108839378AE2  Unknown               Unknown  Unknown
libmpi.so.12.0.0   000010883914664D  PMPI_Allreduce        Unknown  Unknown
libmpifort.so.12.  000010883AAE4B25  mpi_allreduce_        Unknown  Unknown
No errorforrtl: error (78): process killed (SIGTERM)
Image              PC                Routine            Line        Source             
libc.so.6          000012BDF9642520  Unknown               Unknown  Unknown
libtcp-fi.so       000012BDF7812B0C  Unknown               Unknown  Unknown
libmpi.so.12.0.0   000012BDFA60ED06  Unknown               Unknown  Unknown
libmpi.so.12.0.0   000012BDFA32A357  Unknown               Unknown  Unknown
libmpi.so.12.0.0   000012BDFA32A601  Unknown               Unknown  Unknown
libmpi.so.12.0.0   000012BDFA6B35A0  Unknown               Unknown  Unknown
libmpi.so.12.0.0   000012BDFA41B925  Unknown               Unknown  Unknown
libmpi.so.12.0.0   000012BDFA423DEF  Unknown               Unknown  Unknown
libmpi.so.12.0.0   000012BDFA0E9DB3  Unknown               Unknown  Unknown
libmpi.so.12.0.0   000012BDFA0EA19B  Unknown               Unknown  Unknown
libmpi.so.12.0.0   000012BDFA2799BB  Unknown               Unknown  Unknown
libmpi.so.12.0.0   000012BDFA25F789  Unknown               Unknown  Unknown
libmpi.so.12.0.0   000012BDFA378AE2  Unknown               Unknown  Unknown
libmpi.so.12.0.0   000012BDFA14664D  PMPI_Allreduce        Unknown  Unknown
libmpifort.so.12.  000012BDFBAE4B25  mpi_allreduce_        Unknown  Unknown
aims.240605.scala  0000000002A193FF  Unknown               Unknown  Unknown
aims.240605.scala  0000000002AE47EE  Unknown               Unknown  Unknown
aims.240605.scala  0000000000BFF826  Unknown               Unknown  Unknown
aims.240605.scala  0000000000769579  Unknown               Unknown  Unknown
aims.240605.scala  00000000007519C8  Unknown               Unknown  Unknown
aims.240605.scala  0000000000414B1B  Unknown               Unknown  Unknown
aims.240605.scala  0000000000413DE7  Unknown               Unknown  Unknown
aims.240605.scala  0000000000415B30  Unknown               Unknown  Unknown
aims.240605.scala  0000000000413DBD  Unknown               Unknown  Unknown
libc.so.6          000012BDF9629D90  Unknown               Unknown  Unknown
libc.so.6          000012BDF9629E40  __libc_start_main     Unknown  Unknown
aims.240605.scala  0000000000413CD5  Unknown               Unknown  Unknown
forrtl: error (78): process killed (SIGTERM)
Image              PC                Routine            Line        Source             
libc.so.6          000006EDAD842520  Unknown               Unknown  Unknown
libc.so.6          000006EDAD925DEA  epoll_wait            Unknown  Unknown
libtcp-fi.so       000006EDABA18DFC  Unknown               Unknown  Unknown
libtcp-fi.so       000006EDABA16974  Unknown               Unknown  Unknown
libtcp-fi.so       000006EDABA2DA82  Unknown               Unknown  Unknown
libtcp-fi.so       000006EDABA12B09  Unknown               Unknown  Unknown
libmpi.so.12.0.0   000006EDAE80ED06  Unknown               Unknown  Unknown
libmpi.so.12.0.0   000006EDAE52A357  Unknown               Unknown  Unknown
libmpi.so.12.0.0   000006EDAE52A601  Unknown               Unknown  Unknown
libmpi.so.12.0.0   000006EDAE8B35A0  Unknown               Unknown  Unknown
libmpi.so.12.0.0   000006EDAE61B925  Unknown               Unknown  Unknown
libmpi.so.12.0.0   000006EDAE623DEF  Unknown               Unknown  Unknown
libmpi.so.12.0.0   000006EDAE2E9DB3  Unknown               Unknown  Unknown
libmpi.so.12.0.0   000006EDAE2EA19B  Unknown               Unknown  Unknown
libmpi.so.12.0.0   000006EDAE4799BB  Unknown               Unknown  Unknown
libmpi.so.12.0.0   000006EDAE45F789  Unknown               Unknown  Unknown
libmpi.so.12.0.0   000006EDAE578AE2  Unknown               Unknown  Unknown
libmpi.so.12.0.0   000006EDAE34664D  PMPI_Allreduce        Unknown  Unknown
libmpifort.so.12.  000006EDAFCE4B25  mpi_allreduce_        Unknown  Unknown
aims.240605.scala  0000000002A193FF  Unknown               Unknown  Unknown
aims.240605.scala  0000000002AE47EE  Unknown               Unknown  Unknown
aims.240605.scala  0000000000BFF826  Unknown               Unknown  Unknown
aims.240605.scala  0000000000769579  Unknown               Unknown  Unknown
aims.240605.scala  00000000007519C8  Unknown               Unknown  Unknown
aims.240605.scala  0000000000414B1B  Unknown               Unknown  Unknown
aims.240605.scala  0000000000413DE7  Unknown               Unknown  Unknown
aims.240605.scala  0000000000415B30  Unknown               Unknown  Unknown
aims.240605.scala  0000000000413DBD  Unknown               Unknown  Unknown
libc.so.6          000006EDAD829D90  Unknown               Unknown  Unknown
libc.so.6          000006EDAD829E40  __libc_start_main     Unknown  Unknown
aims.240605.scala  0000000000413CD5  Unknown               Unknown  Unknown
forrtl: error (78): process killed (SIGTERM)
Image              PC                Routine            Line        Source             
libc.so.6          0000081ABF042520  Unknown               Unknown  Unknown
libmpi.so.12.0.0   0000081AC011BDA1  Unknown               Unknown  Unknown
libmpi.so.12.0.0   0000081AC0113358  Unknown               Unknown  Unknown
libmpi.so.12.0.0   0000081ABFD2A396  Unknown               Unknown  Unknown
libmpi.so.12.0.0   0000081ABFD2A601  Unknown               Unknown  Unknown
libmpi.so.12.0.0   0000081AC00B35A0  Unknown               Unknown  Unknown
libmpi.so.12.0.0   0000081ABFE1B925  Unknown               Unknown  Unknown
libmpi.so.12.0.0   0000081ABFE23DEF  Unknown               Unknown  Unknown
libmpi.so.12.0.0   0000081ABFAE9DB3  Unknown               Unknown  Unknown
libmpi.so.12.0.0   0000081ABFAEA19B  Unknown               Unknown  Unknown
libmpi.so.12.0.0   0000081ABFC799BB  Unknown               Unknown  Unknown
libmpi.so.12.0.0   0000081ABFC5F789  Unknown               Unknown  Unknown
libmpi.so.12.0.0   0000081ABFD78AE2  Unknown               Unknown  Unknown
libmpi.so.12.0.0   0000081ABFB4664D  PMPI_Allreduce        Unknown  Unknown
libmpifort.so.12.  0000081AC14E4B25  mpi_allreduce_        Unknown  Unknown
aims.240605.scala  0000000002A193FF  Unknown               Unknown  Unknown
aims.240605.scala  0000000002AE47EE  Unknown               Unknown  Unknown
aims.240605.scala  0000000000BFF826  Unknown               Unknown  Unknown
aims.240605.scala  0000000000769579  Unknown               Unknown  Unknown
aims.240605.scala  00000000007519C8  Unknown               Unknown  Unknown
aims.240605.scala  0000000000414B1B  Unknown               Unknown  Unknown
aims.240605.scala  0000000000413DE7  Unknown               Unknown  Unknown
aims.240605.scala  0000000000415B30  Unknown               Unknown  Unknown
aims.240605.scala  0000000000413DBD  Unknown               Unknown  Unknown
libc.so.6          0000081ABF029D90  Unknown               Unknown  Unknown
libc.so.6          0000081ABF029E40  __libc_start_main     Unknown  Unknown
aims.240605.scala  0000000000413CD5  Unknown               Unknown  Unknown
forrtl: error (78): process killed (SIGTERM)
Image              PC                Routine            Line        Source             
libc.so.6          0000151233042520  Unknown               Unknown  Unknown
libc.so.6          0000151233125DEA  epoll_wait            Unknown  Unknown
libtcp-fi.so       0000151231218DFC  Unknown               Unknown  Unknown
libtcp-fi.so       0000151231216974  Unknown               Unknown  Unknown
libtcp-fi.so       000015123122DA82  Unknown               Unknown  Unknown
libtcp-fi.so       0000151231212B09  Unknown               Unknown  Unknown
libmpi.so.12.0.0   000015123400ED06  Unknown               Unknown  Unknown
libmpi.so.12.0.0   0000151233D2A357  Unknown               Unknown  Unknown
libmpi.so.12.0.0   0000151233D2A601  Unknown               Unknown  Unknown
libmpi.so.12.0.0   00001512340B35A0  Unknown               Unknown  Unknown
libmpi.so.12.0.0   0000151233E1B925  Unknown               Unknown  Unknown
libmpi.so.12.0.0   0000151233E23DEF  Unknown               Unknown  Unknown
libmpi.so.12.0.0   0000151233AE9DB3  Unknown               Unknown  Unknown
libmpi.so.12.0.0   0000151233AEA19B  Unknown               Unknown  Unknown
libmpi.so.12.0.0   0000151233C799BB  Unknown               Unknown  Unknown
libmpi.so.12.0.0   0000151233C5F789  Unknown               Unknown  Unknown
libmpi.so.12.0.0   0000151233D78AE2  Unknown               Unknown  Unknown
libmpi.so.12.0.0   0000151233B4664D  PMPI_Allreduce        Unknown  Unknown
libmpifort.so.12.  00001512354E4B25  mpi_allreduce_        Unknown  Unknown
aims.240605.scala  0000000002A193FF  Unknown               Unknown  Unknown
aims.240605.scala  0000000002AE47EE  Unknown               Unknown  Unknown
aims.240605.scala  0000000000BFF826  Unknown               Unknown  Unknown
aims.240605.scala  0000000000769579  Unknown               Unknown  Unknown
aims.240605.scala  00000000007519C8  Unknown               Unknown  Unknown
aims.240605.scala  0000000000414B1B  Unknown               Unknown  Unknown
aims.240605.scala  0000000000413DE7  Unknown               Unknown  Unknown
aims.240605.scala  0000000000415B30  Unknown               Unknown  Unknown
aims.240605.scala  0000000000413DBD  Unknown               Unknown  Unknown
libc.so.6          0000151233029D90  Unknown               Unknown  Unknown
libc.so.6          0000151233029E40  __libc_start_main     Unknown  Unknown
aims.240605.scala  0000000000413CD5  Unknown               Unknown  Unknown
forrtl: error (78): process killed (SIGTERM)
Image              PC                Routine            Line        Source             
libc.so.6          0000091CD2442520  Unknown               Unknown  Unknown
libc.so.6          0000091CD2525DEA  epoll_wait            Unknown  Unknown
libtcp-fi.so       0000091CD0618DFC  Unknown               Unknown  Unknown
libtcp-fi.so       0000091CD0616974  Unknown               Unknown  Unknown
libtcp-fi.so       0000091CD062DA82  Unknown               Unknown  Unknown
libtcp-fi.so       0000091CD0612B09  Unknown               Unknown  Unknown
libmpi.so.12.0.0   0000091CD340ED06  Unknown               Unknown  Unknown
libmpi.so.12.0.0   0000091CD312A357  Unknown               Unknown  Unknown
libmpi.so.12.0.0   0000091CD312A601  Unknown               Unknown  Unknown
libmpi.so.12.0.0   0000091CD34B35A0  Unknown               Unknown  Unknown
libmpi.so.12.0.0   0000091CD321B925  Unknown               Unknown  Unknown
libmpi.so.12.0.0   0000091CD3223DEF  Unknown               Unknown  Unknown
libmpi.so.12.0.0   0000091CD2EE9DB3  Unknown               Unknown  Unknown
libmpi.so.12.0.0   0000091CD2EEA19B  Unknown               Unknown  Unknown
libmpi.so.12.0.0   0000091CD30799BB  Unknown               Unknown  Unknown
libmpi.so.12.0.0   0000091CD305F789  Unknown               Unknown  Unknown
libmpi.so.12.0.0   0000091CD3178AE2  Unknown               Unknown  Unknown
libmpi.so.12.0.0   0000091CD2F4664D  PMPI_Allreduce        Unknown  Unknown
libmpifort.so.12.  0000091CD48E4B25  mpi_allreduce_        Unknown  Unknown
aims.240605.scala  0000000002A193FF  Unknown               Unknown  Unknown
aims.240605.scala  0000000002AE47EE  Unknown               Unknown  Unknown
aims.240605.scala  0000000000BFF826  Unknown               Unknown  Unknown
aims.240605.scala  0000000000769579  Unknown               Unknown  Unknown
aims.240605.scala  00000000007519C8  Unknown               Unknown  Unknown
aims.240605.scala  0000000000414B1B  Unknown               Unknown  Unknown
aims.240605.scala  0000000000413DE7  Unknown               Unknown  Unknown
aims.240605.scala  0000000000415B30  Unknown               Unknown  Unknown
aims.240605.scala  0000000000413DBD  Unknown               Unknown  Unknown
libc.so.6          0000091CD2429D90  Unknown               Unknown  Unknown
libc.so.6          0000091CD2429E40  __libc_start_main     Unknown  Unknown
aims.240605.scala  0000000000413CD5  Unknown               Unknown  Unknown
forrtl: error (78): process killed (SIGTERM)
Image              PC                Routine            Line        Source             
libc.so.6          000012D38AA42520  Unknown               Unknown  Unknown
libc.so.6          000012D38AB25DEA  epoll_wait            Unknown  Unknown
libtcp-fi.so       000012D388C18DFC  Unknown               Unknown  Unknown
libtcp-fi.so       000012D388C16974  Unknown               Unknown  Unknown
libtcp-fi.so       000012D388C2DA82  Unknown               Unknown  Unknown
libtcp-fi.so       000012D388C12B09  Unknown               Unknown  Unknown
libmpi.so.12.0.0   000012D38BA0ED06  Unknown               Unknown  Unknown
libmpi.so.12.0.0   000012D38B72A357  Unknown               Unknown  Unknown
libmpi.so.12.0.0   000012D38B72A601  Unknown               Unknown  Unknown
libmpi.so.12.0.0   000012D38BAB35A0  Unknown               Unknown  Unknown
libmpi.so.12.0.0   000012D38B81B925  Unknown               Unknown  Unknown
libmpi.so.12.0.0   000012D38B823DEF  Unknown               Unknown  Unknown
libmpi.so.12.0.0   000012D38B4E9DB3  Unknown               Unknown  Unknown
libmpi.so.12.0.0   000012D38B4EA19B  Unknown               Unknown  Unknown
libmpi.so.12.0.0   000012D38B6799BB  Unknown               Unknown  Unknown
libmpi.so.12.0.0   000012D38B65F789  Unknown               Unknown  Unknown
libmpi.so.12.0.0   000012D38B778AE2  Unknown               Unknown  Unknown
libmpi.so.12.0.0   000012D38B54664D  PMPI_Allreduce        Unknown  Unknown
libmpifort.so.12.  000012D38CEE4B25  mpi_allreduce_        Unknown  Unknown
aims.240605.scala  0000000002A193FF  Unknown               Unknown  Unknown
aims.240605.scala  0000000002AE47EE  Unknown               Unknown  Unknown
aims.240605.scala  0000000000BFF826  Unknown               Unknown  Unknown
aims.240605.scala  0000000000769579  Unknown               Unknown  Unknown
aims.240605.scala  00000000007519C8  Unknown               Unknown  Unknown
aims.240605.scala  0000000000414B1B  Unknown               Unknown  Unknown
aims.240605.scala  0000000000413DE7  Unknown               Unknown  Unknown
aims.240605.scala  0000000000415B30  Unknown               Unknown  Unknown
aims.240605.scala  0000000000413DBD  Unknown               Unknown  Unknown
libc.so.6          000012D38AA29D90  Unknown               Unknown  Unknown
libc.so.6          000012D38AA29E40  __libc_start_main     Unknown  Unknown
aims.240605.scala  0000000000413CD5  Unknown               Unknown  Unknown
forrtl: error (78): process killed (SIGTERM)
Image              PC                Routine            Line        Source             
libc.so.6          00000A1AA6842520  Unknown               Unknown  Unknown
libc.so.6          00000A1AA6925DEA  epoll_wait            Unknown  Unknown
libtcp-fi.so       00000A1AA4A18DFC  Unknown               Unknown  Unknown
libtcp-fi.so       00000A1AA4A16974  Unknown               Unknown  Unknown
libtcp-fi.so       00000A1AA4A2DA82  Unknown               Unknown  Unknown
libtcp-fi.so       00000A1AA4A12B09  Unknown               Unknown  Unknown
libmpi.so.12.0.0   00000A1AA780ED06  Unknown               Unknown  Unknown
libmpi.so.12.0.0   00000A1AA752A357  Unknown               Unknown  Unknown
libmpi.so.12.0.0   00000A1AA752A601  Unknown               Unknown  Unknown
libmpi.so.12.0.0   00000A1AA78B35A0  Unknown               Unknown  Unknown
libmpi.so.12.0.0   00000A1AA761B925  Unknown               Unknown  Unknown
libmpi.so.12.0.0   00000A1AA7623DEF  Unknown               Unknown  Unknown
libmpi.so.12.0.0   00000A1AA72E9DB3  Unknown               Unknown  Unknown
libmpi.so.12.0.0   00000A1AA72EA19B  Unknown               Unknown  Unknown
libmpi.so.12.0.0   00000A1AA74799BB  Unknown               Unknown  Unknown
libmpi.so.12.0.0   00000A1AA745F789  Unknown               Unknown  Unknown
libmpi.so.12.0.0   00000A1AA7578AE2  Unknown               Unknown  Unknown
libmpi.so.12.0.0   00000A1AA734664D  PMPI_Allreduce        Unknown  Unknown
libmpifort.so.12.  00000A1AA8CE4B25  mpi_allreduce_        Unknown  Unknown
aims.240605.scala  0000000002A193FF  Unknown               Unknown  Unknown
aims.240605.scala  0000000002AE47EE  Unknown               Unknown  Unknown
aims.240605.scala  0000000000BFF826  Unknown               Unknown  Unknown
aims.240605.scala  0000000000769579  Unknown               Unknown  Unknown
aims.240605.scala  00000000007519C8  Unknown               Unknown  Unknown
aims.240605.scala  0000000000414B1B  Unknown               Unknown  Unknown
aims.240605.scala  0000000000413DE7  Unknown               Unknown  Unknown
aims.240605.scala  0000000000415B30  Unknown               Unknown  Unknown
aims.240605.scala  0000000000413DBD  Unknown               Unknown  Unknown
libc.so.6          00000A1AA6829D90  Unknown               Unknown  Unknown
libc.so.6          00000A1AA6829E40  __libc_start_main     Unknown  Unknown
aims.240605.scala  0000000000413CD5  Unknown               Unknown  Unknown
forrtl: error (78): process killed (SIGTERM)
Image              PC                Routine            Line        Source             
libc.so.6          00000D3569642520  Unknown               Unknown  Unknown
libc.so.6          00000D3569725DEA  epoll_wait            Unknown  Unknown
libtcp-fi.so       00000D3567818DFC  Unknown               Unknown  Unknown
libtcp-fi.so       00000D3567816974  Unknown               Unknown  Unknown
libtcp-fi.so       00000D356782DA82  Unknown               Unknown  Unknown
libtcp-fi.so       00000D3567812B09  Unknown               Unknown  Unknown
libmpi.so.12.0.0   00000D356A60ED06  Unknown               Unknown  Unknown
libmpi.so.12.0.0   00000D356A32A357  Unknown               Unknown  Unknown
libmpi.so.12.0.0   00000D356A32A601  Unknown               Unknown  Unknown
libmpi.so.12.0.0   00000D356A6B35A0  Unknown               Unknown  Unknown
libmpi.so.12.0.0   00000D356A41B925  Unknown               Unknown  Unknown
libmpi.so.12.0.0   00000D356A423DEF  Unknown               Unknown  Unknown
libmpi.so.12.0.0   00000D356A0E9DB3  Unknown               Unknown  Unknown
libmpi.so.12.0.0   00000D356A0EA19B  Unknown               Unknown  Unknown
libmpi.so.12.0.0   00000D356A2799BB  Unknown               Unknown  Unknown
libmpi.so.12.0.0   00000D356A25F789  Unknown               Unknown  Unknown
libmpi.so.12.0.0   00000D356A378AE2  Unknown               Unknown  Unknown
libmpi.so.12.0.0   00000D356A14664D  PMPI_Allreduce        Unknown  Unknown
libmpifort.so.12.  00000D356BAE4B25  mpi_allreduce_        Unknown  Unknown
aims.240605.scala  0000000002A193FF  Unknown               Unknown  Unknown
aims.240605.scala  0000000002AE47EE  Unknown               Unknown  Unknown
aims.240605.scala  0000000000BFF826  Unknown               Unknown  Unknown
aims.240605.scala  0000000000769579  Unknown               Unknown  Unknown
aims.240605.scala  00000000007519C8  Unknown               Unknown  Unknown
aims.240605.scala  0000000000414B1B  Unknown               Unknown  Unknown
aims.240605.scala  0000000000413DE7  Unknown               Unknown  Unknown
aims.240605.scala  0000000000415B30  Unknown               Unknown  Unknown
aims.240605.scala  0000000000413DBD  Unknown               Unknown  Unknown
libc.so.6          00000D3569629D90  Unknown               Unknown  Unknown
libc.so.6          00000D3569629E40  __libc_start_main     Unknown  Unknown
aims.240605.scala  0000000000413CD5  Unknown               Unknown  Unknown
forrtl: error (78): process killed (SIGTERM)
Image              PC                Routine            Line        Source             
libc.so.6          00000810FEA42520  Unknown               Unknown  Unknown
libc.so.6          00000810FEB25DEA  epoll_wait            Unknown  Unknown
libtcp-fi.so       00000810FCC18DFC  Unknown               Unknown  Unknown
libtcp-fi.so       00000810FCC16974  Unknown               Unknown  Unknown
libtcp-fi.so       00000810FCC2DA82  Unknown               Unknown  Unknown
libtcp-fi.so       00000810FCC12B09  Unknown               Unknown  Unknown
libmpi.so.12.0.0   00000810FFA0ED06  Unknown               Unknown  Unknown
libmpi.so.12.0.0   00000810FF72A357  Unknown               Unknown  Unknown
libmpi.so.12.0.0   00000810FF72A601  Unknown               Unknown  Unknown
libmpi.so.12.0.0   00000810FFAB35A0  Unknown               Unknown  Unknown
libmpi.so.12.0.0   00000810FF81B925  Unknown               Unknown  Unknown
libmpi.so.12.0.0   00000810FF823DEF  Unknown               Unknown  Unknown
libmpi.so.12.0.0   00000810FF4E9DB3  Unknown               Unknown  Unknown
libmpi.so.12.0.0   00000810FF4EA19B  Unknown               Unknown  Unknown
libmpi.so.12.0.0   00000810FF6799BB  Unknown               Unknown  Unknown
libmpi.so.12.0.0   00000810FF65F789  Unknown               Unknown  Unknown
libmpi.so.12.0.0   00000810FF778AE2  Unknown               Unknown  Unknown
libmpi.so.12.0.0   00000810FF54664D  PMPI_Allreduce        Unknown  Unknown
libmpifort.so.12.  0000081100EE4B25  mpi_allreduce_        Unknown  Unknown
aims.240605.scala  0000000002A193FF  Unknown               Unknown  Unknown
aims.240605.scala  0000000002AE47EE  Unknown               Unknown  Unknown
aims.240605.scala  0000000000BFF826  Unknown               Unknown  Unknown
aims.240605.scala  0000000000769579  Unknown               Unknown  Unknown
aims.240605.scala  00000000007519C8  Unknown               Unknown  Unknown
aims.240605.scala  0000000000414B1B  Unknown               Unknown  Unknown
aims.240605.scala  0000000000413DE7  Unknown               Unknown  Unknown
aims.240605.scala  0000000000415B30  Unknown               Unknown  Unknown
aims.240605.scala  0000000000413DBD  Unknown               Unknown  Unknown
libc.so.6          00000810FEA29D90  Unknown               Unknown  Unknown
libc.so.6          00000810FEA29E40  __libc_start_main     Unknown  Unknown
aims.240605.scala  0000000000413CD5  Unknown               Unknown  Unknown
forrtl: error (78): process killed (SIGTERM)
Image              PC                Routine            Line        Source             
libc.so.6          00000A279DE42520  Unknown               Unknown  Unknown
libc.so.6          00000A279DF25DEA  epoll_wait            Unknown  Unknown
libtcp-fi.so       00000A279C018DFC  Unknown               Unknown  Unknown
libtcp-fi.so       00000A279C016974  Unknown               Unknown  Unknown
libtcp-fi.so       00000A279C02DA82  Unknown               Unknown  Unknown
libtcp-fi.so       00000A279C012B09  Unknown               Unknown  Unknown
libmpi.so.12.0.0   00000A279EE0ED06  Unknown               Unknown  Unknown
libmpi.so.12.0.0   00000A279EB2A357  Unknown               Unknown  Unknown
libmpi.so.12.0.0   00000A279EB2A601  Unknown               Unknown  Unknown
libmpi.so.12.0.0   00000A279EEB35A0  Unknown               Unknown  Unknown
libmpi.so.12.0.0   00000A279EC1B925  Unknown               Unknown  Unknown
libmpi.so.12.0.0   00000A279EC23DEF  Unknown               Unknown  Unknown
libmpi.so.12.0.0   00000A279E8E9DB3  Unknown               Unknown  Unknown
libmpi.so.12.0.0   00000A279E8EA19B  Unknown               Unknown  Unknown
libmpi.so.12.0.0   00000A279EA799BB  Unknown               Unknown  Unknown
libmpi.so.12.0.0   00000A279EA5F789  Unknown               Unknown  Unknown
libmpi.so.12.0.0   00000A279EB78AE2  Unknown               Unknown  Unknown
libmpi.so.12.0.0   00000A279E94664D  PMPI_Allreduce        Unknown  Unknown
libmpifort.so.12.  00000A27A02E4B25  mpi_allreduce_        Unknown  Unknown
aims.240605.scala  0000000002A193FF  Unknown               Unknown  Unknown
aims.240605.scala  0000000002AE47EE  Unknown               Unknown  Unknown
aims.240605.scala  0000000000BFF826  Unknown               Unknown  Unknown
aims.240605.scala  0000000000769579  Unknown               Unknown  Unknown
aims.240605.scala  00000000007519C8  Unknown               Unknown  Unknown
aims.240605.scala  0000000000414B1B  Unknown               Unknown  Unknown
aims.240605.scala  0000000000413DE7  Unknown               Unknown  Unknown
aims.240605.scala  0000000000415B30  Unknown               Unknown  Unknown
aims.240605.scala  0000000000413DBD  Unknown               Unknown  Unknown
libc.so.6          00000A279DE29D90  Unknown               Unknown  Unknown
libc.so.6          00000A279DE29E40  __libc_start_main     Unknown  Unknown
aims.240605.scala  0000000000413CD5  Unknown               Unknown  Unknown
srun: got SIGCONT
srun: forcing job termination
