srun: Job step aborted: Waiting up to 32 seconds for job step to finish.
slurmstepd-localhost: error: *** JOB 610 ON localhost CANCELLED AT 2024-11-11T16:09:50 DUE TO TIME LIMIT ***
slurmstepd-localhost: error: *** STEP 610.0 ON localhost CANCELLED AT 2024-11-11T16:09:50 DUE TO TIME LIMIT ***
forrtl: error (78): process killed (SIGTERM)
Image              PC                Routine            Line        Source             
No errorforrtl: error (78): process killed (SIGTERM)
Image              PC                Routine            Line        Source             
No errorforrtl: error (78): process killed (SIGTERM)
Image              PC                Routine            Line        Source             
No errorforrtl: error (78): process killed (SIGTERM)
No errorforrtl: error (78): process killed (SIGTERM)
No errorforrtl: error (78): process killed (SIGTERM)
Image              PC                Routine            Line        Source             
No errorforrtl: error (78): process killed (SIGTERM)
Image              PC                Routine            Line        Source             
No errorforrtl: error (78): process killed (SIGTERM)
No errorforrtl: error (78): process killed (SIGTERM)
Image              PC                Routine            Line        Source             
No errorforrtl: error (78): process killed (SIGTERM)
Image              PC                Routine            Line        Source             
No errorforrtl: error (78): process killed (SIGTERM)
Image              PC                Routine            Line        Source             
No errorforrtl: error (78): process killed (SIGTERM)
Image              PC                Routine            Line        Source             
No errorforrtl: error (78): process killed (SIGTERM)
Image              PC                Routine            Line        Source             
libc.so.6          0000090E7E042520  Unknown               Unknown  Unknown
aims.240605.scala  0000000000BDBE50  Unknown               Unknown  Unknown
No errorforrtl: error (78): process killed (SIGTERM)
Image              PC                Routine            Line        Source             
libc.so.6          00000E7F78E42520  Unknown               Unknown  Unknown
libc.so.6          00000E7F78F25DEA  epoll_wait            Unknown  Unknown
libtcp-fi.so       00000E7F77018DFC  Unknown               Unknown  Unknown
libtcp-fi.so       00000E7F77016974  Unknown               Unknown  Unknown
libtcp-fi.so       00000E7F7702DA82  Unknown               Unknown  Unknown
libtcp-fi.so       00000E7F77012B09  Unknown               Unknown  Unknown
No errorforrtl: error (78): process killed (SIGTERM)
Image              PC                Routine            Line        Source             
libc.so.6          00000998F7E42520  Unknown               Unknown  Unknown
libc.so.6          00000998F7F25DEA  epoll_wait            Unknown  Unknown
libtcp-fi.so       00000998F6018DFC  Unknown               Unknown  Unknown
libtcp-fi.so       00000998F6016974  Unknown               Unknown  Unknown
libtcp-fi.so       00000998F602DA82  Unknown               Unknown  Unknown
libtcp-fi.so       00000998F6012B09  Unknown               Unknown  Unknown
No errorforrtl: error (78): process killed (SIGTERM)
Image              PC                Routine            Line        Source             
libc.so.6          000006D19C442520  Unknown               Unknown  Unknown
libc.so.6          000006D19C525DEA  epoll_wait            Unknown  Unknown
libtcp-fi.so       000006D19A618DFC  Unknown               Unknown  Unknown
libtcp-fi.so       000006D19A616974  Unknown               Unknown  Unknown
libtcp-fi.so       000006D19A62DA82  Unknown               Unknown  Unknown
libtcp-fi.so       000006D19A612B09  Unknown               Unknown  Unknown
libmpi.so.12.0.0   000006D19D40ED06  Unknown               Unknown  Unknown
No errorforrtl: error (78): process killed (SIGTERM)
Image              PC                Routine            Line        Source             
libc.so.6          00000B149B442520  Unknown               Unknown  Unknown
libc.so.6          00000B149B525DEA  epoll_wait            Unknown  Unknown
libtcp-fi.so       00000B1499618DFC  Unknown               Unknown  Unknown
libtcp-fi.so       00000B1499616974  Unknown               Unknown  Unknown
libtcp-fi.so       00000B149962DA82  Unknown               Unknown  Unknown
libtcp-fi.so       00000B1499612B09  Unknown               Unknown  Unknown
libmpi.so.12.0.0   00000B149C40ED06  Unknown               Unknown  Unknown
No errorforrtl: error (78): process killed (SIGTERM)
Image              PC                Routine            Line        Source             
libc.so.6          00000E8EE7A42520  Unknown               Unknown  Unknown
libc.so.6          00000E8EE7B25DEA  epoll_wait            Unknown  Unknown
libtcp-fi.so       00000E8EE5C18DFC  Unknown               Unknown  Unknown
libtcp-fi.so       00000E8EE5C16974  Unknown               Unknown  Unknown
libtcp-fi.so       00000E8EE5C2DA82  Unknown               Unknown  Unknown
libtcp-fi.so       00000E8EE5C12B09  Unknown               Unknown  Unknown
libmpi.so.12.0.0   00000E8EE8A0ED06  Unknown               Unknown  Unknown
No errorforrtl: error (78): process killed (SIGTERM)
Image              PC                Routine            Line        Source             
libc.so.6          00000DCC27642520  Unknown               Unknown  Unknown
libc.so.6          00000DCC27725DEA  epoll_wait            Unknown  Unknown
libtcp-fi.so       00000DCC25818DFC  Unknown               Unknown  Unknown
libtcp-fi.so       00000DCC25816974  Unknown               Unknown  Unknown
libtcp-fi.so       00000DCC2582DA82  Unknown               Unknown  Unknown
libtcp-fi.so       00000DCC25812B09  Unknown               Unknown  Unknown
libmpi.so.12.0.0   00000DCC2860ED06  Unknown               Unknown  Unknown
No errorforrtl: error (78): process killed (SIGTERM)
Image              PC                Routine            Line        Source             
libc.so.6          0000105581042520  Unknown               Unknown  Unknown
libc.so.6          0000105581125DEA  epoll_wait            Unknown  Unknown
libtcp-fi.so       000010557F218DFC  Unknown               Unknown  Unknown
libtcp-fi.so       000010557F216974  Unknown               Unknown  Unknown
libtcp-fi.so       000010557F22DA82  Unknown               Unknown  Unknown
libtcp-fi.so       000010557F212B09  Unknown               Unknown  Unknown
libmpi.so.12.0.0   000010558200ED06  Unknown               Unknown  Unknown
No errorforrtl: error (78): process killed (SIGTERM)
Image              PC                Routine            Line        Source             
libc.so.6          00000661D4442520  Unknown               Unknown  Unknown
libc.so.6          00000661D4525DEA  epoll_wait            Unknown  Unknown
libtcp-fi.so       00000661D2618DFC  Unknown               Unknown  Unknown
libtcp-fi.so       00000661D2616974  Unknown               Unknown  Unknown
libtcp-fi.so       00000661D262DA82  Unknown               Unknown  Unknown
libtcp-fi.so       00000661D2612B09  Unknown               Unknown  Unknown
libmpi.so.12.0.0   00000661D540ED06  Unknown               Unknown  Unknown
libmpi.so.12.0.0   00000661D512A357  Unknown               Unknown  Unknown
No errorforrtl: error (78): process killed (SIGTERM)
Image              PC                Routine            Line        Source             
libc.so.6          000011D78FE42520  Unknown               Unknown  Unknown
libc.so.6          000011D78FF25DEA  epoll_wait            Unknown  Unknown
libtcp-fi.so       000011D78E018DFC  Unknown               Unknown  Unknown
libtcp-fi.so       000011D78E016974  Unknown               Unknown  Unknown
libtcp-fi.so       000011D78E02DA82  Unknown               Unknown  Unknown
libtcp-fi.so       000011D78E012B09  Unknown               Unknown  Unknown
libmpi.so.12.0.0   000011D790E0ED06  Unknown               Unknown  Unknown
libmpi.so.12.0.0   000011D790B2A357  Unknown               Unknown  Unknown
libmpi.so.12.0.0   000011D790B2A601  Unknown               Unknown  Unknown
No errorforrtl: error (78): process killed (SIGTERM)
Image              PC                Routine            Line        Source             
libc.so.6          00000763BB442520  Unknown               Unknown  Unknown
libc.so.6          00000763BB525DEA  epoll_wait            Unknown  Unknown
libtcp-fi.so       00000763B9618DFC  Unknown               Unknown  Unknown
libtcp-fi.so       00000763B9616974  Unknown               Unknown  Unknown
libtcp-fi.so       00000763B962DA82  Unknown               Unknown  Unknown
libtcp-fi.so       00000763B9612B09  Unknown               Unknown  Unknown
libmpi.so.12.0.0   00000763BC40ED06  Unknown               Unknown  Unknown
libmpi.so.12.0.0   00000763BC12A357  Unknown               Unknown  Unknown
libmpi.so.12.0.0   00000763BC12A601  Unknown               Unknown  Unknown
No errorforrtl: error (78): process killed (SIGTERM)
Image              PC                Routine            Line        Source             
libc.so.6          0000135562442520  Unknown               Unknown  Unknown
libc.so.6          0000135562525DEA  epoll_wait            Unknown  Unknown
libtcp-fi.so       0000135560618DFC  Unknown               Unknown  Unknown
libtcp-fi.so       0000135560616974  Unknown               Unknown  Unknown
libtcp-fi.so       000013556062DA82  Unknown               Unknown  Unknown
libtcp-fi.so       0000135560612B09  Unknown               Unknown  Unknown
libmpi.so.12.0.0   000013556340ED06  Unknown               Unknown  Unknown
libmpi.so.12.0.0   000013556312A357  Unknown               Unknown  Unknown
libmpi.so.12.0.0   000013556312A601  Unknown               Unknown  Unknown
No errorforrtl: error (78): process killed (SIGTERM)
Image              PC                Routine            Line        Source             
libc.so.6          000013C7C8042520  Unknown               Unknown  Unknown
libc.so.6          000013C7C8125DEA  epoll_wait            Unknown  Unknown
libtcp-fi.so       000013C7C6218DFC  Unknown               Unknown  Unknown
libtcp-fi.so       000013C7C6216974  Unknown               Unknown  Unknown
libtcp-fi.so       000013C7C622DA82  Unknown               Unknown  Unknown
libtcp-fi.so       000013C7C6212B09  Unknown               Unknown  Unknown
libmpi.so.12.0.0   000013C7C900ED06  Unknown               Unknown  Unknown
libmpi.so.12.0.0   000013C7C8D2A357  Unknown               Unknown  Unknown
libmpi.so.12.0.0   000013C7C8D2A601  Unknown               Unknown  Unknown
No errorforrtl: error (78): process killed (SIGTERM)
Image              PC                Routine            Line        Source             
libc.so.6          00001114B8E42520  Unknown               Unknown  Unknown
libc.so.6          00001114B8F25DEA  epoll_wait            Unknown  Unknown
libtcp-fi.so       00001114B7018DFC  Unknown               Unknown  Unknown
libtcp-fi.so       00001114B7016974  Unknown               Unknown  Unknown
libtcp-fi.so       00001114B702DA82  Unknown               Unknown  Unknown
libtcp-fi.so       00001114B7012B09  Unknown               Unknown  Unknown
libmpi.so.12.0.0   00001114B9E0ED06  Unknown               Unknown  Unknown
libmpi.so.12.0.0   00001114B9B2A357  Unknown               Unknown  Unknown
libmpi.so.12.0.0   00001114B9B2A601  Unknown               Unknown  Unknown
libmpi.so.12.0.0   00001114B9EB35A0  Unknown               Unknown  Unknown
No errorforrtl: error (78): process killed (SIGTERM)
Image              PC                Routine            Line        Source             
libc.so.6          000007A29E642520  Unknown               Unknown  Unknown
libc.so.6          000007A29E725DEA  epoll_wait            Unknown  Unknown
libtcp-fi.so       000007A29C818DFC  Unknown               Unknown  Unknown
libtcp-fi.so       000007A29C816974  Unknown               Unknown  Unknown
libtcp-fi.so       000007A29C82DA82  Unknown               Unknown  Unknown
libtcp-fi.so       000007A29C812B09  Unknown               Unknown  Unknown
libmpi.so.12.0.0   000007A29F60ED06  Unknown               Unknown  Unknown
libmpi.so.12.0.0   000007A29F32A357  Unknown               Unknown  Unknown
libmpi.so.12.0.0   000007A29F32A601  Unknown               Unknown  Unknown
libmpi.so.12.0.0   000007A29F6B35A0  Unknown               Unknown  Unknown
No errorforrtl: error (78): process killed (SIGTERM)
Image              PC                Routine            Line        Source             
libc.so.6          000012712C242520  Unknown               Unknown  Unknown
libc.so.6          000012712C325DEA  epoll_wait            Unknown  Unknown
libtcp-fi.so       000012712A418DFC  Unknown               Unknown  Unknown
libtcp-fi.so       000012712A416974  Unknown               Unknown  Unknown
libtcp-fi.so       000012712A42DA82  Unknown               Unknown  Unknown
libtcp-fi.so       000012712A412B09  Unknown               Unknown  Unknown
libmpi.so.12.0.0   000012712D20ED06  Unknown               Unknown  Unknown
libmpi.so.12.0.0   000012712CF2A357  Unknown               Unknown  Unknown
libmpi.so.12.0.0   000012712CF2A601  Unknown               Unknown  Unknown
libmpi.so.12.0.0   000012712D2B35A0  Unknown               Unknown  Unknown
No errorforrtl: error (78): process killed (SIGTERM)
Image              PC                Routine            Line        Source             
libc.so.6          000011D027642520  Unknown               Unknown  Unknown
libc.so.6          000011D027725DEA  epoll_wait            Unknown  Unknown
libtcp-fi.so       000011D025818DFC  Unknown               Unknown  Unknown
libtcp-fi.so       000011D025816974  Unknown               Unknown  Unknown
libtcp-fi.so       000011D02582DA82  Unknown               Unknown  Unknown
libtcp-fi.so       000011D025812B09  Unknown               Unknown  Unknown
libmpi.so.12.0.0   000011D02860ED06  Unknown               Unknown  Unknown
libmpi.so.12.0.0   000011D02832A357  Unknown               Unknown  Unknown
libmpi.so.12.0.0   000011D02832A601  Unknown               Unknown  Unknown
No errorforrtl: error (78): process killed (SIGTERM)
Image              PC                Routine            Line        Source             
libc.so.6          00000D1943642520  Unknown               Unknown  Unknown
libc.so.6          00000D1943725DEA  epoll_wait            Unknown  Unknown
libtcp-fi.so       00000D1941818DFC  Unknown               Unknown  Unknown
libtcp-fi.so       00000D1941816974  Unknown               Unknown  Unknown
libtcp-fi.so       00000D194182DA82  Unknown               Unknown  Unknown
libtcp-fi.so       00000D1941812B09  Unknown               Unknown  Unknown
libmpi.so.12.0.0   00000D194460ED06  Unknown               Unknown  Unknown
libmpi.so.12.0.0   00000D194432A357  Unknown               Unknown  Unknown
libmpi.so.12.0.0   00000D194432A601  Unknown               Unknown  Unknown
No errorforrtl: error (78): process killed (SIGTERM)
Image              PC                Routine            Line        Source             
libc.so.6          00000C8982242520  Unknown               Unknown  Unknown
libc.so.6          00000C8982325DEA  epoll_wait            Unknown  Unknown
libtcp-fi.so       00000C8980418DFC  Unknown               Unknown  Unknown
libtcp-fi.so       00000C8980416974  Unknown               Unknown  Unknown
libtcp-fi.so       00000C898042DA82  Unknown               Unknown  Unknown
libtcp-fi.so       00000C8980412B09  Unknown               Unknown  Unknown
libmpi.so.12.0.0   00000C898320ED06  Unknown               Unknown  Unknown
libmpi.so.12.0.0   00000C8982F2A357  Unknown               Unknown  Unknown
libmpi.so.12.0.0   00000C8982F2A601  Unknown               Unknown  Unknown
libmpi.so.12.0.0   00000C89832B35A0  Unknown               Unknown  Unknown
No errorforrtl: error (78): process killed (SIGTERM)
Image              PC                Routine            Line        Source             
libc.so.6          00000810BBE42520  Unknown               Unknown  Unknown
libc.so.6          00000810BBF25DEA  epoll_wait            Unknown  Unknown
libtcp-fi.so       00000810BA018DFC  Unknown               Unknown  Unknown
libtcp-fi.so       00000810BA016974  Unknown               Unknown  Unknown
libtcp-fi.so       00000810BA02DA82  Unknown               Unknown  Unknown
libtcp-fi.so       00000810BA012B09  Unknown               Unknown  Unknown
libmpi.so.12.0.0   00000810BCE0ED06  Unknown               Unknown  Unknown
libmpi.so.12.0.0   00000810BCB2A357  Unknown               Unknown  Unknown
libmpi.so.12.0.0   00000810BCB2A601  Unknown               Unknown  Unknown
libmpi.so.12.0.0   00000810BCEB35A0  Unknown               Unknown  Unknown
No errorforrtl: error (78): process killed (SIGTERM)
Image              PC                Routine            Line        Source             
libc.so.6          00000B53B7642520  Unknown               Unknown  Unknown
libc.so.6          00000B53B7725DEA  epoll_wait            Unknown  Unknown
libtcp-fi.so       00000B53B5818DFC  Unknown               Unknown  Unknown
libtcp-fi.so       00000B53B5816974  Unknown               Unknown  Unknown
libtcp-fi.so       00000B53B582DA82  Unknown               Unknown  Unknown
libtcp-fi.so       00000B53B5812B09  Unknown               Unknown  Unknown
libmpi.so.12.0.0   00000B53B860ED06  Unknown               Unknown  Unknown
libmpi.so.12.0.0   00000B53B832A357  Unknown               Unknown  Unknown
libmpi.so.12.0.0   00000B53B832A601  Unknown               Unknown  Unknown
libmpi.so.12.0.0   00000B53B86B35A0  Unknown               Unknown  Unknown
No errorforrtl: error (78): process killed (SIGTERM)
Image              PC                Routine            Line        Source             
libc.so.6          000012C518242520  Unknown               Unknown  Unknown
libc.so.6          000012C518325DEA  epoll_wait            Unknown  Unknown
libtcp-fi.so       000012C516418DFC  Unknown               Unknown  Unknown
libtcp-fi.so       000012C516416974  Unknown               Unknown  Unknown
libtcp-fi.so       000012C51642DA82  Unknown               Unknown  Unknown
libtcp-fi.so       000012C516412B09  Unknown               Unknown  Unknown
libmpi.so.12.0.0   000012C51920ED06  Unknown               Unknown  Unknown
libmpi.so.12.0.0   000012C518F2A357  Unknown               Unknown  Unknown
libmpi.so.12.0.0   000012C518F2A601  Unknown               Unknown  Unknown
libmpi.so.12.0.0   000012C5192B35A0  Unknown               Unknown  Unknown
No errorforrtl: error (78): process killed (SIGTERM)
Image              PC                Routine            Line        Source             
libc.so.6          0000056A28E42520  Unknown               Unknown  Unknown
libc.so.6          0000056A28F25DEA  epoll_wait            Unknown  Unknown
libtcp-fi.so       0000056A27018DFC  Unknown               Unknown  Unknown
libtcp-fi.so       0000056A27016974  Unknown               Unknown  Unknown
libtcp-fi.so       0000056A2702DA82  Unknown               Unknown  Unknown
libtcp-fi.so       0000056A27012B09  Unknown               Unknown  Unknown
libmpi.so.12.0.0   0000056A29E0ED06  Unknown               Unknown  Unknown
libmpi.so.12.0.0   0000056A29B2A357  Unknown               Unknown  Unknown
libmpi.so.12.0.0   0000056A29B2A601  Unknown               Unknown  Unknown
libmpi.so.12.0.0   0000056A29EB35A0  Unknown               Unknown  Unknown
No errorforrtl: error (78): process killed (SIGTERM)
Image              PC                Routine            Line        Source             
libc.so.6          00001438FB642520  Unknown               Unknown  Unknown
libc.so.6          00001438FB725DEA  epoll_wait            Unknown  Unknown
libtcp-fi.so       00001438F9818DFC  Unknown               Unknown  Unknown
libtcp-fi.so       00001438F9816974  Unknown               Unknown  Unknown
libtcp-fi.so       00001438F982DA82  Unknown               Unknown  Unknown
libtcp-fi.so       00001438F9812B09  Unknown               Unknown  Unknown
libmpi.so.12.0.0   00001438FC60ED06  Unknown               Unknown  Unknown
libmpi.so.12.0.0   00001438FC32A357  Unknown               Unknown  Unknown
libmpi.so.12.0.0   00001438FC32A601  Unknown               Unknown  Unknown
libmpi.so.12.0.0   00001438FC6B35A0  Unknown               Unknown  Unknown
libmpi.so.12.0.0   00001438FC41B925  Unknown               Unknown  Unknown
libmpi.so.12.0.0   00001438FC423DEF  Unknown               Unknown  Unknown
libmpi.so.12.0.0   00001438FC0E9DB3  Unknown               Unknown  Unknown
libmpi.so.12.0.0   00001438FC0EA19B  Unknown               Unknown  Unknown
No errorforrtl: error (78): process killed (SIGTERM)
Image              PC                Routine            Line        Source             
libc.so.6          000013593AE42520  Unknown               Unknown  Unknown
libc.so.6          000013593AF25DEA  epoll_wait            Unknown  Unknown
libtcp-fi.so       0000135939018DFC  Unknown               Unknown  Unknown
libtcp-fi.so       0000135939016974  Unknown               Unknown  Unknown
libtcp-fi.so       000013593902DA82  Unknown               Unknown  Unknown
libtcp-fi.so       0000135939012B09  Unknown               Unknown  Unknown
libmpi.so.12.0.0   000013593BE0ED06  Unknown               Unknown  Unknown
libmpi.so.12.0.0   000013593BB2A357  Unknown               Unknown  Unknown
libmpi.so.12.0.0   000013593BB2A601  Unknown               Unknown  Unknown
libmpi.so.12.0.0   000013593BEB35A0  Unknown               Unknown  Unknown
libmpi.so.12.0.0   000013593BC1B925  Unknown               Unknown  Unknown
libmpi.so.12.0.0   000013593BC23DEF  Unknown               Unknown  Unknown
libmpi.so.12.0.0   000013593B8E9DB3  Unknown               Unknown  Unknown
libmpi.so.12.0.0   000013593B8EA19B  Unknown               Unknown  Unknown
No errorforrtl: error (78): process killed (SIGTERM)
Image              PC                Routine            Line        Source             
libc.so.6          00001438AE642520  Unknown               Unknown  Unknown
libc.so.6          00001438AE725DEA  epoll_wait            Unknown  Unknown
libtcp-fi.so       00001438AC818DFC  Unknown               Unknown  Unknown
libtcp-fi.so       00001438AC816974  Unknown               Unknown  Unknown
libtcp-fi.so       00001438AC82DA82  Unknown               Unknown  Unknown
libtcp-fi.so       00001438AC812B09  Unknown               Unknown  Unknown
libmpi.so.12.0.0   00001438AF60ED06  Unknown               Unknown  Unknown
libmpi.so.12.0.0   00001438AF32A357  Unknown               Unknown  Unknown
libmpi.so.12.0.0   00001438AF32A601  Unknown               Unknown  Unknown
libmpi.so.12.0.0   00001438AF6B35A0  Unknown               Unknown  Unknown
libmpi.so.12.0.0   00001438AF41B925  Unknown               Unknown  Unknown
libmpi.so.12.0.0   00001438AF423DEF  Unknown               Unknown  Unknown
libmpi.so.12.0.0   00001438AF0E9DB3  Unknown               Unknown  Unknown
libmpi.so.12.0.0   00001438AF0EA19B  Unknown               Unknown  Unknown
No errorforrtl: error (78): process killed (SIGTERM)
Image              PC                Routine            Line        Source             
libc.so.6          000006D3F6642520  Unknown               Unknown  Unknown
libc.so.6          000006D3F6725DEA  epoll_wait            Unknown  Unknown
libtcp-fi.so       000006D3F4818DFC  Unknown               Unknown  Unknown
libtcp-fi.so       000006D3F4816974  Unknown               Unknown  Unknown
libtcp-fi.so       000006D3F482DA82  Unknown               Unknown  Unknown
libtcp-fi.so       000006D3F4812B09  Unknown               Unknown  Unknown
libmpi.so.12.0.0   000006D3F760ED06  Unknown               Unknown  Unknown
libmpi.so.12.0.0   000006D3F732A357  Unknown               Unknown  Unknown
libmpi.so.12.0.0   000006D3F732A601  Unknown               Unknown  Unknown
libmpi.so.12.0.0   000006D3F76B35A0  Unknown               Unknown  Unknown
libmpi.so.12.0.0   000006D3F741B925  Unknown               Unknown  Unknown
libmpi.so.12.0.0   000006D3F7423DEF  Unknown               Unknown  Unknown
libmpi.so.12.0.0   000006D3F70E9DB3  Unknown               Unknown  Unknown
libmpi.so.12.0.0   000006D3F70EA19B  Unknown               Unknown  Unknown
No errorforrtl: error (78): process killed (SIGTERM)
Image              PC                Routine            Line        Source             
libc.so.6          00000714C4242520  Unknown               Unknown  Unknown
libc.so.6          00000714C4325DEA  epoll_wait            Unknown  Unknown
libtcp-fi.so       00000714C2418DFC  Unknown               Unknown  Unknown
libtcp-fi.so       00000714C2416974  Unknown               Unknown  Unknown
libtcp-fi.so       00000714C242DA82  Unknown               Unknown  Unknown
libtcp-fi.so       00000714C2412B09  Unknown               Unknown  Unknown
libmpi.so.12.0.0   00000714C520ED06  Unknown               Unknown  Unknown
libmpi.so.12.0.0   00000714C4F2A357  Unknown               Unknown  Unknown
libmpi.so.12.0.0   00000714C4F2A601  Unknown               Unknown  Unknown
libmpi.so.12.0.0   00000714C52B35A0  Unknown               Unknown  Unknown
libmpi.so.12.0.0   00000714C501B925  Unknown               Unknown  Unknown
libmpi.so.12.0.0   00000714C5023DEF  Unknown               Unknown  Unknown
libmpi.so.12.0.0   00000714C4CE9DB3  Unknown               Unknown  Unknown
libmpi.so.12.0.0   00000714C4CEA19B  Unknown               Unknown  Unknown
No errorforrtl: error (78): process killed (SIGTERM)
Image              PC                Routine            Line        Source             
libc.so.6          0000142E2B642520  Unknown               Unknown  Unknown
libc.so.6          0000142E2B725DEA  epoll_wait            Unknown  Unknown
libtcp-fi.so       0000142E29818DFC  Unknown               Unknown  Unknown
libtcp-fi.so       0000142E29816974  Unknown               Unknown  Unknown
libtcp-fi.so       0000142E2982DA82  Unknown               Unknown  Unknown
libtcp-fi.so       0000142E29812B09  Unknown               Unknown  Unknown
libmpi.so.12.0.0   0000142E2C60ED06  Unknown               Unknown  Unknown
libmpi.so.12.0.0   0000142E2C32A357  Unknown               Unknown  Unknown
libmpi.so.12.0.0   0000142E2C32A601  Unknown               Unknown  Unknown
libmpi.so.12.0.0   0000142E2C6B35A0  Unknown               Unknown  Unknown
libmpi.so.12.0.0   0000142E2C41B925  Unknown               Unknown  Unknown
libmpi.so.12.0.0   0000142E2C423DEF  Unknown               Unknown  Unknown
libmpi.so.12.0.0   0000142E2C0E9DB3  Unknown               Unknown  Unknown
libmpi.so.12.0.0   0000142E2C0EA19B  Unknown               Unknown  Unknown
No errorforrtl: error (78): process killed (SIGTERM)
Image              PC                Routine            Line        Source             
libc.so.6          0000106685042520  Unknown               Unknown  Unknown
libc.so.6          0000106685125DEA  epoll_wait            Unknown  Unknown
libtcp-fi.so       0000106683218DFC  Unknown               Unknown  Unknown
libtcp-fi.so       0000106683216974  Unknown               Unknown  Unknown
libtcp-fi.so       000010668322DA82  Unknown               Unknown  Unknown
libtcp-fi.so       0000106683212B09  Unknown               Unknown  Unknown
libmpi.so.12.0.0   000010668600ED06  Unknown               Unknown  Unknown
libmpi.so.12.0.0   0000106685D2A357  Unknown               Unknown  Unknown
libmpi.so.12.0.0   0000106685D2A601  Unknown               Unknown  Unknown
libmpi.so.12.0.0   00001066860B35A0  Unknown               Unknown  Unknown
libmpi.so.12.0.0   0000106685E1B925  Unknown               Unknown  Unknown
libmpi.so.12.0.0   0000106685E23DEF  Unknown               Unknown  Unknown
libmpi.so.12.0.0   0000106685AE9DB3  Unknown               Unknown  Unknown
libmpi.so.12.0.0   0000106685AEA19B  Unknown               Unknown  Unknown
No errorforrtl: error (78): process killed (SIGTERM)
Image              PC                Routine            Line        Source             
libc.so.6          000014A72F042520  Unknown               Unknown  Unknown
libc.so.6          000014A72F125DEA  epoll_wait            Unknown  Unknown
libtcp-fi.so       000014A72D218DFC  Unknown               Unknown  Unknown
libtcp-fi.so       000014A72D216974  Unknown               Unknown  Unknown
libtcp-fi.so       000014A72D22DA82  Unknown               Unknown  Unknown
libtcp-fi.so       000014A72D212B09  Unknown               Unknown  Unknown
libmpi.so.12.0.0   000014A73000ED06  Unknown               Unknown  Unknown
libmpi.so.12.0.0   000014A72FD2A357  Unknown               Unknown  Unknown
libmpi.so.12.0.0   000014A72FD2A601  Unknown               Unknown  Unknown
libmpi.so.12.0.0   000014A7300B35A0  Unknown               Unknown  Unknown
libmpi.so.12.0.0   000014A72FE1B925  Unknown               Unknown  Unknown
libmpi.so.12.0.0   000014A72FE23DEF  Unknown               Unknown  Unknown
libmpi.so.12.0.0   000014A72FAE9DB3  Unknown               Unknown  Unknown
libmpi.so.12.0.0   000014A72FAEA19B  Unknown               Unknown  Unknown
No errorforrtl: error (78): process killed (SIGTERM)
Image              PC                Routine            Line        Source             
libc.so.6          00000DFA70A42520  Unknown               Unknown  Unknown
libc.so.6          00000DFA70B25DEA  epoll_wait            Unknown  Unknown
libtcp-fi.so       00000DFA6EC18DFC  Unknown               Unknown  Unknown
libtcp-fi.so       00000DFA6EC16974  Unknown               Unknown  Unknown
libtcp-fi.so       00000DFA6EC2DA82  Unknown               Unknown  Unknown
libtcp-fi.so       00000DFA6EC12B09  Unknown               Unknown  Unknown
libmpi.so.12.0.0   00000DFA71A0ED06  Unknown               Unknown  Unknown
libmpi.so.12.0.0   00000DFA7172A357  Unknown               Unknown  Unknown
libmpi.so.12.0.0   00000DFA7172A601  Unknown               Unknown  Unknown
libmpi.so.12.0.0   00000DFA71AB35A0  Unknown               Unknown  Unknown
libmpi.so.12.0.0   00000DFA7181B925  Unknown               Unknown  Unknown
libmpi.so.12.0.0   00000DFA71823DEF  Unknown               Unknown  Unknown
libmpi.so.12.0.0   00000DFA714E9DB3  Unknown               Unknown  Unknown
libmpi.so.12.0.0   00000DFA714EA19B  Unknown               Unknown  Unknown
libmpi.so.12.0.0   00000DFA71670893  Unknown               Unknown  Unknown
libmpi.so.12.0.0   00000DFA7165F789  Unknown               Unknown  Unknown
libmpi.so.12.0.0   00000DFA71778AE2  Unknown               Unknown  Unknown
No errorforrtl: error (78): process killed (SIGTERM)
Image              PC                Routine            Line        Source             
libc.so.6          000014F97F842520  Unknown               Unknown  Unknown
libc.so.6          000014F97F925DEA  epoll_wait            Unknown  Unknown
libtcp-fi.so       000014F97DA18DFC  Unknown               Unknown  Unknown
libtcp-fi.so       000014F97DA16974  Unknown               Unknown  Unknown
libtcp-fi.so       000014F97DA2DA82  Unknown               Unknown  Unknown
libtcp-fi.so       000014F97DA12B09  Unknown               Unknown  Unknown
libmpi.so.12.0.0   000014F98080ED06  Unknown               Unknown  Unknown
libmpi.so.12.0.0   000014F98052A357  Unknown               Unknown  Unknown
libmpi.so.12.0.0   000014F98052A601  Unknown               Unknown  Unknown
libmpi.so.12.0.0   000014F9808B35A0  Unknown               Unknown  Unknown
libmpi.so.12.0.0   000014F98061B925  Unknown               Unknown  Unknown
libmpi.so.12.0.0   000014F980623DEF  Unknown               Unknown  Unknown
libmpi.so.12.0.0   000014F9802E9DB3  Unknown               Unknown  Unknown
libmpi.so.12.0.0   000014F9802EA19B  Unknown               Unknown  Unknown
libmpi.so.12.0.0   000014F980470893  Unknown               Unknown  Unknown
libmpi.so.12.0.0   000014F98045F789  Unknown               Unknown  Unknown
No errorforrtl: error (78): process killed (SIGTERM)
Image              PC                Routine            Line        Source             
libc.so.6          00000C1207042520  Unknown               Unknown  Unknown
libc.so.6          00000C1207125DEA  epoll_wait            Unknown  Unknown
libtcp-fi.so       00000C1205218DFC  Unknown               Unknown  Unknown
libtcp-fi.so       00000C1205216974  Unknown               Unknown  Unknown
libtcp-fi.so       00000C120522DA82  Unknown               Unknown  Unknown
libtcp-fi.so       00000C1205212B09  Unknown               Unknown  Unknown
libmpi.so.12.0.0   00000C120800ED06  Unknown               Unknown  Unknown
libmpi.so.12.0.0   00000C1207D2A357  Unknown               Unknown  Unknown
libmpi.so.12.0.0   00000C1207D2A601  Unknown               Unknown  Unknown
libmpi.so.12.0.0   00000C12080B35A0  Unknown               Unknown  Unknown
libmpi.so.12.0.0   00000C1207E1B925  Unknown               Unknown  Unknown
libmpi.so.12.0.0   00000C1207E23DEF  Unknown               Unknown  Unknown
libmpi.so.12.0.0   00000C1207AE9DB3  Unknown               Unknown  Unknown
libmpi.so.12.0.0   00000C1207AEA19B  Unknown               Unknown  Unknown
libmpi.so.12.0.0   00000C1207C70893  Unknown               Unknown  Unknown
libmpi.so.12.0.0   00000C1207C5F789  Unknown               Unknown  Unknown
libmpi.so.12.0.0   00000C1207D78AE2  Unknown               Unknown  Unknown
libmpi.so.12.0.0   00000C1207B4664D  PMPI_Allreduce        Unknown  Unknown
No errorforrtl: error (78): process killed (SIGTERM)
Image              PC                Routine            Line        Source             
libc.so.6          00000D4D5CA42520  Unknown               Unknown  Unknown
libc.so.6          00000D4D5CB25DEA  epoll_wait            Unknown  Unknown
libtcp-fi.so       00000D4D5AC18DFC  Unknown               Unknown  Unknown
libtcp-fi.so       00000D4D5AC16974  Unknown               Unknown  Unknown
libtcp-fi.so       00000D4D5AC2DA82  Unknown               Unknown  Unknown
libtcp-fi.so       00000D4D5AC12B09  Unknown               Unknown  Unknown
libmpi.so.12.0.0   00000D4D5DA0ED06  Unknown               Unknown  Unknown
libmpi.so.12.0.0   00000D4D5D72A357  Unknown               Unknown  Unknown
libmpi.so.12.0.0   00000D4D5D72A601  Unknown               Unknown  Unknown
libmpi.so.12.0.0   00000D4D5DAB35A0  Unknown               Unknown  Unknown
libmpi.so.12.0.0   00000D4D5D81B925  Unknown               Unknown  Unknown
libmpi.so.12.0.0   00000D4D5D823DEF  Unknown               Unknown  Unknown
libmpi.so.12.0.0   00000D4D5D4E9DB3  Unknown               Unknown  Unknown
libmpi.so.12.0.0   00000D4D5D4EA19B  Unknown               Unknown  Unknown
libmpi.so.12.0.0   00000D4D5D670893  Unknown               Unknown  Unknown
libmpi.so.12.0.0   00000D4D5D65F789  Unknown               Unknown  Unknown
libmpi.so.12.0.0   00000D4D5D778AE2  Unknown               Unknown  Unknown
libmpi.so.12.0.0   00000D4D5D54664D  PMPI_Allreduce        Unknown  Unknown
No errorforrtl: error (78): process killed (SIGTERM)
Image              PC                Routine            Line        Source             
libc.so.6          000006CA53242520  Unknown               Unknown  Unknown
libc.so.6          000006CA53325DEA  epoll_wait            Unknown  Unknown
libtcp-fi.so       000006CA51418DFC  Unknown               Unknown  Unknown
libtcp-fi.so       000006CA51416974  Unknown               Unknown  Unknown
libtcp-fi.so       000006CA5142DA82  Unknown               Unknown  Unknown
libtcp-fi.so       000006CA51412B09  Unknown               Unknown  Unknown
libmpi.so.12.0.0   000006CA5420ED06  Unknown               Unknown  Unknown
libmpi.so.12.0.0   000006CA53F2A357  Unknown               Unknown  Unknown
libmpi.so.12.0.0   000006CA53F2A601  Unknown               Unknown  Unknown
libmpi.so.12.0.0   000006CA542B35A0  Unknown               Unknown  Unknown
libmpi.so.12.0.0   000006CA5401B925  Unknown               Unknown  Unknown
libmpi.so.12.0.0   000006CA54023DEF  Unknown               Unknown  Unknown
libmpi.so.12.0.0   000006CA53CE9DB3  Unknown               Unknown  Unknown
libmpi.so.12.0.0   000006CA53CEA19B  Unknown               Unknown  Unknown
libmpi.so.12.0.0   000006CA53E70893  Unknown               Unknown  Unknown
libmpi.so.12.0.0   000006CA53E5F789  Unknown               Unknown  Unknown
No errorforrtl: error (78): process killed (SIGTERM)
Image              PC                Routine            Line        Source             
libc.so.6          0000082268042520  Unknown               Unknown  Unknown
libc.so.6          0000082268125DEA  epoll_wait            Unknown  Unknown
libtcp-fi.so       0000082266218DFC  Unknown               Unknown  Unknown
libtcp-fi.so       0000082266216974  Unknown               Unknown  Unknown
libtcp-fi.so       000008226622DA82  Unknown               Unknown  Unknown
libtcp-fi.so       0000082266212B09  Unknown               Unknown  Unknown
libmpi.so.12.0.0   000008226900ED06  Unknown               Unknown  Unknown
libmpi.so.12.0.0   0000082268D2A357  Unknown               Unknown  Unknown
libmpi.so.12.0.0   0000082268D2A601  Unknown               Unknown  Unknown
libmpi.so.12.0.0   00000822690B35A0  Unknown               Unknown  Unknown
libmpi.so.12.0.0   0000082268E1B925  Unknown               Unknown  Unknown
libmpi.so.12.0.0   0000082268E23DEF  Unknown               Unknown  Unknown
libmpi.so.12.0.0   0000082268AE9DB3  Unknown               Unknown  Unknown
libmpi.so.12.0.0   0000082268AEA19B  Unknown               Unknown  Unknown
libmpi.so.12.0.0   0000082268C70893  Unknown               Unknown  Unknown
libmpi.so.12.0.0   0000082268C5F789  Unknown               Unknown  Unknown
No errorforrtl: error (78): process killed (SIGTERM)
Image              PC                Routine            Line        Source             
libc.so.6          00001237D3C42520  Unknown               Unknown  Unknown
libc.so.6          00001237D3D25DEA  epoll_wait            Unknown  Unknown
libtcp-fi.so       00001237D1E18DFC  Unknown               Unknown  Unknown
libtcp-fi.so       00001237D1E16974  Unknown               Unknown  Unknown
libtcp-fi.so       00001237D1E2DA82  Unknown               Unknown  Unknown
libtcp-fi.so       00001237D1E12B09  Unknown               Unknown  Unknown
libmpi.so.12.0.0   00001237D4C0ED06  Unknown               Unknown  Unknown
libmpi.so.12.0.0   00001237D492A357  Unknown               Unknown  Unknown
libmpi.so.12.0.0   00001237D492A601  Unknown               Unknown  Unknown
libmpi.so.12.0.0   00001237D4CB35A0  Unknown               Unknown  Unknown
libmpi.so.12.0.0   00001237D4A1B925  Unknown               Unknown  Unknown
libmpi.so.12.0.0   00001237D4A23DEF  Unknown               Unknown  Unknown
libmpi.so.12.0.0   00001237D46E9DB3  Unknown               Unknown  Unknown
libmpi.so.12.0.0   00001237D46EA19B  Unknown               Unknown  Unknown
libmpi.so.12.0.0   00001237D4870893  Unknown               Unknown  Unknown
libmpi.so.12.0.0   00001237D485F789  Unknown               Unknown  Unknown
No errorforrtl: error (78): process killed (SIGTERM)
Image              PC                Routine            Line        Source             
libc.so.6          0000113CCD242520  Unknown               Unknown  Unknown
libc.so.6          0000113CCD325DEA  epoll_wait            Unknown  Unknown
libtcp-fi.so       0000113CCB418DFC  Unknown               Unknown  Unknown
libtcp-fi.so       0000113CCB416974  Unknown               Unknown  Unknown
libtcp-fi.so       0000113CCB42DA82  Unknown               Unknown  Unknown
libtcp-fi.so       0000113CCB412B09  Unknown               Unknown  Unknown
libmpi.so.12.0.0   0000113CCE20ED06  Unknown               Unknown  Unknown
libmpi.so.12.0.0   0000113CCDF2A357  Unknown               Unknown  Unknown
libmpi.so.12.0.0   0000113CCDF2A601  Unknown               Unknown  Unknown
libmpi.so.12.0.0   0000113CCE2B35A0  Unknown               Unknown  Unknown
libmpi.so.12.0.0   0000113CCE01B925  Unknown               Unknown  Unknown
libmpi.so.12.0.0   0000113CCE023DEF  Unknown               Unknown  Unknown
libmpi.so.12.0.0   0000113CCDCE9DB3  Unknown               Unknown  Unknown
libmpi.so.12.0.0   0000113CCDCEA19B  Unknown               Unknown  Unknown
libmpi.so.12.0.0   0000113CCDE70893  Unknown               Unknown  Unknown
libmpi.so.12.0.0   0000113CCDE5F789  Unknown               Unknown  Unknown
libmpi.so.12.0.0   0000113CCDF78AE2  Unknown               Unknown  Unknown
libmpi.so.12.0.0   0000113CCDD4664D  PMPI_Allreduce        Unknown  Unknown
No errorforrtl: error (78): process killed (SIGTERM)
Image              PC                Routine            Line        Source             
libc.so.6          000013C120842520  Unknown               Unknown  Unknown
libc.so.6          000013C120925DEA  epoll_wait            Unknown  Unknown
libtcp-fi.so       000013C11EA18DFC  Unknown               Unknown  Unknown
libtcp-fi.so       000013C11EA16974  Unknown               Unknown  Unknown
libtcp-fi.so       000013C11EA2DA82  Unknown               Unknown  Unknown
libtcp-fi.so       000013C11EA12B09  Unknown               Unknown  Unknown
libmpi.so.12.0.0   000013C12180ED06  Unknown               Unknown  Unknown
libmpi.so.12.0.0   000013C12152A357  Unknown               Unknown  Unknown
libmpi.so.12.0.0   000013C12152A601  Unknown               Unknown  Unknown
libmpi.so.12.0.0   000013C1218B35A0  Unknown               Unknown  Unknown
libmpi.so.12.0.0   000013C12161B925  Unknown               Unknown  Unknown
libmpi.so.12.0.0   000013C121623DEF  Unknown               Unknown  Unknown
libmpi.so.12.0.0   000013C1212E9DB3  Unknown               Unknown  Unknown
libmpi.so.12.0.0   000013C1212EA19B  Unknown               Unknown  Unknown
libmpi.so.12.0.0   000013C121470893  Unknown               Unknown  Unknown
libmpi.so.12.0.0   000013C12145F789  Unknown               Unknown  Unknown
libmpi.so.12.0.0   000013C121578AE2  Unknown               Unknown  Unknown
No errorforrtl: error (78): process killed (SIGTERM)
Image              PC                Routine            Line        Source             
libc.so.6          000012DE83842520  Unknown               Unknown  Unknown
libc.so.6          000012DE83925DEA  epoll_wait            Unknown  Unknown
libtcp-fi.so       000012DE81A18DFC  Unknown               Unknown  Unknown
libtcp-fi.so       000012DE81A16974  Unknown               Unknown  Unknown
libtcp-fi.so       000012DE81A2DA82  Unknown               Unknown  Unknown
libtcp-fi.so       000012DE81A12B09  Unknown               Unknown  Unknown
libmpi.so.12.0.0   000012DE8480ED06  Unknown               Unknown  Unknown
libmpi.so.12.0.0   000012DE8452A357  Unknown               Unknown  Unknown
libmpi.so.12.0.0   000012DE8452A601  Unknown               Unknown  Unknown
libmpi.so.12.0.0   000012DE848B35A0  Unknown               Unknown  Unknown
libmpi.so.12.0.0   000012DE8461B925  Unknown               Unknown  Unknown
libmpi.so.12.0.0   000012DE84623DEF  Unknown               Unknown  Unknown
libmpi.so.12.0.0   000012DE842E9DB3  Unknown               Unknown  Unknown
libmpi.so.12.0.0   000012DE842EA19B  Unknown               Unknown  Unknown
libmpi.so.12.0.0   000012DE84470893  Unknown               Unknown  Unknown
libmpi.so.12.0.0   000012DE8445F789  Unknown               Unknown  Unknown
libmpi.so.12.0.0   000012DE84578AE2  Unknown               Unknown  Unknown
libmpi.so.12.0.0   000012DE8434664D  PMPI_Allreduce        Unknown  Unknown
No errorforrtl: error (78): process killed (SIGTERM)
Image              PC                Routine            Line        Source             
libc.so.6          00000A1228E42520  Unknown               Unknown  Unknown
libc.so.6          00000A1228F25DEA  epoll_wait            Unknown  Unknown
libtcp-fi.so       00000A1227018DFC  Unknown               Unknown  Unknown
libtcp-fi.so       00000A1227016974  Unknown               Unknown  Unknown
libtcp-fi.so       00000A122702DA82  Unknown               Unknown  Unknown
libtcp-fi.so       00000A1227012B09  Unknown               Unknown  Unknown
libmpi.so.12.0.0   00000A1229E0ED06  Unknown               Unknown  Unknown
libmpi.so.12.0.0   00000A1229B2A357  Unknown               Unknown  Unknown
libmpi.so.12.0.0   00000A1229B2A601  Unknown               Unknown  Unknown
libmpi.so.12.0.0   00000A1229EB35A0  Unknown               Unknown  Unknown
libmpi.so.12.0.0   00000A1229C1B925  Unknown               Unknown  Unknown
libmpi.so.12.0.0   00000A1229C23DEF  Unknown               Unknown  Unknown
libmpi.so.12.0.0   00000A12298E9DB3  Unknown               Unknown  Unknown
libmpi.so.12.0.0   00000A12298EA19B  Unknown               Unknown  Unknown
libmpi.so.12.0.0   00000A1229A70893  Unknown               Unknown  Unknown
libmpi.so.12.0.0   00000A1229A5F789  Unknown               Unknown  Unknown
libmpi.so.12.0.0   00000A1229B78AE2  Unknown               Unknown  Unknown
No errorforrtl: error (78): process killed (SIGTERM)
Image              PC                Routine            Line        Source             
libc.so.6          000014EF9FC42520  Unknown               Unknown  Unknown
libc.so.6          000014EF9FD25DEA  epoll_wait            Unknown  Unknown
libtcp-fi.so       000014EF9DE18DFC  Unknown               Unknown  Unknown
libtcp-fi.so       000014EF9DE16974  Unknown               Unknown  Unknown
libtcp-fi.so       000014EF9DE2DA82  Unknown               Unknown  Unknown
libtcp-fi.so       000014EF9DE12B09  Unknown               Unknown  Unknown
libmpi.so.12.0.0   000014EFA0C0ED06  Unknown               Unknown  Unknown
libmpi.so.12.0.0   000014EFA092A357  Unknown               Unknown  Unknown
libmpi.so.12.0.0   000014EFA092A601  Unknown               Unknown  Unknown
libmpi.so.12.0.0   000014EFA0CB35A0  Unknown               Unknown  Unknown
libmpi.so.12.0.0   000014EFA0A1B925  Unknown               Unknown  Unknown
libmpi.so.12.0.0   000014EFA0A23DEF  Unknown               Unknown  Unknown
libmpi.so.12.0.0   000014EFA06E9DB3  Unknown               Unknown  Unknown
libmpi.so.12.0.0   000014EFA06EA19B  Unknown               Unknown  Unknown
libmpi.so.12.0.0   000014EFA0870893  Unknown               Unknown  Unknown
libmpi.so.12.0.0   000014EFA085F789  Unknown               Unknown  Unknown
libmpi.so.12.0.0   000014EFA0978AE2  Unknown               Unknown  Unknown
libmpi.so.12.0.0   000014EFA074664D  PMPI_Allreduce        Unknown  Unknown
No errorforrtl: error (78): process killed (SIGTERM)
Image              PC                Routine            Line        Source             
libc.so.6          0000059D9F242520  Unknown               Unknown  Unknown
libc.so.6          0000059D9F325DEA  epoll_wait            Unknown  Unknown
libtcp-fi.so       0000059D9D418DFC  Unknown               Unknown  Unknown
libtcp-fi.so       0000059D9D416974  Unknown               Unknown  Unknown
libtcp-fi.so       0000059D9D42DA82  Unknown               Unknown  Unknown
libtcp-fi.so       0000059D9D412B09  Unknown               Unknown  Unknown
libmpi.so.12.0.0   0000059DA020ED06  Unknown               Unknown  Unknown
libmpi.so.12.0.0   0000059D9FF2A357  Unknown               Unknown  Unknown
libmpi.so.12.0.0   0000059D9FF2A601  Unknown               Unknown  Unknown
libmpi.so.12.0.0   0000059DA02B35A0  Unknown               Unknown  Unknown
libmpi.so.12.0.0   0000059DA001B925  Unknown               Unknown  Unknown
libmpi.so.12.0.0   0000059DA0023DEF  Unknown               Unknown  Unknown
libmpi.so.12.0.0   0000059D9FCE9DB3  Unknown               Unknown  Unknown
libmpi.so.12.0.0   0000059D9FCEA19B  Unknown               Unknown  Unknown
libmpi.so.12.0.0   0000059D9FE70893  Unknown               Unknown  Unknown
libmpi.so.12.0.0   0000059D9FE5F789  Unknown               Unknown  Unknown
libmpi.so.12.0.0   0000059D9FF78AE2  Unknown               Unknown  Unknown
libmpi.so.12.0.0   0000059D9FD4664D  PMPI_Allreduce        Unknown  Unknown
No errorforrtl: error (78): process killed (SIGTERM)
Image              PC                Routine            Line        Source             
libc.so.6          0000124884642520  Unknown               Unknown  Unknown
libc.so.6          0000124884725DEA  epoll_wait            Unknown  Unknown
libtcp-fi.so       0000124882818DFC  Unknown               Unknown  Unknown
libtcp-fi.so       0000124882816974  Unknown               Unknown  Unknown
libtcp-fi.so       000012488282DA82  Unknown               Unknown  Unknown
libtcp-fi.so       0000124882812B09  Unknown               Unknown  Unknown
libmpi.so.12.0.0   000012488560ED06  Unknown               Unknown  Unknown
libmpi.so.12.0.0   000012488532A357  Unknown               Unknown  Unknown
libmpi.so.12.0.0   000012488532A601  Unknown               Unknown  Unknown
libmpi.so.12.0.0   00001248856B35A0  Unknown               Unknown  Unknown
libmpi.so.12.0.0   000012488541B925  Unknown               Unknown  Unknown
libmpi.so.12.0.0   0000124885423DEF  Unknown               Unknown  Unknown
libmpi.so.12.0.0   00001248850E9DB3  Unknown               Unknown  Unknown
libmpi.so.12.0.0   00001248850EA19B  Unknown               Unknown  Unknown
libmpi.so.12.0.0   0000124885270893  Unknown               Unknown  Unknown
libmpi.so.12.0.0   000012488525F789  Unknown               Unknown  Unknown
libmpi.so.12.0.0   0000124885378AE2  Unknown               Unknown  Unknown
libmpi.so.12.0.0   000012488514664D  PMPI_Allreduce        Unknown  Unknown
No errorforrtl: error (78): process killed (SIGTERM)
Image              PC                Routine            Line        Source             
libc.so.6          0000147BCB042520  Unknown               Unknown  Unknown
libc.so.6          0000147BCB125DEA  epoll_wait            Unknown  Unknown
libtcp-fi.so       0000147BC9218DFC  Unknown               Unknown  Unknown
libtcp-fi.so       0000147BC9216974  Unknown               Unknown  Unknown
libtcp-fi.so       0000147BC922DA82  Unknown               Unknown  Unknown
libtcp-fi.so       0000147BC9212B09  Unknown               Unknown  Unknown
libmpi.so.12.0.0   0000147BCC00ED06  Unknown               Unknown  Unknown
libmpi.so.12.0.0   0000147BCBD2A357  Unknown               Unknown  Unknown
libmpi.so.12.0.0   0000147BCBD2A601  Unknown               Unknown  Unknown
libmpi.so.12.0.0   0000147BCC0B35A0  Unknown               Unknown  Unknown
libmpi.so.12.0.0   0000147BCBE1B925  Unknown               Unknown  Unknown
libmpi.so.12.0.0   0000147BCBE23DEF  Unknown               Unknown  Unknown
libmpi.so.12.0.0   0000147BCBAE9DB3  Unknown               Unknown  Unknown
libmpi.so.12.0.0   0000147BCBAEA19B  Unknown               Unknown  Unknown
libmpi.so.12.0.0   0000147BCBC70893  Unknown               Unknown  Unknown
libmpi.so.12.0.0   0000147BCBC5F789  Unknown               Unknown  Unknown
libmpi.so.12.0.0   0000147BCBD78AE2  Unknown               Unknown  Unknown
libmpi.so.12.0.0   0000147BCBB4664D  PMPI_Allreduce        Unknown  Unknown
No errorforrtl: error (78): process killed (SIGTERM)
Image              PC                Routine            Line        Source             
libc.so.6          0000079866E42520  Unknown               Unknown  Unknown
libc.so.6          0000079866F25DEA  epoll_wait            Unknown  Unknown
libtcp-fi.so       0000079865018DFC  Unknown               Unknown  Unknown
libtcp-fi.so       0000079865016974  Unknown               Unknown  Unknown
libtcp-fi.so       000007986502DA82  Unknown               Unknown  Unknown
libtcp-fi.so       0000079865012B09  Unknown               Unknown  Unknown
libmpi.so.12.0.0   0000079867E0ED06  Unknown               Unknown  Unknown
libmpi.so.12.0.0   0000079867B2A357  Unknown               Unknown  Unknown
libmpi.so.12.0.0   0000079867B2A601  Unknown               Unknown  Unknown
libmpi.so.12.0.0   0000079867EB35A0  Unknown               Unknown  Unknown
libmpi.so.12.0.0   0000079867C1B925  Unknown               Unknown  Unknown
libmpi.so.12.0.0   0000079867C23DEF  Unknown               Unknown  Unknown
libmpi.so.12.0.0   00000798678E9DB3  Unknown               Unknown  Unknown
libmpi.so.12.0.0   00000798678EA19B  Unknown               Unknown  Unknown
libmpi.so.12.0.0   0000079867A70893  Unknown               Unknown  Unknown
libmpi.so.12.0.0   0000079867A5F789  Unknown               Unknown  Unknown
libmpi.so.12.0.0   0000079867B78AE2  Unknown               Unknown  Unknown
libmpi.so.12.0.0   000007986794664D  PMPI_Allreduce        Unknown  Unknown
No errorforrtl: error (78): process killed (SIGTERM)
Image              PC                Routine            Line        Source             
libc.so.6          00000A3257A42520  Unknown               Unknown  Unknown
libc.so.6          00000A3257B25DEA  epoll_wait            Unknown  Unknown
libtcp-fi.so       00000A3255C18DFC  Unknown               Unknown  Unknown
libtcp-fi.so       00000A3255C16974  Unknown               Unknown  Unknown
libtcp-fi.so       00000A3255C2DA82  Unknown               Unknown  Unknown
libtcp-fi.so       00000A3255C12B09  Unknown               Unknown  Unknown
libmpi.so.12.0.0   00000A3258A0ED06  Unknown               Unknown  Unknown
libmpi.so.12.0.0   00000A325872A357  Unknown               Unknown  Unknown
libmpi.so.12.0.0   00000A325872A601  Unknown               Unknown  Unknown
libmpi.so.12.0.0   00000A3258AB35A0  Unknown               Unknown  Unknown
libmpi.so.12.0.0   00000A325881B925  Unknown               Unknown  Unknown
libmpi.so.12.0.0   00000A3258823DEF  Unknown               Unknown  Unknown
libmpi.so.12.0.0   00000A32584E9DB3  Unknown               Unknown  Unknown
libmpi.so.12.0.0   00000A32584EA19B  Unknown               Unknown  Unknown
libmpi.so.12.0.0   00000A3258670893  Unknown               Unknown  Unknown
libmpi.so.12.0.0   00000A325865F789  Unknown               Unknown  Unknown
libmpi.so.12.0.0   00000A3258778AE2  Unknown               Unknown  Unknown
libmpi.so.12.0.0   00000A325854664D  PMPI_Allreduce        Unknown  Unknown
libmpifort.so.12.  00000A3259EE4B25  mpi_allreduce_        Unknown  Unknown
No errorforrtl: error (78): process killed (SIGTERM)
Image              PC                Routine            Line        Source             
libc.so.6          00000881F6642520  Unknown               Unknown  Unknown
libc.so.6          00000881F6725DEA  epoll_wait            Unknown  Unknown
libtcp-fi.so       00000881F4818DFC  Unknown               Unknown  Unknown
libtcp-fi.so       00000881F4816974  Unknown               Unknown  Unknown
libtcp-fi.so       00000881F482DA82  Unknown               Unknown  Unknown
libtcp-fi.so       00000881F4812B09  Unknown               Unknown  Unknown
libmpi.so.12.0.0   00000881F760ED06  Unknown               Unknown  Unknown
libmpi.so.12.0.0   00000881F732A357  Unknown               Unknown  Unknown
libmpi.so.12.0.0   00000881F732A601  Unknown               Unknown  Unknown
libmpi.so.12.0.0   00000881F76B35A0  Unknown               Unknown  Unknown
libmpi.so.12.0.0   00000881F741B925  Unknown               Unknown  Unknown
libmpi.so.12.0.0   00000881F7423DEF  Unknown               Unknown  Unknown
libmpi.so.12.0.0   00000881F70E9DB3  Unknown               Unknown  Unknown
libmpi.so.12.0.0   00000881F70EA19B  Unknown               Unknown  Unknown
libmpi.so.12.0.0   00000881F7270893  Unknown               Unknown  Unknown
libmpi.so.12.0.0   00000881F725F789  Unknown               Unknown  Unknown
libmpi.so.12.0.0   00000881F7378AE2  Unknown               Unknown  Unknown
libmpi.so.12.0.0   00000881F714664D  PMPI_Allreduce        Unknown  Unknown
libmpifort.so.12.  00000881F8AE4B25  mpi_allreduce_        Unknown  Unknown
No errorforrtl: error (78): process killed (SIGTERM)
Image              PC                Routine            Line        Source             
libc.so.6          000013A8BA242520  Unknown               Unknown  Unknown
libc.so.6          000013A8BA325DEA  epoll_wait            Unknown  Unknown
libtcp-fi.so       000013A8B8418DFC  Unknown               Unknown  Unknown
libtcp-fi.so       000013A8B8416974  Unknown               Unknown  Unknown
libtcp-fi.so       000013A8B842DA82  Unknown               Unknown  Unknown
libtcp-fi.so       000013A8B8412B09  Unknown               Unknown  Unknown
libmpi.so.12.0.0   000013A8BB20ED06  Unknown               Unknown  Unknown
libmpi.so.12.0.0   000013A8BAF2A357  Unknown               Unknown  Unknown
libmpi.so.12.0.0   000013A8BAF2A601  Unknown               Unknown  Unknown
libmpi.so.12.0.0   000013A8BB2B35A0  Unknown               Unknown  Unknown
libmpi.so.12.0.0   000013A8BB01B925  Unknown               Unknown  Unknown
libmpi.so.12.0.0   000013A8BB023DEF  Unknown               Unknown  Unknown
libmpi.so.12.0.0   000013A8BACE9DB3  Unknown               Unknown  Unknown
libmpi.so.12.0.0   000013A8BACEA19B  Unknown               Unknown  Unknown
libmpi.so.12.0.0   000013A8BAE70893  Unknown               Unknown  Unknown
libmpi.so.12.0.0   000013A8BAE5F789  Unknown               Unknown  Unknown
libmpi.so.12.0.0   000013A8BAF78AE2  Unknown               Unknown  Unknown
libmpi.so.12.0.0   000013A8BAD4664D  PMPI_Allreduce        Unknown  Unknown
libmpifort.so.12.  000013A8BC6E4B25  mpi_allreduce_        Unknown  Unknown
No errorforrtl: error (78): process killed (SIGTERM)
Image              PC                Routine            Line        Source             
libc.so.6          0000134A4D242520  Unknown               Unknown  Unknown
No errorforrtl: error (78): process killed (SIGTERM)
Image              PC                Routine            Line        Source             
libc.so.6          00000BEBF4242520  Unknown               Unknown  Unknown
No errorsrun: got SIGCONT
srun: forcing job termination
