srun: Job step aborted: Waiting up to 32 seconds for job step to finish.
srun: got SIGCONT
slurmstepd-localhost: error: *** STEP 1669.0 ON localhost CANCELLED AT 2025-03-15T16:46:15 ***
forrtl: error (78): process killed (SIGTERM)
No errorforrtl: error (78): process killed (SIGTERM)
No errorforrtl: error (78): process killed (SIGTERM)
No errorforrtl: error (78): process killed (SIGTERM)
No errorforrtl: error (78): process killed (SIGTERM)
No errorforrtl: error (78): process killed (SIGTERM)
No errorslurmstepd-localhost: error: *** JOB 1669 ON localhost CANCELLED AT 2025-03-15T16:46:15 ***
forrtl: error (78): process killed (SIGTERM)
No errorforrtl: error (78): process killed (SIGTERM)
No errorforrtl: error (78): process killed (SIGTERM)
Image              PC                Routine            Line        Source             
libc.so.6          000005CC7C042520  Unknown               Unknown  Unknown
libmkl_def.so.2    000005C7DD9E39D7  Unknown               Unknown  Unknown
forrtl: error (78): process killed (SIGTERM)
Image              PC                Routine            Line        Source             
libc.so.6          00000A8F96C42520  Unknown               Unknown  Unknown
libmkl_def.so.2    00000A8AF865EF0B  mkl_blas_def_zgem     Unknown  Unknown
forrtl: error (78): process killed (SIGTERM)
Image              PC                Routine            Line        Source             
libc.so.6          00000F8254842520  Unknown               Unknown  Unknown
libmkl_def.so.2    00000F7DB625EF37  mkl_blas_def_zgem     Unknown  Unknown
forrtl: error (78): process killed (SIGTERM)
Image              PC                Routine            Line        Source             
libc.so.6          00000B8E13442520  Unknown               Unknown  Unknown
libmkl_def.so.2    00000B8974E5EF57  mkl_blas_def_zgem     Unknown  Unknown
forrtl: error (78): process killed (SIGTERM)
Image              PC                Routine            Line        Source             
libc.so.6          0000120EE6E42520  Unknown               Unknown  Unknown
libc.so.6          0000120EE6F25DEA  epoll_wait            Unknown  Unknown
libtcp-fi.so       0000120EE5018DFC  Unknown               Unknown  Unknown
libtcp-fi.so       0000120EE5016974  Unknown               Unknown  Unknown
libtcp-fi.so       0000120EE502DA82  Unknown               Unknown  Unknown
libtcp-fi.so       0000120EE5012B09  Unknown               Unknown  Unknown
libmpi.so.12.0.0   0000120EE7E0ED06  Unknown               Unknown  Unknown
libmpi.so.12.0.0   0000120EE7B2A357  Unknown               Unknown  Unknown
libmpi.so.12.0.0   0000120EE7B2A601  Unknown               Unknown  Unknown
libmpi.so.12.0.0   0000120EE7EB35A0  Unknown               Unknown  Unknown
libmpi.so.12.0.0   0000120EE78E7958  Unknown               Unknown  Unknown
libmpi.so.12.0.0   0000120EE7A7C62B  Unknown               Unknown  Unknown
libmpi.so.12.0.0   0000120EE7A5F789  Unknown               Unknown  Unknown
libmpi.so.12.0.0   0000120EE7B78AE2  Unknown               Unknown  Unknown
libmpi.so.12.0.0   0000120EE794664D  PMPI_Allreduce        Unknown  Unknown
libmpifort.so.12.  0000120EE92E4B25  mpi_allreduce_        Unknown  Unknown
aims.240605.scala  0000000002A193FF  Unknown               Unknown  Unknown
aims.240605.scala  0000000002AE47EE  Unknown               Unknown  Unknown
aims.240605.scala  0000000000BFF826  Unknown               Unknown  Unknown
aims.240605.scala  0000000000769579  Unknown               Unknown  Unknown
aims.240605.scala  00000000007519C8  Unknown               Unknown  Unknown
aims.240605.scala  0000000000414B1B  Unknown               Unknown  Unknown
aims.240605.scala  0000000000413DE7  Unknown               Unknown  Unknown
aims.240605.scala  0000000000415B30  Unknown               Unknown  Unknown
aims.240605.scala  0000000000413DBD  Unknown               Unknown  Unknown
libc.so.6          0000120EE6E29D90  Unknown               Unknown  Unknown
libc.so.6          0000120EE6E29E40  __libc_start_main     Unknown  Unknown
aims.240605.scala  0000000000413CD5  Unknown               Unknown  Unknown
forrtl: error (78): process killed (SIGTERM)
Image              PC                Routine            Line        Source             
libc.so.6          0000089AD5E42520  Unknown               Unknown  Unknown
libc.so.6          0000089AD5F25DEA  epoll_wait            Unknown  Unknown
libtcp-fi.so       0000089AD4018DFC  Unknown               Unknown  Unknown
libtcp-fi.so       0000089AD4016974  Unknown               Unknown  Unknown
libtcp-fi.so       0000089AD402DA82  Unknown               Unknown  Unknown
libtcp-fi.so       0000089AD4012B09  Unknown               Unknown  Unknown
libmpi.so.12.0.0   0000089AD6E0ED06  Unknown               Unknown  Unknown
libmpi.so.12.0.0   0000089AD6B2A357  Unknown               Unknown  Unknown
libmpi.so.12.0.0   0000089AD6B2A601  Unknown               Unknown  Unknown
libmpi.so.12.0.0   0000089AD6EB35A0  Unknown               Unknown  Unknown
libmpi.so.12.0.0   0000089AD68E7958  Unknown               Unknown  Unknown
libmpi.so.12.0.0   0000089AD6A7C62B  Unknown               Unknown  Unknown
libmpi.so.12.0.0   0000089AD6A5F789  Unknown               Unknown  Unknown
libmpi.so.12.0.0   0000089AD6B78AE2  Unknown               Unknown  Unknown
libmpi.so.12.0.0   0000089AD694664D  PMPI_Allreduce        Unknown  Unknown
libmpifort.so.12.  0000089AD82E4B25  mpi_allreduce_        Unknown  Unknown
aims.240605.scala  0000000002A193FF  Unknown               Unknown  Unknown
aims.240605.scala  0000000002AE47EE  Unknown               Unknown  Unknown
aims.240605.scala  0000000000BFF826  Unknown               Unknown  Unknown
aims.240605.scala  0000000000769579  Unknown               Unknown  Unknown
aims.240605.scala  00000000007519C8  Unknown               Unknown  Unknown
aims.240605.scala  0000000000414B1B  Unknown               Unknown  Unknown
aims.240605.scala  0000000000413DE7  Unknown               Unknown  Unknown
aims.240605.scala  0000000000415B30  Unknown               Unknown  Unknown
aims.240605.scala  0000000000413DBD  Unknown               Unknown  Unknown
libc.so.6          0000089AD5E29D90  Unknown               Unknown  Unknown
libc.so.6          0000089AD5E29E40  __libc_start_main     Unknown  Unknown
aims.240605.scala  0000000000413CD5  Unknown               Unknown  Unknown
forrtl: error (78): process killed (SIGTERM)
Image              PC                Routine            Line        Source             
libc.so.6          0000154E3C042520  Unknown               Unknown  Unknown
libc.so.6          0000154E3C125DEA  epoll_wait            Unknown  Unknown
libtcp-fi.so       0000154E3A218DFC  Unknown               Unknown  Unknown
libtcp-fi.so       0000154E3A216974  Unknown               Unknown  Unknown
libtcp-fi.so       0000154E3A22DA82  Unknown               Unknown  Unknown
libtcp-fi.so       0000154E3A212B09  Unknown               Unknown  Unknown
libmpi.so.12.0.0   0000154E3D00ED06  Unknown               Unknown  Unknown
libmpi.so.12.0.0   0000154E3CD2A357  Unknown               Unknown  Unknown
libmpi.so.12.0.0   0000154E3CD2A601  Unknown               Unknown  Unknown
libmpi.so.12.0.0   0000154E3D0B35A0  Unknown               Unknown  Unknown
libmpi.so.12.0.0   0000154E3CAE7958  Unknown               Unknown  Unknown
libmpi.so.12.0.0   0000154E3CC7C62B  Unknown               Unknown  Unknown
libmpi.so.12.0.0   0000154E3CC5F789  Unknown               Unknown  Unknown
libmpi.so.12.0.0   0000154E3CD78AE2  Unknown               Unknown  Unknown
libmpi.so.12.0.0   0000154E3CB4664D  PMPI_Allreduce        Unknown  Unknown
libmpifort.so.12.  0000154E3E4E4B25  mpi_allreduce_        Unknown  Unknown
aims.240605.scala  0000000002A193FF  Unknown               Unknown  Unknown
aims.240605.scala  0000000002AE47EE  Unknown               Unknown  Unknown
aims.240605.scala  0000000000BFF826  Unknown               Unknown  Unknown
aims.240605.scala  0000000000769579  Unknown               Unknown  Unknown
aims.240605.scala  00000000007519C8  Unknown               Unknown  Unknown
aims.240605.scala  0000000000414B1B  Unknown               Unknown  Unknown
aims.240605.scala  0000000000413DE7  Unknown               Unknown  Unknown
aims.240605.scala  0000000000415B30  Unknown               Unknown  Unknown
aims.240605.scala  0000000000413DBD  Unknown               Unknown  Unknown
libc.so.6          0000154E3C029D90  Unknown               Unknown  Unknown
libc.so.6          0000154E3C029E40  __libc_start_main     Unknown  Unknown
aims.240605.scala  0000000000413CD5  Unknown               Unknown  Unknown
forrtl: error (78): process killed (SIGTERM)
Image              PC                Routine            Line        Source             
libc.so.6          0000086F26842520  Unknown               Unknown  Unknown
libc.so.6          0000086F26925DEA  epoll_wait            Unknown  Unknown
libtcp-fi.so       0000086F24A18DFC  Unknown               Unknown  Unknown
libtcp-fi.so       0000086F24A16974  Unknown               Unknown  Unknown
libtcp-fi.so       0000086F24A2DA82  Unknown               Unknown  Unknown
libtcp-fi.so       0000086F24A12B09  Unknown               Unknown  Unknown
libmpi.so.12.0.0   0000086F2780ED06  Unknown               Unknown  Unknown
libmpi.so.12.0.0   0000086F2752A357  Unknown               Unknown  Unknown
libmpi.so.12.0.0   0000086F2752A601  Unknown               Unknown  Unknown
libmpi.so.12.0.0   0000086F278B35A0  Unknown               Unknown  Unknown
libmpi.so.12.0.0   0000086F272E7958  Unknown               Unknown  Unknown
libmpi.so.12.0.0   0000086F2747C62B  Unknown               Unknown  Unknown
libmpi.so.12.0.0   0000086F2745F789  Unknown               Unknown  Unknown
libmpi.so.12.0.0   0000086F27578AE2  Unknown               Unknown  Unknown
libmpi.so.12.0.0   0000086F2734664D  PMPI_Allreduce        Unknown  Unknown
libmpifort.so.12.  0000086F28CE4B25  mpi_allreduce_        Unknown  Unknown
aims.240605.scala  0000000002A193FF  Unknown               Unknown  Unknown
aims.240605.scala  0000000002AE47EE  Unknown               Unknown  Unknown
aims.240605.scala  0000000000BFF826  Unknown               Unknown  Unknown
aims.240605.scala  0000000000769579  Unknown               Unknown  Unknown
aims.240605.scala  00000000007519C8  Unknown               Unknown  Unknown
aims.240605.scala  0000000000414B1B  Unknown               Unknown  Unknown
aims.240605.scala  0000000000413DE7  Unknown               Unknown  Unknown
aims.240605.scala  0000000000415B30  Unknown               Unknown  Unknown
aims.240605.scala  0000000000413DBD  Unknown               Unknown  Unknown
libc.so.6          0000086F26829D90  Unknown               Unknown  Unknown
libc.so.6          0000086F26829E40  __libc_start_main     Unknown  Unknown
aims.240605.scala  0000000000413CD5  Unknown               Unknown  Unknown
forrtl: error (78): process killed (SIGTERM)
Image              PC                Routine            Line        Source             
libc.so.6          0000061541242520  Unknown               Unknown  Unknown
libc.so.6          0000061541325DEA  epoll_wait            Unknown  Unknown
libtcp-fi.so       000006153F418DFC  Unknown               Unknown  Unknown
libtcp-fi.so       000006153F416974  Unknown               Unknown  Unknown
libtcp-fi.so       000006153F42DA82  Unknown               Unknown  Unknown
libtcp-fi.so       000006153F412B09  Unknown               Unknown  Unknown
libmpi.so.12.0.0   000006154220ED06  Unknown               Unknown  Unknown
libmpi.so.12.0.0   0000061541F2A357  Unknown               Unknown  Unknown
libmpi.so.12.0.0   0000061541F2A601  Unknown               Unknown  Unknown
libmpi.so.12.0.0   00000615422B35A0  Unknown               Unknown  Unknown
libmpi.so.12.0.0   0000061541CE7958  Unknown               Unknown  Unknown
libmpi.so.12.0.0   0000061541E7C62B  Unknown               Unknown  Unknown
libmpi.so.12.0.0   0000061541E5F789  Unknown               Unknown  Unknown
libmpi.so.12.0.0   0000061541F78AE2  Unknown               Unknown  Unknown
libmpi.so.12.0.0   0000061541D4664D  PMPI_Allreduce        Unknown  Unknown
libmpifort.so.12.  00000615436E4B25  mpi_allreduce_        Unknown  Unknown
aims.240605.scala  0000000002A193FF  Unknown               Unknown  Unknown
aims.240605.scala  0000000002AE47EE  Unknown               Unknown  Unknown
aims.240605.scala  0000000000BFF826  Unknown               Unknown  Unknown
aims.240605.scala  0000000000769579  Unknown               Unknown  Unknown
aims.240605.scala  00000000007519C8  Unknown               Unknown  Unknown
aims.240605.scala  0000000000414B1B  Unknown               Unknown  Unknown
aims.240605.scala  0000000000413DE7  Unknown               Unknown  Unknown
aims.240605.scala  0000000000415B30  Unknown               Unknown  Unknown
aims.240605.scala  0000000000413DBD  Unknown               Unknown  Unknown
libc.so.6          0000061541229D90  Unknown               Unknown  Unknown
libc.so.6          0000061541229E40  __libc_start_main     Unknown  Unknown
aims.240605.scala  0000000000413CD5  Unknown               Unknown  Unknown
forrtl: error (78): process killed (SIGTERM)
Image              PC                Routine            Line        Source             
libc.so.6          0000094FB3642520  Unknown               Unknown  Unknown
libc.so.6          0000094FB3725DEA  epoll_wait            Unknown  Unknown
libtcp-fi.so       0000094FB1818DFC  Unknown               Unknown  Unknown
libtcp-fi.so       0000094FB1816974  Unknown               Unknown  Unknown
libtcp-fi.so       0000094FB182DA82  Unknown               Unknown  Unknown
libtcp-fi.so       0000094FB1812B09  Unknown               Unknown  Unknown
libmpi.so.12.0.0   0000094FB460ED06  Unknown               Unknown  Unknown
libmpi.so.12.0.0   0000094FB432A357  Unknown               Unknown  Unknown
libmpi.so.12.0.0   0000094FB432A601  Unknown               Unknown  Unknown
libmpi.so.12.0.0   0000094FB46B35A0  Unknown               Unknown  Unknown
libmpi.so.12.0.0   0000094FB40E7958  Unknown               Unknown  Unknown
libmpi.so.12.0.0   0000094FB427C62B  Unknown               Unknown  Unknown
libmpi.so.12.0.0   0000094FB425F789  Unknown               Unknown  Unknown
libmpi.so.12.0.0   0000094FB4378AE2  Unknown               Unknown  Unknown
libmpi.so.12.0.0   0000094FB414664D  PMPI_Allreduce        Unknown  Unknown
libmpifort.so.12.  0000094FB5AE4B25  mpi_allreduce_        Unknown  Unknown
aims.240605.scala  0000000002A193FF  Unknown               Unknown  Unknown
aims.240605.scala  0000000002AE47EE  Unknown               Unknown  Unknown
aims.240605.scala  0000000000BFF826  Unknown               Unknown  Unknown
aims.240605.scala  0000000000769579  Unknown               Unknown  Unknown
aims.240605.scala  00000000007519C8  Unknown               Unknown  Unknown
aims.240605.scala  0000000000414B1B  Unknown               Unknown  Unknown
aims.240605.scala  0000000000413DE7  Unknown               Unknown  Unknown
aims.240605.scala  0000000000415B30  Unknown               Unknown  Unknown
aims.240605.scala  0000000000413DBD  Unknown               Unknown  Unknown
libc.so.6          0000094FB3629D90  Unknown               Unknown  Unknown
libc.so.6          0000094FB3629E40  __libc_start_main     Unknown  Unknown
aims.240605.scala  0000000000413CD5  Unknown               Unknown  Unknown
forrtl: error (78): process killed (SIGTERM)
Image              PC                Routine            Line        Source             
libc.so.6          00000E4B4D242520  Unknown               Unknown  Unknown
libc.so.6          00000E4B4D325DEA  epoll_wait            Unknown  Unknown
libtcp-fi.so       00000E4B4B418DFC  Unknown               Unknown  Unknown
libtcp-fi.so       00000E4B4B416974  Unknown               Unknown  Unknown
libtcp-fi.so       00000E4B4B42DA82  Unknown               Unknown  Unknown
libtcp-fi.so       00000E4B4B412B09  Unknown               Unknown  Unknown
libmpi.so.12.0.0   00000E4B4E20ED06  Unknown               Unknown  Unknown
libmpi.so.12.0.0   00000E4B4DF2A357  Unknown               Unknown  Unknown
libmpi.so.12.0.0   00000E4B4DF2A601  Unknown               Unknown  Unknown
libmpi.so.12.0.0   00000E4B4E2B35A0  Unknown               Unknown  Unknown
libmpi.so.12.0.0   00000E4B4DCE7958  Unknown               Unknown  Unknown
libmpi.so.12.0.0   00000E4B4DE7C62B  Unknown               Unknown  Unknown
libmpi.so.12.0.0   00000E4B4DE5F789  Unknown               Unknown  Unknown
libmpi.so.12.0.0   00000E4B4DF78AE2  Unknown               Unknown  Unknown
libmpi.so.12.0.0   00000E4B4DD4664D  PMPI_Allreduce        Unknown  Unknown
libmpifort.so.12.  00000E4B4F6E4B25  mpi_allreduce_        Unknown  Unknown
aims.240605.scala  0000000002A193FF  Unknown               Unknown  Unknown
aims.240605.scala  0000000002AE47EE  Unknown               Unknown  Unknown
aims.240605.scala  0000000000BFF826  Unknown               Unknown  Unknown
aims.240605.scala  0000000000769579  Unknown               Unknown  Unknown
aims.240605.scala  00000000007519C8  Unknown               Unknown  Unknown
aims.240605.scala  0000000000414B1B  Unknown               Unknown  Unknown
aims.240605.scala  0000000000413DE7  Unknown               Unknown  Unknown
aims.240605.scala  0000000000415B30  Unknown               Unknown  Unknown
aims.240605.scala  0000000000413DBD  Unknown               Unknown  Unknown
libc.so.6          00000E4B4D229D90  Unknown               Unknown  Unknown
libc.so.6          00000E4B4D229E40  __libc_start_main     Unknown  Unknown
aims.240605.scala  0000000000413CD5  Unknown               Unknown  Unknown
forrtl: error (78): process killed (SIGTERM)
Image              PC                Routine            Line        Source             
libc.so.6          00000927C3E42520  Unknown               Unknown  Unknown
libc.so.6          00000927C3F25DEA  epoll_wait            Unknown  Unknown
libtcp-fi.so       00000927C2018DFC  Unknown               Unknown  Unknown
libtcp-fi.so       00000927C2016974  Unknown               Unknown  Unknown
libtcp-fi.so       00000927C202DA82  Unknown               Unknown  Unknown
libtcp-fi.so       00000927C2012B09  Unknown               Unknown  Unknown
libmpi.so.12.0.0   00000927C4E0ED06  Unknown               Unknown  Unknown
libmpi.so.12.0.0   00000927C4B2A357  Unknown               Unknown  Unknown
libmpi.so.12.0.0   00000927C4B2A601  Unknown               Unknown  Unknown
libmpi.so.12.0.0   00000927C4EB35A0  Unknown               Unknown  Unknown
libmpi.so.12.0.0   00000927C48E7958  Unknown               Unknown  Unknown
libmpi.so.12.0.0   00000927C4A7C62B  Unknown               Unknown  Unknown
libmpi.so.12.0.0   00000927C4A5F789  Unknown               Unknown  Unknown
libmpi.so.12.0.0   00000927C4B78AE2  Unknown               Unknown  Unknown
libmpi.so.12.0.0   00000927C494664D  PMPI_Allreduce        Unknown  Unknown
libmpifort.so.12.  00000927C62E4B25  mpi_allreduce_        Unknown  Unknown
aims.240605.scala  0000000002A193FF  Unknown               Unknown  Unknown
aims.240605.scala  0000000002AE47EE  Unknown               Unknown  Unknown
aims.240605.scala  0000000000BFF826  Unknown               Unknown  Unknown
aims.240605.scala  0000000000769579  Unknown               Unknown  Unknown
aims.240605.scala  00000000007519C8  Unknown               Unknown  Unknown
aims.240605.scala  0000000000414B1B  Unknown               Unknown  Unknown
aims.240605.scala  0000000000413DE7  Unknown               Unknown  Unknown
aims.240605.scala  0000000000415B30  Unknown               Unknown  Unknown
aims.240605.scala  0000000000413DBD  Unknown               Unknown  Unknown
libc.so.6          00000927C3E29D90  Unknown               Unknown  Unknown
libc.so.6          00000927C3E29E40  __libc_start_main     Unknown  Unknown
aims.240605.scala  0000000000413CD5  Unknown               Unknown  Unknown
forrtl: error (78): process killed (SIGTERM)
Image              PC                Routine            Line        Source             
libc.so.6          0000129273042520  Unknown               Unknown  Unknown
libmpi.so.12.0.0   000012927411BDA1  Unknown               Unknown  Unknown
libmpi.so.12.0.0   0000129274113358  Unknown               Unknown  Unknown
libmpi.so.12.0.0   0000129273D2A396  Unknown               Unknown  Unknown
libmpi.so.12.0.0   0000129273D2A601  Unknown               Unknown  Unknown
libmpi.so.12.0.0   00001292740B35A0  Unknown               Unknown  Unknown
libmpi.so.12.0.0   0000129273AE7958  Unknown               Unknown  Unknown
libmpi.so.12.0.0   0000129273C7C62B  Unknown               Unknown  Unknown
libmpi.so.12.0.0   0000129273C5F789  Unknown               Unknown  Unknown
libmpi.so.12.0.0   0000129273D78AE2  Unknown               Unknown  Unknown
libmpi.so.12.0.0   0000129273B4664D  PMPI_Allreduce        Unknown  Unknown
libmpifort.so.12.  00001292754E4B25  mpi_allreduce_        Unknown  Unknown
aims.240605.scala  0000000002A193FF  Unknown               Unknown  Unknown
aims.240605.scala  0000000002AE47EE  Unknown               Unknown  Unknown
aims.240605.scala  0000000000BFF826  Unknown               Unknown  Unknown
aims.240605.scala  0000000000769579  Unknown               Unknown  Unknown
aims.240605.scala  00000000007519C8  Unknown               Unknown  Unknown
aims.240605.scala  0000000000414B1B  Unknown               Unknown  Unknown
aims.240605.scala  0000000000413DE7  Unknown               Unknown  Unknown
aims.240605.scala  0000000000415B30  Unknown               Unknown  Unknown
aims.240605.scala  0000000000413DBD  Unknown               Unknown  Unknown
libc.so.6          0000129273029D90  Unknown               Unknown  Unknown
libc.so.6          0000129273029E40  __libc_start_main     Unknown  Unknown
aims.240605.scala  0000000000413CD5  Unknown               Unknown  Unknown
srun: forcing job termination
