srun: Job step aborted: Waiting up to 32 seconds for job step to finish.
slurmstepd-localhost: error: *** JOB 55 ON localhost CANCELLED AT 2024-10-08T08:29:20 DUE TO TIME LIMIT ***
slurmstepd-localhost: error: *** STEP 55.0 ON localhost CANCELLED AT 2024-10-08T08:29:20 DUE TO TIME LIMIT ***
forrtl: error (78): process killed (SIGTERM)
Image              PC                Routine            Line        Source             
No errorforrtl: error (78): process killed (SIGTERM)
Image              PC                Routine            Line        Source             
No errorforrtl: error (78): process killed (SIGTERM)
Image              PC                Routine            Line        Source             
No errorforrtl: error (78): process killed (SIGTERM)
Image              PC                Routine            Line        Source             
No errorforrtl: error (78): process killed (SIGTERM)
Image              PC                Routine            Line        Source             
No errorforrtl: error (78): process killed (SIGTERM)
Image              PC                Routine            Line        Source             
No errorforrtl: error (78): process killed (SIGTERM)
Image              PC                Routine            Line        Source             
No errorforrtl: error (78): process killed (SIGTERM)
Image              PC                Routine            Line        Source             
No errorforrtl: error (78): process killed (SIGTERM)
Image              PC                Routine            Line        Source             
No errorforrtl: error (78): process killed (SIGTERM)
Image              PC                Routine            Line        Source             
No errorforrtl: error (78): process killed (SIGTERM)
Image              PC                Routine            Line        Source             
No errorforrtl: error (78): process killed (SIGTERM)
Image              PC                Routine            Line        Source             
No errorforrtl: error (78): process killed (SIGTERM)
Image              PC                Routine            Line        Source             
No errorforrtl: error (78): process killed (SIGTERM)
Image              PC                Routine            Line        Source             
No errorforrtl: error (78): process killed (SIGTERM)
Image              PC                Routine            Line        Source             
No errorforrtl: error (78): process killed (SIGTERM)
Image              PC                Routine            Line        Source             
No errorforrtl: error (78): process killed (SIGTERM)
Image              PC                Routine            Line        Source             
No errorforrtl: error (78): process killed (SIGTERM)
Image              PC                Routine            Line        Source             
No errorforrtl: error (78): process killed (SIGTERM)
Image              PC                Routine            Line        Source             
No errorforrtl: error (78): process killed (SIGTERM)
Image              PC                Routine            Line        Source             
No errorforrtl: error (78): process killed (SIGTERM)
Image              PC                Routine            Line        Source             
No errorforrtl: error (78): process killed (SIGTERM)
Image              PC                Routine            Line        Source             
No errorforrtl: error (78): process killed (SIGTERM)
Image              PC                Routine            Line        Source             
No errorforrtl: error (78): process killed (SIGTERM)
Image              PC                Routine            Line        Source             
No errorforrtl: error (78): process killed (SIGTERM)
Image              PC                Routine            Line        Source             
No errorforrtl: error (78): process killed (SIGTERM)
Image              PC                Routine            Line        Source             
No errorforrtl: error (78): process killed (SIGTERM)
Image              PC                Routine            Line        Source             
No errorforrtl: error (78): process killed (SIGTERM)
Image              PC                Routine            Line        Source             
No errorforrtl: error (78): process killed (SIGTERM)
Image              PC                Routine            Line        Source             
No errorforrtl: error (78): process killed (SIGTERM)
Image              PC                Routine            Line        Source             
No errorforrtl: error (78): process killed (SIGTERM)
Image              PC                Routine            Line        Source             
No errorforrtl: error (78): process killed (SIGTERM)
Image              PC                Routine            Line        Source             
No errorforrtl: error (78): process killed (SIGTERM)
Image              PC                Routine            Line        Source             
No errorforrtl: error (78): process killed (SIGTERM)
Image              PC                Routine            Line        Source             
No errorforrtl: error (78): process killed (SIGTERM)
Image              PC                Routine            Line        Source             
No errorforrtl: error (78): process killed (SIGTERM)
Image              PC                Routine            Line        Source             
No errorforrtl: error (78): process killed (SIGTERM)
Image              PC                Routine            Line        Source             
No errorforrtl: error (78): process killed (SIGTERM)
Image              PC                Routine            Line        Source             
No errorforrtl: error (78): process killed (SIGTERM)
No errorforrtl: error (78): process killed (SIGTERM)
Image              PC                Routine            Line        Source             
No errorforrtl: error (78): process killed (SIGTERM)
Image              PC                Routine            Line        Source             
No errorforrtl: error (78): process killed (SIGTERM)
Image              PC                Routine            Line        Source             
No errorforrtl: error (78): process killed (SIGTERM)
Image              PC                Routine            Line        Source             
No errorforrtl: error (78): process killed (SIGTERM)
Image              PC                Routine            Line        Source             
No errorforrtl: error (78): process killed (SIGTERM)
Image              PC                Routine            Line        Source             
No errorforrtl: error (78): process killed (SIGTERM)
Image              PC                Routine            Line        Source             
No errorforrtl: error (78): process killed (SIGTERM)
Image              PC                Routine            Line        Source             
No errorforrtl: error (78): process killed (SIGTERM)
Image              PC                Routine            Line        Source             
No errorforrtl: error (78): process killed (SIGTERM)
Image              PC                Routine            Line        Source             
No errorforrtl: error (78): process killed (SIGTERM)
Image              PC                Routine            Line        Source             
libc.so.6          00000E1E46A42520  Unknown               Unknown  Unknown
libc.so.6          00000E1E46B25DEA  epoll_wait            Unknown  Unknown
libtcp-fi.so       00000E1E44C18DFC  Unknown               Unknown  Unknown
libtcp-fi.so       00000E1E44C16974  Unknown               Unknown  Unknown
libtcp-fi.so       00000E1E44C2DA82  Unknown               Unknown  Unknown
libtcp-fi.so       00000E1E44C12B09  Unknown               Unknown  Unknown
libmpi.so.12.0.0   00000E1E47A0ED06  Unknown               Unknown  Unknown
libmpi.so.12.0.0   00000E1E4772A357  Unknown               Unknown  Unknown
libmpi.so.12.0.0   00000E1E4772A601  Unknown               Unknown  Unknown
libmpi.so.12.0.0   00000E1E47AB35A0  Unknown               Unknown  Unknown
libmpi.so.12.0.0   00000E1E4781B925  Unknown               Unknown  Unknown
libmpi.so.12.0.0   00000E1E47823DEF  Unknown               Unknown  Unknown
libmpi.so.12.0.0   00000E1E474E9DB3  Unknown               Unknown  Unknown
libmpi.so.12.0.0   00000E1E474EA19B  Unknown               Unknown  Unknown
libmpi.so.12.0.0   00000E1E47670893  Unknown               Unknown  Unknown
libmpi.so.12.0.0   00000E1E4765F789  Unknown               Unknown  Unknown
libmpi.so.12.0.0   00000E1E47778AE2  Unknown               Unknown  Unknown
libmpi.so.12.0.0   00000E1E4754664D  PMPI_Allreduce        Unknown  Unknown
No errorforrtl: error (78): process killed (SIGTERM)
Image              PC                Routine            Line        Source             
libc.so.6          000008EFFDE42520  Unknown               Unknown  Unknown
libc.so.6          000008EFFDF25DEA  epoll_wait            Unknown  Unknown
libtcp-fi.so       000008EFFC018DFC  Unknown               Unknown  Unknown
libtcp-fi.so       000008EFFC016974  Unknown               Unknown  Unknown
libtcp-fi.so       000008EFFC02DA82  Unknown               Unknown  Unknown
libtcp-fi.so       000008EFFC012B09  Unknown               Unknown  Unknown
libmpi.so.12.0.0   000008EFFEE0ED06  Unknown               Unknown  Unknown
libmpi.so.12.0.0   000008EFFEB2A357  Unknown               Unknown  Unknown
libmpi.so.12.0.0   000008EFFEB2A601  Unknown               Unknown  Unknown
libmpi.so.12.0.0   000008EFFEEB35A0  Unknown               Unknown  Unknown
libmpi.so.12.0.0   000008EFFEC1B925  Unknown               Unknown  Unknown
libmpi.so.12.0.0   000008EFFEC23DEF  Unknown               Unknown  Unknown
libmpi.so.12.0.0   000008EFFE8E9DB3  Unknown               Unknown  Unknown
libmpi.so.12.0.0   000008EFFE8EA19B  Unknown               Unknown  Unknown
libmpi.so.12.0.0   000008EFFEA70893  Unknown               Unknown  Unknown
libmpi.so.12.0.0   000008EFFEA5F789  Unknown               Unknown  Unknown
libmpi.so.12.0.0   000008EFFEB78AE2  Unknown               Unknown  Unknown
libmpi.so.12.0.0   000008EFFE94664D  PMPI_Allreduce        Unknown  Unknown
libmpifort.so.12.  000008F0002E4B25  mpi_allreduce_        Unknown  Unknown
aims.240605.scala  0000000002A193FF  Unknown               Unknown  Unknown
aims.240605.scala  0000000002AE47EE  Unknown               Unknown  Unknown
No errorforrtl: error (78): process killed (SIGTERM)
Image              PC                Routine            Line        Source             
libc.so.6          000014679FE42520  Unknown               Unknown  Unknown
libc.so.6          000014679FF25DEA  epoll_wait            Unknown  Unknown
libtcp-fi.so       000014679E018DFC  Unknown               Unknown  Unknown
libtcp-fi.so       000014679E016974  Unknown               Unknown  Unknown
libtcp-fi.so       000014679E02DA82  Unknown               Unknown  Unknown
libtcp-fi.so       000014679E012B09  Unknown               Unknown  Unknown
libmpi.so.12.0.0   00001467A0E0ED06  Unknown               Unknown  Unknown
libmpi.so.12.0.0   00001467A0B2A357  Unknown               Unknown  Unknown
libmpi.so.12.0.0   00001467A0B2A601  Unknown               Unknown  Unknown
libmpi.so.12.0.0   00001467A0EB35A0  Unknown               Unknown  Unknown
libmpi.so.12.0.0   00001467A0C1B925  Unknown               Unknown  Unknown
libmpi.so.12.0.0   00001467A0C23DEF  Unknown               Unknown  Unknown
libmpi.so.12.0.0   00001467A08E9DB3  Unknown               Unknown  Unknown
libmpi.so.12.0.0   00001467A08EA19B  Unknown               Unknown  Unknown
libmpi.so.12.0.0   00001467A0A70893  Unknown               Unknown  Unknown
libmpi.so.12.0.0   00001467A0A5F789  Unknown               Unknown  Unknown
libmpi.so.12.0.0   00001467A0B78AE2  Unknown               Unknown  Unknown
libmpi.so.12.0.0   00001467A094664D  PMPI_Allreduce        Unknown  Unknown
libmpifort.so.12.  00001467A22E4B25  mpi_allreduce_        Unknown  Unknown
aims.240605.scala  0000000002A193FF  Unknown               Unknown  Unknown
No errorforrtl: error (78): process killed (SIGTERM)
Image              PC                Routine            Line        Source             
libc.so.6          0000131A17642520  Unknown               Unknown  Unknown
libc.so.6          0000131A17725DEA  epoll_wait            Unknown  Unknown
libtcp-fi.so       0000131A15818DFC  Unknown               Unknown  Unknown
libtcp-fi.so       0000131A15816974  Unknown               Unknown  Unknown
libtcp-fi.so       0000131A1582DA82  Unknown               Unknown  Unknown
libtcp-fi.so       0000131A15812B09  Unknown               Unknown  Unknown
libmpi.so.12.0.0   0000131A1860ED06  Unknown               Unknown  Unknown
libmpi.so.12.0.0   0000131A1832A357  Unknown               Unknown  Unknown
libmpi.so.12.0.0   0000131A1832A601  Unknown               Unknown  Unknown
libmpi.so.12.0.0   0000131A186B35A0  Unknown               Unknown  Unknown
libmpi.so.12.0.0   0000131A1841B925  Unknown               Unknown  Unknown
libmpi.so.12.0.0   0000131A18423DEF  Unknown               Unknown  Unknown
libmpi.so.12.0.0   0000131A180E9DB3  Unknown               Unknown  Unknown
libmpi.so.12.0.0   0000131A180EA19B  Unknown               Unknown  Unknown
libmpi.so.12.0.0   0000131A18270893  Unknown               Unknown  Unknown
libmpi.so.12.0.0   0000131A1825F789  Unknown               Unknown  Unknown
libmpi.so.12.0.0   0000131A18378AE2  Unknown               Unknown  Unknown
libmpi.so.12.0.0   0000131A1814664D  PMPI_Allreduce        Unknown  Unknown
libmpifort.so.12.  0000131A19AE4B25  mpi_allreduce_        Unknown  Unknown
aims.240605.scala  0000000002A193FF  Unknown               Unknown  Unknown
aims.240605.scala  0000000002AE47EE  Unknown               Unknown  Unknown
aims.240605.scala  0000000000BFF826  Unknown               Unknown  Unknown
aims.240605.scala  0000000000769579  Unknown               Unknown  Unknown
aims.240605.scala  00000000007519C8  Unknown               Unknown  Unknown
aims.240605.scala  0000000000414B1B  Unknown               Unknown  Unknown
aims.240605.scala  0000000000413DE7  Unknown               Unknown  Unknown
aims.240605.scala  0000000000415B30  Unknown               Unknown  Unknown
aims.240605.scala  0000000000413DBD  Unknown               Unknown  Unknown
libc.so.6          0000131A17629D90  Unknown               Unknown  Unknown
libc.so.6          0000131A17629E40  __libc_start_main     Unknown  Unknown
aims.240605.scala  0000000000413CD5  Unknown               Unknown  Unknown
forrtl: error (78): process killed (SIGTERM)
Image              PC                Routine            Line        Source             
libc.so.6          0000062424442520  Unknown               Unknown  Unknown
libc.so.6          0000062424525DEA  epoll_wait            Unknown  Unknown
libtcp-fi.so       0000062422618DFC  Unknown               Unknown  Unknown
libtcp-fi.so       0000062422616974  Unknown               Unknown  Unknown
libtcp-fi.so       000006242262DA82  Unknown               Unknown  Unknown
libtcp-fi.so       0000062422612B09  Unknown               Unknown  Unknown
libmpi.so.12.0.0   000006242540ED06  Unknown               Unknown  Unknown
libmpi.so.12.0.0   000006242512A357  Unknown               Unknown  Unknown
libmpi.so.12.0.0   000006242512A601  Unknown               Unknown  Unknown
libmpi.so.12.0.0   00000624254B35A0  Unknown               Unknown  Unknown
libmpi.so.12.0.0   000006242521B925  Unknown               Unknown  Unknown
libmpi.so.12.0.0   0000062425223DEF  Unknown               Unknown  Unknown
libmpi.so.12.0.0   0000062424EE9DB3  Unknown               Unknown  Unknown
libmpi.so.12.0.0   0000062424EEA19B  Unknown               Unknown  Unknown
libmpi.so.12.0.0   0000062425070893  Unknown               Unknown  Unknown
libmpi.so.12.0.0   000006242505F789  Unknown               Unknown  Unknown
libmpi.so.12.0.0   0000062425178AE2  Unknown               Unknown  Unknown
libmpi.so.12.0.0   0000062424F4664D  PMPI_Allreduce        Unknown  Unknown
libmpifort.so.12.  00000624268E4B25  mpi_allreduce_        Unknown  Unknown
aims.240605.scala  0000000002A193FF  Unknown               Unknown  Unknown
aims.240605.scala  0000000002AE47EE  Unknown               Unknown  Unknown
aims.240605.scala  0000000000BFF826  Unknown               Unknown  Unknown
aims.240605.scala  0000000000769579  Unknown               Unknown  Unknown
aims.240605.scala  00000000007519C8  Unknown               Unknown  Unknown
aims.240605.scala  0000000000414B1B  Unknown               Unknown  Unknown
aims.240605.scala  0000000000413DE7  Unknown               Unknown  Unknown
aims.240605.scala  0000000000415B30  Unknown               Unknown  Unknown
aims.240605.scala  0000000000413DBD  Unknown               Unknown  Unknown
libc.so.6          0000062424429D90  Unknown               Unknown  Unknown
libc.so.6          0000062424429E40  __libc_start_main     Unknown  Unknown
aims.240605.scala  0000000000413CD5  Unknown               Unknown  Unknown
forrtl: error (78): process killed (SIGTERM)
Image              PC                Routine            Line        Source             
libc.so.6          0000153C54242520  Unknown               Unknown  Unknown
libc.so.6          0000153C54325DEA  epoll_wait            Unknown  Unknown
libtcp-fi.so       0000153C52418DFC  Unknown               Unknown  Unknown
libtcp-fi.so       0000153C52416974  Unknown               Unknown  Unknown
libtcp-fi.so       0000153C5242DA82  Unknown               Unknown  Unknown
libtcp-fi.so       0000153C52412B09  Unknown               Unknown  Unknown
libmpi.so.12.0.0   0000153C5520ED06  Unknown               Unknown  Unknown
libmpi.so.12.0.0   0000153C54F2A357  Unknown               Unknown  Unknown
libmpi.so.12.0.0   0000153C54F2A601  Unknown               Unknown  Unknown
libmpi.so.12.0.0   0000153C552B35A0  Unknown               Unknown  Unknown
libmpi.so.12.0.0   0000153C5501B925  Unknown               Unknown  Unknown
libmpi.so.12.0.0   0000153C55023DEF  Unknown               Unknown  Unknown
libmpi.so.12.0.0   0000153C54CE9DB3  Unknown               Unknown  Unknown
libmpi.so.12.0.0   0000153C54CEA19B  Unknown               Unknown  Unknown
libmpi.so.12.0.0   0000153C54E70893  Unknown               Unknown  Unknown
libmpi.so.12.0.0   0000153C54E5F789  Unknown               Unknown  Unknown
libmpi.so.12.0.0   0000153C54F78AE2  Unknown               Unknown  Unknown
libmpi.so.12.0.0   0000153C54D4664D  PMPI_Allreduce        Unknown  Unknown
libmpifort.so.12.  0000153C566E4B25  mpi_allreduce_        Unknown  Unknown
aims.240605.scala  0000000002A193FF  Unknown               Unknown  Unknown
aims.240605.scala  0000000002AE47EE  Unknown               Unknown  Unknown
aims.240605.scala  0000000000BFF826  Unknown               Unknown  Unknown
aims.240605.scala  0000000000769579  Unknown               Unknown  Unknown
aims.240605.scala  00000000007519C8  Unknown               Unknown  Unknown
aims.240605.scala  0000000000414B1B  Unknown               Unknown  Unknown
aims.240605.scala  0000000000413DE7  Unknown               Unknown  Unknown
aims.240605.scala  0000000000415B30  Unknown               Unknown  Unknown
aims.240605.scala  0000000000413DBD  Unknown               Unknown  Unknown
libc.so.6          0000153C54229D90  Unknown               Unknown  Unknown
libc.so.6          0000153C54229E40  __libc_start_main     Unknown  Unknown
aims.240605.scala  0000000000413CD5  Unknown               Unknown  Unknown
forrtl: error (78): process killed (SIGTERM)
Image              PC                Routine            Line        Source             
libc.so.6          0000095830C42520  Unknown               Unknown  Unknown
libc.so.6          0000095830D25DEA  epoll_wait            Unknown  Unknown
libtcp-fi.so       000009582EE18DFC  Unknown               Unknown  Unknown
libtcp-fi.so       000009582EE16974  Unknown               Unknown  Unknown
libtcp-fi.so       000009582EE2DA82  Unknown               Unknown  Unknown
libtcp-fi.so       000009582EE12B09  Unknown               Unknown  Unknown
libmpi.so.12.0.0   0000095831C0ED06  Unknown               Unknown  Unknown
libmpi.so.12.0.0   000009583192A357  Unknown               Unknown  Unknown
libmpi.so.12.0.0   000009583192A601  Unknown               Unknown  Unknown
libmpi.so.12.0.0   0000095831CB35A0  Unknown               Unknown  Unknown
libmpi.so.12.0.0   0000095831A1B925  Unknown               Unknown  Unknown
libmpi.so.12.0.0   0000095831A23DEF  Unknown               Unknown  Unknown
libmpi.so.12.0.0   00000958316E9DB3  Unknown               Unknown  Unknown
libmpi.so.12.0.0   00000958316EA19B  Unknown               Unknown  Unknown
libmpi.so.12.0.0   0000095831870893  Unknown               Unknown  Unknown
libmpi.so.12.0.0   000009583185F789  Unknown               Unknown  Unknown
libmpi.so.12.0.0   0000095831978AE2  Unknown               Unknown  Unknown
libmpi.so.12.0.0   000009583174664D  PMPI_Allreduce        Unknown  Unknown
libmpifort.so.12.  00000958330E4B25  mpi_allreduce_        Unknown  Unknown
aims.240605.scala  0000000002A193FF  Unknown               Unknown  Unknown
aims.240605.scala  0000000002AE47EE  Unknown               Unknown  Unknown
aims.240605.scala  0000000000BFF826  Unknown               Unknown  Unknown
aims.240605.scala  0000000000769579  Unknown               Unknown  Unknown
aims.240605.scala  00000000007519C8  Unknown               Unknown  Unknown
aims.240605.scala  0000000000414B1B  Unknown               Unknown  Unknown
aims.240605.scala  0000000000413DE7  Unknown               Unknown  Unknown
aims.240605.scala  0000000000415B30  Unknown               Unknown  Unknown
aims.240605.scala  0000000000413DBD  Unknown               Unknown  Unknown
libc.so.6          0000095830C29D90  Unknown               Unknown  Unknown
libc.so.6          0000095830C29E40  __libc_start_main     Unknown  Unknown
aims.240605.scala  0000000000413CD5  Unknown               Unknown  Unknown
forrtl: error (78): process killed (SIGTERM)
Image              PC                Routine            Line        Source             
libc.so.6          0000122D44042520  Unknown               Unknown  Unknown
libc.so.6          0000122D44125DEA  epoll_wait            Unknown  Unknown
libtcp-fi.so       0000122D42218DFC  Unknown               Unknown  Unknown
libtcp-fi.so       0000122D42216974  Unknown               Unknown  Unknown
libtcp-fi.so       0000122D4222DA82  Unknown               Unknown  Unknown
libtcp-fi.so       0000122D42212B09  Unknown               Unknown  Unknown
libmpi.so.12.0.0   0000122D4500ED06  Unknown               Unknown  Unknown
libmpi.so.12.0.0   0000122D44D2A357  Unknown               Unknown  Unknown
libmpi.so.12.0.0   0000122D44D2A601  Unknown               Unknown  Unknown
libmpi.so.12.0.0   0000122D450B35A0  Unknown               Unknown  Unknown
libmpi.so.12.0.0   0000122D44E1B925  Unknown               Unknown  Unknown
libmpi.so.12.0.0   0000122D44E23DEF  Unknown               Unknown  Unknown
libmpi.so.12.0.0   0000122D44AE9DB3  Unknown               Unknown  Unknown
libmpi.so.12.0.0   0000122D44AEA19B  Unknown               Unknown  Unknown
libmpi.so.12.0.0   0000122D44C70893  Unknown               Unknown  Unknown
libmpi.so.12.0.0   0000122D44C5F789  Unknown               Unknown  Unknown
libmpi.so.12.0.0   0000122D44D78AE2  Unknown               Unknown  Unknown
libmpi.so.12.0.0   0000122D44B4664D  PMPI_Allreduce        Unknown  Unknown
libmpifort.so.12.  0000122D464E4B25  mpi_allreduce_        Unknown  Unknown
aims.240605.scala  0000000002A193FF  Unknown               Unknown  Unknown
aims.240605.scala  0000000002AE47EE  Unknown               Unknown  Unknown
aims.240605.scala  0000000000BFF826  Unknown               Unknown  Unknown
aims.240605.scala  0000000000769579  Unknown               Unknown  Unknown
aims.240605.scala  00000000007519C8  Unknown               Unknown  Unknown
aims.240605.scala  0000000000414B1B  Unknown               Unknown  Unknown
aims.240605.scala  0000000000413DE7  Unknown               Unknown  Unknown
aims.240605.scala  0000000000415B30  Unknown               Unknown  Unknown
aims.240605.scala  0000000000413DBD  Unknown               Unknown  Unknown
libc.so.6          0000122D44029D90  Unknown               Unknown  Unknown
libc.so.6          0000122D44029E40  __libc_start_main     Unknown  Unknown
aims.240605.scala  0000000000413CD5  Unknown               Unknown  Unknown
forrtl: error (78): process killed (SIGTERM)
Image              PC                Routine            Line        Source             
libc.so.6          000009AA3DE42520  Unknown               Unknown  Unknown
libc.so.6          000009AA3DF25DEA  epoll_wait            Unknown  Unknown
libtcp-fi.so       000009AA3C018DFC  Unknown               Unknown  Unknown
libtcp-fi.so       000009AA3C016974  Unknown               Unknown  Unknown
libtcp-fi.so       000009AA3C02DA82  Unknown               Unknown  Unknown
libtcp-fi.so       000009AA3C012B09  Unknown               Unknown  Unknown
libmpi.so.12.0.0   000009AA3EE0ED06  Unknown               Unknown  Unknown
libmpi.so.12.0.0   000009AA3EB2A357  Unknown               Unknown  Unknown
libmpi.so.12.0.0   000009AA3EB2A601  Unknown               Unknown  Unknown
libmpi.so.12.0.0   000009AA3EEB35A0  Unknown               Unknown  Unknown
libmpi.so.12.0.0   000009AA3EC1B925  Unknown               Unknown  Unknown
libmpi.so.12.0.0   000009AA3EC23DEF  Unknown               Unknown  Unknown
libmpi.so.12.0.0   000009AA3E8E9DB3  Unknown               Unknown  Unknown
libmpi.so.12.0.0   000009AA3E8EA19B  Unknown               Unknown  Unknown
libmpi.so.12.0.0   000009AA3EA70893  Unknown               Unknown  Unknown
libmpi.so.12.0.0   000009AA3EA5F789  Unknown               Unknown  Unknown
libmpi.so.12.0.0   000009AA3EB78AE2  Unknown               Unknown  Unknown
libmpi.so.12.0.0   000009AA3E94664D  PMPI_Allreduce        Unknown  Unknown
libmpifort.so.12.  000009AA402E4B25  mpi_allreduce_        Unknown  Unknown
aims.240605.scala  0000000002A193FF  Unknown               Unknown  Unknown
aims.240605.scala  0000000002AE47EE  Unknown               Unknown  Unknown
aims.240605.scala  0000000000BFF826  Unknown               Unknown  Unknown
aims.240605.scala  0000000000769579  Unknown               Unknown  Unknown
aims.240605.scala  00000000007519C8  Unknown               Unknown  Unknown
aims.240605.scala  0000000000414B1B  Unknown               Unknown  Unknown
aims.240605.scala  0000000000413DE7  Unknown               Unknown  Unknown
aims.240605.scala  0000000000415B30  Unknown               Unknown  Unknown
aims.240605.scala  0000000000413DBD  Unknown               Unknown  Unknown
libc.so.6          000009AA3DE29D90  Unknown               Unknown  Unknown
libc.so.6          000009AA3DE29E40  __libc_start_main     Unknown  Unknown
aims.240605.scala  0000000000413CD5  Unknown               Unknown  Unknown
forrtl: error (78): process killed (SIGTERM)
Image              PC                Routine            Line        Source             
libc.so.6          00000778CAC42520  Unknown               Unknown  Unknown
libc.so.6          00000778CAD25DEA  epoll_wait            Unknown  Unknown
libtcp-fi.so       00000778C8E18DFC  Unknown               Unknown  Unknown
libtcp-fi.so       00000778C8E16974  Unknown               Unknown  Unknown
libtcp-fi.so       00000778C8E2DA82  Unknown               Unknown  Unknown
libtcp-fi.so       00000778C8E12B09  Unknown               Unknown  Unknown
libmpi.so.12.0.0   00000778CBC0ED06  Unknown               Unknown  Unknown
libmpi.so.12.0.0   00000778CB92A357  Unknown               Unknown  Unknown
libmpi.so.12.0.0   00000778CB92A601  Unknown               Unknown  Unknown
libmpi.so.12.0.0   00000778CBCB35A0  Unknown               Unknown  Unknown
libmpi.so.12.0.0   00000778CBA1B925  Unknown               Unknown  Unknown
libmpi.so.12.0.0   00000778CBA23DEF  Unknown               Unknown  Unknown
libmpi.so.12.0.0   00000778CB6E9DB3  Unknown               Unknown  Unknown
libmpi.so.12.0.0   00000778CB6EA19B  Unknown               Unknown  Unknown
libmpi.so.12.0.0   00000778CB870893  Unknown               Unknown  Unknown
libmpi.so.12.0.0   00000778CB85F789  Unknown               Unknown  Unknown
libmpi.so.12.0.0   00000778CB978AE2  Unknown               Unknown  Unknown
libmpi.so.12.0.0   00000778CB74664D  PMPI_Allreduce        Unknown  Unknown
libmpifort.so.12.  00000778CD0E4B25  mpi_allreduce_        Unknown  Unknown
aims.240605.scala  0000000002A193FF  Unknown               Unknown  Unknown
aims.240605.scala  0000000002AE47EE  Unknown               Unknown  Unknown
aims.240605.scala  0000000000BFF826  Unknown               Unknown  Unknown
aims.240605.scala  0000000000769579  Unknown               Unknown  Unknown
aims.240605.scala  00000000007519C8  Unknown               Unknown  Unknown
aims.240605.scala  0000000000414B1B  Unknown               Unknown  Unknown
aims.240605.scala  0000000000413DE7  Unknown               Unknown  Unknown
aims.240605.scala  0000000000415B30  Unknown               Unknown  Unknown
aims.240605.scala  0000000000413DBD  Unknown               Unknown  Unknown
libc.so.6          00000778CAC29D90  Unknown               Unknown  Unknown
libc.so.6          00000778CAC29E40  __libc_start_main     Unknown  Unknown
aims.240605.scala  0000000000413CD5  Unknown               Unknown  Unknown
forrtl: error (78): process killed (SIGTERM)
Image              PC                Routine            Line        Source             
libc.so.6          0000111FEE442520  Unknown               Unknown  Unknown
libc.so.6          0000111FEE525DEA  epoll_wait            Unknown  Unknown
libtcp-fi.so       0000111FEC618DFC  Unknown               Unknown  Unknown
libtcp-fi.so       0000111FEC616974  Unknown               Unknown  Unknown
libtcp-fi.so       0000111FEC62DA82  Unknown               Unknown  Unknown
libtcp-fi.so       0000111FEC612B09  Unknown               Unknown  Unknown
libmpi.so.12.0.0   0000111FEF40ED06  Unknown               Unknown  Unknown
libmpi.so.12.0.0   0000111FEF12A357  Unknown               Unknown  Unknown
libmpi.so.12.0.0   0000111FEF12A601  Unknown               Unknown  Unknown
libmpi.so.12.0.0   0000111FEF4B35A0  Unknown               Unknown  Unknown
libmpi.so.12.0.0   0000111FEF21B925  Unknown               Unknown  Unknown
libmpi.so.12.0.0   0000111FEF223DEF  Unknown               Unknown  Unknown
libmpi.so.12.0.0   0000111FEEEE9DB3  Unknown               Unknown  Unknown
libmpi.so.12.0.0   0000111FEEEEA19B  Unknown               Unknown  Unknown
libmpi.so.12.0.0   0000111FEF070893  Unknown               Unknown  Unknown
libmpi.so.12.0.0   0000111FEF05F789  Unknown               Unknown  Unknown
libmpi.so.12.0.0   0000111FEF178AE2  Unknown               Unknown  Unknown
libmpi.so.12.0.0   0000111FEEF4664D  PMPI_Allreduce        Unknown  Unknown
libmpifort.so.12.  0000111FF08E4B25  mpi_allreduce_        Unknown  Unknown
aims.240605.scala  0000000002A193FF  Unknown               Unknown  Unknown
aims.240605.scala  0000000002AE47EE  Unknown               Unknown  Unknown
aims.240605.scala  0000000000BFF826  Unknown               Unknown  Unknown
aims.240605.scala  0000000000769579  Unknown               Unknown  Unknown
aims.240605.scala  00000000007519C8  Unknown               Unknown  Unknown
aims.240605.scala  0000000000414B1B  Unknown               Unknown  Unknown
aims.240605.scala  0000000000413DE7  Unknown               Unknown  Unknown
aims.240605.scala  0000000000415B30  Unknown               Unknown  Unknown
aims.240605.scala  0000000000413DBD  Unknown               Unknown  Unknown
libc.so.6          0000111FEE429D90  Unknown               Unknown  Unknown
libc.so.6          0000111FEE429E40  __libc_start_main     Unknown  Unknown
aims.240605.scala  0000000000413CD5  Unknown               Unknown  Unknown
forrtl: error (78): process killed (SIGTERM)
Image              PC                Routine            Line        Source             
libc.so.6          000008C08BC42520  Unknown               Unknown  Unknown
libc.so.6          000008C08BD25DEA  epoll_wait            Unknown  Unknown
libtcp-fi.so       000008C089E18DFC  Unknown               Unknown  Unknown
libtcp-fi.so       000008C089E16974  Unknown               Unknown  Unknown
libtcp-fi.so       000008C089E2DA82  Unknown               Unknown  Unknown
libtcp-fi.so       000008C089E12B09  Unknown               Unknown  Unknown
libmpi.so.12.0.0   000008C08CC0ED06  Unknown               Unknown  Unknown
libmpi.so.12.0.0   000008C08C92A357  Unknown               Unknown  Unknown
libmpi.so.12.0.0   000008C08C92A601  Unknown               Unknown  Unknown
libmpi.so.12.0.0   000008C08CCB35A0  Unknown               Unknown  Unknown
libmpi.so.12.0.0   000008C08CA1B925  Unknown               Unknown  Unknown
libmpi.so.12.0.0   000008C08CA23DEF  Unknown               Unknown  Unknown
libmpi.so.12.0.0   000008C08C6E9DB3  Unknown               Unknown  Unknown
libmpi.so.12.0.0   000008C08C6EA19B  Unknown               Unknown  Unknown
libmpi.so.12.0.0   000008C08C870893  Unknown               Unknown  Unknown
libmpi.so.12.0.0   000008C08C85F789  Unknown               Unknown  Unknown
libmpi.so.12.0.0   000008C08C978AE2  Unknown               Unknown  Unknown
libmpi.so.12.0.0   000008C08C74664D  PMPI_Allreduce        Unknown  Unknown
libmpifort.so.12.  000008C08E0E4B25  mpi_allreduce_        Unknown  Unknown
aims.240605.scala  0000000002A193FF  Unknown               Unknown  Unknown
aims.240605.scala  0000000002AE47EE  Unknown               Unknown  Unknown
No errorsrun: got SIGCONT
srun: forcing job termination
