srun: Job step aborted: Waiting up to 32 seconds for job step to finish.
slurmstepd-localhost: error: *** STEP 243.0 ON localhost CANCELLED AT 2024-10-21T15:18:20 DUE TO TIME LIMIT ***
slurmstepd-localhost: error: *** JOB 243 ON localhost CANCELLED AT 2024-10-21T15:18:20 DUE TO TIME LIMIT ***
forrtl: error (78): process killed (SIGTERM)
No errorforrtl: error (78): process killed (SIGTERM)
No errorforrtl: error (78): process killed (SIGTERM)
No errorforrtl: error (78): process killed (SIGTERM)
No errorforrtl: error (78): process killed (SIGTERM)
No errorforrtl: error (78): process killed (SIGTERM)
No errorforrtl: error (78): process killed (SIGTERM)
No errorforrtl: error (78): process killed (SIGTERM)
No errorforrtl: error (78): process killed (SIGTERM)
No errorforrtl: error (78): process killed (SIGTERM)
No errorforrtl: error (78): process killed (SIGTERM)
No errorforrtl: error (78): process killed (SIGTERM)
No errorforrtl: error (78): process killed (SIGTERM)
No errorforrtl: error (78): process killed (SIGTERM)
No errorforrtl: error (78): process killed (SIGTERM)
No errorforrtl: error (78): process killed (SIGTERM)
No errorforrtl: error (78): process killed (SIGTERM)
No errorforrtl: error (78): process killed (SIGTERM)
Image              PC                Routine            Line        Source             
libc.so.6          000012DC77242520  Unknown               Unknown  Unknown
No errorforrtl: error (78): process killed (SIGTERM)
Image              PC                Routine            Line        Source             
libc.so.6          00000BBE6C042520  Unknown               Unknown  Unknown
libc.so.6          00000BBE6C125DEA  epoll_wait            Unknown  Unknown
No errorforrtl: error (78): process killed (SIGTERM)
Image              PC                Routine            Line        Source             
libc.so.6          000007942B442520  Unknown               Unknown  Unknown
libc.so.6          000007942B525DEA  epoll_wait            Unknown  Unknown
libtcp-fi.so       0000079429618DFC  Unknown               Unknown  Unknown
libtcp-fi.so       0000079429616974  Unknown               Unknown  Unknown
libtcp-fi.so       000007942962DA82  Unknown               Unknown  Unknown
libtcp-fi.so       0000079429612B09  Unknown               Unknown  Unknown
No errorforrtl: error (78): process killed (SIGTERM)
Image              PC                Routine            Line        Source             
libc.so.6          0000074F8F242520  Unknown               Unknown  Unknown
libc.so.6          0000074F8F325DEA  epoll_wait            Unknown  Unknown
libtcp-fi.so       0000074F8D418DFC  Unknown               Unknown  Unknown
libtcp-fi.so       0000074F8D416974  Unknown               Unknown  Unknown
libtcp-fi.so       0000074F8D42DA82  Unknown               Unknown  Unknown
libtcp-fi.so       0000074F8D412B09  Unknown               Unknown  Unknown
No errorforrtl: error (78): process killed (SIGTERM)
Image              PC                Routine            Line        Source             
libc.so.6          0000142D15C42520  Unknown               Unknown  Unknown
libc.so.6          0000142D15D25DEA  epoll_wait            Unknown  Unknown
libtcp-fi.so       0000142D13E18DFC  Unknown               Unknown  Unknown
libtcp-fi.so       0000142D13E16974  Unknown               Unknown  Unknown
libtcp-fi.so       0000142D13E2DA82  Unknown               Unknown  Unknown
libtcp-fi.so       0000142D13E12B09  Unknown               Unknown  Unknown
No errorforrtl: error (78): process killed (SIGTERM)
Image              PC                Routine            Line        Source             
libc.so.6          000011B5A6E42520  Unknown               Unknown  Unknown
libc.so.6          000011B5A6F25DEA  epoll_wait            Unknown  Unknown
libtcp-fi.so       000011B5A5018DFC  Unknown               Unknown  Unknown
libtcp-fi.so       000011B5A5016974  Unknown               Unknown  Unknown
libtcp-fi.so       000011B5A502DA82  Unknown               Unknown  Unknown
libtcp-fi.so       000011B5A5012B09  Unknown               Unknown  Unknown
No errorforrtl: error (78): process killed (SIGTERM)
Image              PC                Routine            Line        Source             
libc.so.6          00000EE26E042520  Unknown               Unknown  Unknown
libc.so.6          00000EE26E125DEA  epoll_wait            Unknown  Unknown
libtcp-fi.so       00000EE26C218DFC  Unknown               Unknown  Unknown
libtcp-fi.so       00000EE26C216974  Unknown               Unknown  Unknown
libtcp-fi.so       00000EE26C22DA82  Unknown               Unknown  Unknown
libtcp-fi.so       00000EE26C212B09  Unknown               Unknown  Unknown
libmpi.so.12.0.0   00000EE26F00ED06  Unknown               Unknown  Unknown
No errorforrtl: error (78): process killed (SIGTERM)
Image              PC                Routine            Line        Source             
libc.so.6          00000DCFD9E42520  Unknown               Unknown  Unknown
libc.so.6          00000DCFD9F25DEA  epoll_wait            Unknown  Unknown
libtcp-fi.so       00000DCFD8018DFC  Unknown               Unknown  Unknown
libtcp-fi.so       00000DCFD8016974  Unknown               Unknown  Unknown
libtcp-fi.so       00000DCFD802DA82  Unknown               Unknown  Unknown
libtcp-fi.so       00000DCFD8012B09  Unknown               Unknown  Unknown
libmpi.so.12.0.0   00000DCFDAE0ED06  Unknown               Unknown  Unknown
libmpi.so.12.0.0   00000DCFDAB2A357  Unknown               Unknown  Unknown
libmpi.so.12.0.0   00000DCFDAB2A601  Unknown               Unknown  Unknown
libmpi.so.12.0.0   00000DCFDAEB35A0  Unknown               Unknown  Unknown
No errorforrtl: error (78): process killed (SIGTERM)
Image              PC                Routine            Line        Source             
libc.so.6          00000B653BE42520  Unknown               Unknown  Unknown
libc.so.6          00000B653BF25DEA  epoll_wait            Unknown  Unknown
libtcp-fi.so       00000B653A018DFC  Unknown               Unknown  Unknown
libtcp-fi.so       00000B653A016974  Unknown               Unknown  Unknown
libtcp-fi.so       00000B653A02DA82  Unknown               Unknown  Unknown
libtcp-fi.so       00000B653A012B09  Unknown               Unknown  Unknown
libmpi.so.12.0.0   00000B653CE0ED06  Unknown               Unknown  Unknown
libmpi.so.12.0.0   00000B653CB2A357  Unknown               Unknown  Unknown
libmpi.so.12.0.0   00000B653CB2A601  Unknown               Unknown  Unknown
libmpi.so.12.0.0   00000B653CEB35A0  Unknown               Unknown  Unknown
No errorforrtl: error (78): process killed (SIGTERM)
Image              PC                Routine            Line        Source             
libc.so.6          000012C37E642520  Unknown               Unknown  Unknown
libc.so.6          000012C37E725DEA  epoll_wait            Unknown  Unknown
libtcp-fi.so       000012C37C818DFC  Unknown               Unknown  Unknown
libtcp-fi.so       000012C37C816974  Unknown               Unknown  Unknown
libtcp-fi.so       000012C37C82DA82  Unknown               Unknown  Unknown
libtcp-fi.so       000012C37C812B09  Unknown               Unknown  Unknown
libmpi.so.12.0.0   000012C37F60ED06  Unknown               Unknown  Unknown
libmpi.so.12.0.0   000012C37F32A357  Unknown               Unknown  Unknown
libmpi.so.12.0.0   000012C37F32A601  Unknown               Unknown  Unknown
libmpi.so.12.0.0   000012C37F6B35A0  Unknown               Unknown  Unknown
libmpi.so.12.0.0   000012C37F41B925  Unknown               Unknown  Unknown
libmpi.so.12.0.0   000012C37F423DEF  Unknown               Unknown  Unknown
libmpi.so.12.0.0   000012C37F0E9DB3  Unknown               Unknown  Unknown
libmpi.so.12.0.0   000012C37F0EA19B  Unknown               Unknown  Unknown
libmpi.so.12.0.0   000012C37F2799BB  Unknown               Unknown  Unknown
libmpi.so.12.0.0   000012C37F25F789  Unknown               Unknown  Unknown
libmpi.so.12.0.0   000012C37F378AE2  Unknown               Unknown  Unknown
libmpi.so.12.0.0   000012C37F14664D  PMPI_Allreduce        Unknown  Unknown
libmpifort.so.12.  000012C380AE4B25  mpi_allreduce_        Unknown  Unknown
aims.240605.scala  0000000002A193FF  Unknown               Unknown  Unknown
aims.240605.scala  0000000002AE47EE  Unknown               Unknown  Unknown
aims.240605.scala  0000000000BFF826  Unknown               Unknown  Unknown
aims.240605.scala  0000000000769579  Unknown               Unknown  Unknown
aims.240605.scala  00000000007519C8  Unknown               Unknown  Unknown
aims.240605.scala  0000000000414B1B  Unknown               Unknown  Unknown
aims.240605.scala  0000000000413DE7  Unknown               Unknown  Unknown
aims.240605.scala  0000000000415B30  Unknown               Unknown  Unknown
aims.240605.scala  0000000000413DBD  Unknown               Unknown  Unknown
libc.so.6          000012C37E629D90  Unknown               Unknown  Unknown
libc.so.6          000012C37E629E40  __libc_start_main     Unknown  Unknown
aims.240605.scala  0000000000413CD5  Unknown               Unknown  Unknown
forrtl: error (78): process killed (SIGTERM)
Image              PC                Routine            Line        Source             
libc.so.6          0000128E0DC42520  Unknown               Unknown  Unknown
libc.so.6          0000128E0DD25DEA  epoll_wait            Unknown  Unknown
libtcp-fi.so       0000128E0BE18DFC  Unknown               Unknown  Unknown
libtcp-fi.so       0000128E0BE16974  Unknown               Unknown  Unknown
libtcp-fi.so       0000128E0BE2DA82  Unknown               Unknown  Unknown
libtcp-fi.so       0000128E0BE12B09  Unknown               Unknown  Unknown
libmpi.so.12.0.0   0000128E0EC0ED06  Unknown               Unknown  Unknown
libmpi.so.12.0.0   0000128E0E92A357  Unknown               Unknown  Unknown
libmpi.so.12.0.0   0000128E0E92A601  Unknown               Unknown  Unknown
libmpi.so.12.0.0   0000128E0ECB35A0  Unknown               Unknown  Unknown
libmpi.so.12.0.0   0000128E0EA1B925  Unknown               Unknown  Unknown
libmpi.so.12.0.0   0000128E0EA23DEF  Unknown               Unknown  Unknown
libmpi.so.12.0.0   0000128E0E6E9DB3  Unknown               Unknown  Unknown
libmpi.so.12.0.0   0000128E0E6EA19B  Unknown               Unknown  Unknown
libmpi.so.12.0.0   0000128E0E8799BB  Unknown               Unknown  Unknown
libmpi.so.12.0.0   0000128E0E85F789  Unknown               Unknown  Unknown
libmpi.so.12.0.0   0000128E0E978AE2  Unknown               Unknown  Unknown
libmpi.so.12.0.0   0000128E0E74664D  PMPI_Allreduce        Unknown  Unknown
libmpifort.so.12.  0000128E100E4B25  mpi_allreduce_        Unknown  Unknown
aims.240605.scala  0000000002A193FF  Unknown               Unknown  Unknown
aims.240605.scala  0000000002AE47EE  Unknown               Unknown  Unknown
aims.240605.scala  0000000000BFF826  Unknown               Unknown  Unknown
aims.240605.scala  0000000000769579  Unknown               Unknown  Unknown
aims.240605.scala  00000000007519C8  Unknown               Unknown  Unknown
aims.240605.scala  0000000000414B1B  Unknown               Unknown  Unknown
aims.240605.scala  0000000000413DE7  Unknown               Unknown  Unknown
aims.240605.scala  0000000000415B30  Unknown               Unknown  Unknown
aims.240605.scala  0000000000413DBD  Unknown               Unknown  Unknown
libc.so.6          0000128E0DC29D90  Unknown               Unknown  Unknown
libc.so.6          0000128E0DC29E40  __libc_start_main     Unknown  Unknown
aims.240605.scala  0000000000413CD5  Unknown               Unknown  Unknown
forrtl: error (78): process killed (SIGTERM)
Image              PC                Routine            Line        Source             
libc.so.6          0000084859442520  Unknown               Unknown  Unknown
libc.so.6          0000084859525DEA  epoll_wait            Unknown  Unknown
libtcp-fi.so       0000084857618DFC  Unknown               Unknown  Unknown
libtcp-fi.so       0000084857616974  Unknown               Unknown  Unknown
libtcp-fi.so       000008485762DA82  Unknown               Unknown  Unknown
libtcp-fi.so       0000084857612B09  Unknown               Unknown  Unknown
libmpi.so.12.0.0   000008485A40ED06  Unknown               Unknown  Unknown
libmpi.so.12.0.0   000008485A12A357  Unknown               Unknown  Unknown
libmpi.so.12.0.0   000008485A12A601  Unknown               Unknown  Unknown
libmpi.so.12.0.0   000008485A4B35A0  Unknown               Unknown  Unknown
libmpi.so.12.0.0   000008485A21B925  Unknown               Unknown  Unknown
libmpi.so.12.0.0   000008485A223DEF  Unknown               Unknown  Unknown
libmpi.so.12.0.0   0000084859EE9DB3  Unknown               Unknown  Unknown
libmpi.so.12.0.0   0000084859EEA19B  Unknown               Unknown  Unknown
libmpi.so.12.0.0   000008485A0799BB  Unknown               Unknown  Unknown
libmpi.so.12.0.0   000008485A05F789  Unknown               Unknown  Unknown
libmpi.so.12.0.0   000008485A178AE2  Unknown               Unknown  Unknown
libmpi.so.12.0.0   0000084859F4664D  PMPI_Allreduce        Unknown  Unknown
libmpifort.so.12.  000008485B8E4B25  mpi_allreduce_        Unknown  Unknown
aims.240605.scala  0000000002A193FF  Unknown               Unknown  Unknown
aims.240605.scala  0000000002AE47EE  Unknown               Unknown  Unknown
aims.240605.scala  0000000000BFF826  Unknown               Unknown  Unknown
aims.240605.scala  0000000000769579  Unknown               Unknown  Unknown
aims.240605.scala  00000000007519C8  Unknown               Unknown  Unknown
aims.240605.scala  0000000000414B1B  Unknown               Unknown  Unknown
aims.240605.scala  0000000000413DE7  Unknown               Unknown  Unknown
aims.240605.scala  0000000000415B30  Unknown               Unknown  Unknown
aims.240605.scala  0000000000413DBD  Unknown               Unknown  Unknown
libc.so.6          0000084859429D90  Unknown               Unknown  Unknown
libc.so.6          0000084859429E40  __libc_start_main     Unknown  Unknown
aims.240605.scala  0000000000413CD5  Unknown               Unknown  Unknown
forrtl: error (78): process killed (SIGTERM)
Image              PC                Routine            Line        Source             
libc.so.6          0000113778242520  Unknown               Unknown  Unknown
libc.so.6          0000113778325DEA  epoll_wait            Unknown  Unknown
libtcp-fi.so       0000113776418DFC  Unknown               Unknown  Unknown
libtcp-fi.so       0000113776416974  Unknown               Unknown  Unknown
libtcp-fi.so       000011377642DA82  Unknown               Unknown  Unknown
libtcp-fi.so       0000113776412B09  Unknown               Unknown  Unknown
libmpi.so.12.0.0   000011377920ED06  Unknown               Unknown  Unknown
libmpi.so.12.0.0   0000113778F2A357  Unknown               Unknown  Unknown
libmpi.so.12.0.0   0000113778F2A601  Unknown               Unknown  Unknown
libmpi.so.12.0.0   00001137792B35A0  Unknown               Unknown  Unknown
libmpi.so.12.0.0   000011377901B925  Unknown               Unknown  Unknown
libmpi.so.12.0.0   0000113779023DEF  Unknown               Unknown  Unknown
libmpi.so.12.0.0   0000113778CE9DB3  Unknown               Unknown  Unknown
libmpi.so.12.0.0   0000113778CEA19B  Unknown               Unknown  Unknown
libmpi.so.12.0.0   0000113778E799BB  Unknown               Unknown  Unknown
libmpi.so.12.0.0   0000113778E5F789  Unknown               Unknown  Unknown
libmpi.so.12.0.0   0000113778F78AE2  Unknown               Unknown  Unknown
libmpi.so.12.0.0   0000113778D4664D  PMPI_Allreduce        Unknown  Unknown
libmpifort.so.12.  000011377A6E4B25  mpi_allreduce_        Unknown  Unknown
aims.240605.scala  0000000002A193FF  Unknown               Unknown  Unknown
aims.240605.scala  0000000002AE47EE  Unknown               Unknown  Unknown
aims.240605.scala  0000000000BFF826  Unknown               Unknown  Unknown
aims.240605.scala  0000000000769579  Unknown               Unknown  Unknown
aims.240605.scala  00000000007519C8  Unknown               Unknown  Unknown
aims.240605.scala  0000000000414B1B  Unknown               Unknown  Unknown
aims.240605.scala  0000000000413DE7  Unknown               Unknown  Unknown
aims.240605.scala  0000000000415B30  Unknown               Unknown  Unknown
aims.240605.scala  0000000000413DBD  Unknown               Unknown  Unknown
libc.so.6          0000113778229D90  Unknown               Unknown  Unknown
libc.so.6          0000113778229E40  __libc_start_main     Unknown  Unknown
aims.240605.scala  0000000000413CD5  Unknown               Unknown  Unknown
forrtl: error (78): process killed (SIGTERM)
Image              PC                Routine            Line        Source             
libc.so.6          0000147CE7E42520  Unknown               Unknown  Unknown
libc.so.6          0000147CE7F25DEA  epoll_wait            Unknown  Unknown
libtcp-fi.so       0000147CE6018DFC  Unknown               Unknown  Unknown
libtcp-fi.so       0000147CE6016974  Unknown               Unknown  Unknown
libtcp-fi.so       0000147CE602DA82  Unknown               Unknown  Unknown
libtcp-fi.so       0000147CE6012B09  Unknown               Unknown  Unknown
libmpi.so.12.0.0   0000147CE8E0ED06  Unknown               Unknown  Unknown
libmpi.so.12.0.0   0000147CE8B2A357  Unknown               Unknown  Unknown
libmpi.so.12.0.0   0000147CE8B2A601  Unknown               Unknown  Unknown
libmpi.so.12.0.0   0000147CE8EB35A0  Unknown               Unknown  Unknown
libmpi.so.12.0.0   0000147CE8C1B925  Unknown               Unknown  Unknown
libmpi.so.12.0.0   0000147CE8C23DEF  Unknown               Unknown  Unknown
libmpi.so.12.0.0   0000147CE88E9DB3  Unknown               Unknown  Unknown
libmpi.so.12.0.0   0000147CE88EA19B  Unknown               Unknown  Unknown
libmpi.so.12.0.0   0000147CE8A799BB  Unknown               Unknown  Unknown
libmpi.so.12.0.0   0000147CE8A5F789  Unknown               Unknown  Unknown
libmpi.so.12.0.0   0000147CE8B78AE2  Unknown               Unknown  Unknown
libmpi.so.12.0.0   0000147CE894664D  PMPI_Allreduce        Unknown  Unknown
libmpifort.so.12.  0000147CEA2E4B25  mpi_allreduce_        Unknown  Unknown
aims.240605.scala  0000000002A193FF  Unknown               Unknown  Unknown
aims.240605.scala  0000000002AE47EE  Unknown               Unknown  Unknown
aims.240605.scala  0000000000BFF826  Unknown               Unknown  Unknown
aims.240605.scala  0000000000769579  Unknown               Unknown  Unknown
aims.240605.scala  00000000007519C8  Unknown               Unknown  Unknown
aims.240605.scala  0000000000414B1B  Unknown               Unknown  Unknown
aims.240605.scala  0000000000413DE7  Unknown               Unknown  Unknown
aims.240605.scala  0000000000415B30  Unknown               Unknown  Unknown
aims.240605.scala  0000000000413DBD  Unknown               Unknown  Unknown
libc.so.6          0000147CE7E29D90  Unknown               Unknown  Unknown
libc.so.6          0000147CE7E29E40  __libc_start_main     Unknown  Unknown
aims.240605.scala  0000000000413CD5  Unknown               Unknown  Unknown
forrtl: error (78): process killed (SIGTERM)
Image              PC                Routine            Line        Source             
libc.so.6          00000FEE61842520  Unknown               Unknown  Unknown
libc.so.6          00000FEE61925DEA  epoll_wait            Unknown  Unknown
libtcp-fi.so       00000FEE5FA18DFC  Unknown               Unknown  Unknown
libtcp-fi.so       00000FEE5FA16974  Unknown               Unknown  Unknown
libtcp-fi.so       00000FEE5FA2DA82  Unknown               Unknown  Unknown
libtcp-fi.so       00000FEE5FA12B09  Unknown               Unknown  Unknown
libmpi.so.12.0.0   00000FEE6280ED06  Unknown               Unknown  Unknown
libmpi.so.12.0.0   00000FEE6252A357  Unknown               Unknown  Unknown
libmpi.so.12.0.0   00000FEE6252A601  Unknown               Unknown  Unknown
libmpi.so.12.0.0   00000FEE628B35A0  Unknown               Unknown  Unknown
libmpi.so.12.0.0   00000FEE6261B925  Unknown               Unknown  Unknown
libmpi.so.12.0.0   00000FEE62623DEF  Unknown               Unknown  Unknown
libmpi.so.12.0.0   00000FEE622E9DB3  Unknown               Unknown  Unknown
libmpi.so.12.0.0   00000FEE622EA19B  Unknown               Unknown  Unknown
libmpi.so.12.0.0   00000FEE624799BB  Unknown               Unknown  Unknown
libmpi.so.12.0.0   00000FEE6245F789  Unknown               Unknown  Unknown
libmpi.so.12.0.0   00000FEE62578AE2  Unknown               Unknown  Unknown
libmpi.so.12.0.0   00000FEE6234664D  PMPI_Allreduce        Unknown  Unknown
libmpifort.so.12.  00000FEE63CE4B25  mpi_allreduce_        Unknown  Unknown
aims.240605.scala  0000000002A193FF  Unknown               Unknown  Unknown
aims.240605.scala  0000000002AE47EE  Unknown               Unknown  Unknown
aims.240605.scala  0000000000BFF826  Unknown               Unknown  Unknown
aims.240605.scala  0000000000769579  Unknown               Unknown  Unknown
aims.240605.scala  00000000007519C8  Unknown               Unknown  Unknown
aims.240605.scala  0000000000414B1B  Unknown               Unknown  Unknown
aims.240605.scala  0000000000413DE7  Unknown               Unknown  Unknown
aims.240605.scala  0000000000415B30  Unknown               Unknown  Unknown
aims.240605.scala  0000000000413DBD  Unknown               Unknown  Unknown
libc.so.6          00000FEE61829D90  Unknown               Unknown  Unknown
libc.so.6          00000FEE61829E40  __libc_start_main     Unknown  Unknown
aims.240605.scala  0000000000413CD5  Unknown               Unknown  Unknown
srun: got SIGCONT
srun: forcing job termination
