srun: Job step aborted: Waiting up to 32 seconds for job step to finish.
srun: got SIGCONT
slurmstepd-localhost: error: *** STEP 1622.0 ON localhost CANCELLED AT 2025-03-11T19:55:08 ***
slurmstepd-localhost: error: *** JOB 1622 ON localhost CANCELLED AT 2025-03-11T19:55:08 ***
forrtl: error (78): process killed (SIGTERM)
Image              PC                Routine            Line        Source             
libc.so.6          00001097D6E42520  Unknown               Unknown  Unknown
aims.240605.scala  0000000002A8BB40  Unknown               Unknown  Unknown
aims.240605.scala  000000000278BEBB  Unknown               Unknown  Unknown
aims.240605.scala  0000000002733FC5  Unknown               Unknown  Unknown
aims.240605.scala  000000000074E96D  Unknown               Unknown  Unknown
aims.240605.scala  0000000000414B1B  Unknown               Unknown  Unknown
aims.240605.scala  0000000000413DE7  Unknown               Unknown  Unknown
aims.240605.scala  0000000000415B30  Unknown               Unknown  Unknown
aims.240605.scala  0000000000413DBD  Unknown               Unknown  Unknown
libc.so.6          00001097D6E29D90  Unknown               Unknown  Unknown
libc.so.6          00001097D6E29E40  __libc_start_main     Unknown  Unknown
aims.240605.scala  0000000000413CD5  Unknown               Unknown  Unknown
forrtl: error (78): process killed (SIGTERM)
Image              PC                Routine            Line        Source             
libc.so.6          000011EB7E442520  Unknown               Unknown  Unknown
libc.so.6          000011EB7E525DEA  epoll_wait            Unknown  Unknown
libtcp-fi.so       000011EB7C618DFC  Unknown               Unknown  Unknown
libtcp-fi.so       000011EB7C616974  Unknown               Unknown  Unknown
libtcp-fi.so       000011EB7C62DA82  Unknown               Unknown  Unknown
libtcp-fi.so       000011EB7C612B09  Unknown               Unknown  Unknown
libmpi.so.12.0.0   000011EB7F40ED06  Unknown               Unknown  Unknown
libmpi.so.12.0.0   000011EB7F12A357  Unknown               Unknown  Unknown
libmpi.so.12.0.0   000011EB7F12A601  Unknown               Unknown  Unknown
libmpi.so.12.0.0   000011EB7F4B35A0  Unknown               Unknown  Unknown
libmpi.so.12.0.0   000011EB7F21B925  Unknown               Unknown  Unknown
libmpi.so.12.0.0   000011EB7F223DEF  Unknown               Unknown  Unknown
libmpi.so.12.0.0   000011EB7EEE9DB3  Unknown               Unknown  Unknown
libmpi.so.12.0.0   000011EB7EEEA19B  Unknown               Unknown  Unknown
libmpi.so.12.0.0   000011EB7F0799BB  Unknown               Unknown  Unknown
libmpi.so.12.0.0   000011EB7F05F789  Unknown               Unknown  Unknown
libmpi.so.12.0.0   000011EB7F178AE2  Unknown               Unknown  Unknown
libmpi.so.12.0.0   000011EB7EF4664D  PMPI_Allreduce        Unknown  Unknown
libmpifort.so.12.  000011EB808E4B25  mpi_allreduce_        Unknown  Unknown
aims.240605.scala  0000000002AE71FF  Unknown               Unknown  Unknown
aims.240605.scala  0000000002A8BF44  Unknown               Unknown  Unknown
aims.240605.scala  000000000278BEBB  Unknown               Unknown  Unknown
aims.240605.scala  0000000002733FC5  Unknown               Unknown  Unknown
aims.240605.scala  000000000074E96D  Unknown               Unknown  Unknown
aims.240605.scala  0000000000414B1B  Unknown               Unknown  Unknown
aims.240605.scala  0000000000413DE7  Unknown               Unknown  Unknown
aims.240605.scala  0000000000415B30  Unknown               Unknown  Unknown
aims.240605.scala  0000000000413DBD  Unknown               Unknown  Unknown
libc.so.6          000011EB7E429D90  Unknown               Unknown  Unknown
libc.so.6          000011EB7E429E40  __libc_start_main     Unknown  Unknown
aims.240605.scala  0000000000413CD5  Unknown               Unknown  Unknown
forrtl: error (78): process killed (SIGTERM)
Image              PC                Routine            Line        Source             
libc.so.6          00000665F0842520  Unknown               Unknown  Unknown
libc.so.6          00000665F0925DEA  epoll_wait            Unknown  Unknown
libtcp-fi.so       00000665EEA18DFC  Unknown               Unknown  Unknown
libtcp-fi.so       00000665EEA16974  Unknown               Unknown  Unknown
libtcp-fi.so       00000665EEA2DA82  Unknown               Unknown  Unknown
libtcp-fi.so       00000665EEA12B09  Unknown               Unknown  Unknown
libmpi.so.12.0.0   00000665F180ED06  Unknown               Unknown  Unknown
libmpi.so.12.0.0   00000665F152A357  Unknown               Unknown  Unknown
libmpi.so.12.0.0   00000665F152A601  Unknown               Unknown  Unknown
libmpi.so.12.0.0   00000665F18B35A0  Unknown               Unknown  Unknown
libmpi.so.12.0.0   00000665F161B925  Unknown               Unknown  Unknown
libmpi.so.12.0.0   00000665F1623DEF  Unknown               Unknown  Unknown
libmpi.so.12.0.0   00000665F12E9DB3  Unknown               Unknown  Unknown
libmpi.so.12.0.0   00000665F12EA19B  Unknown               Unknown  Unknown
libmpi.so.12.0.0   00000665F14799BB  Unknown               Unknown  Unknown
libmpi.so.12.0.0   00000665F145F789  Unknown               Unknown  Unknown
libmpi.so.12.0.0   00000665F1578AE2  Unknown               Unknown  Unknown
libmpi.so.12.0.0   00000665F134664D  PMPI_Allreduce        Unknown  Unknown
libmpifort.so.12.  00000665F2CE4B25  mpi_allreduce_        Unknown  Unknown
aims.240605.scala  0000000002AE71FF  Unknown               Unknown  Unknown
aims.240605.scala  0000000002A8BF44  Unknown               Unknown  Unknown
aims.240605.scala  000000000278BEBB  Unknown               Unknown  Unknown
aims.240605.scala  0000000002733FC5  Unknown               Unknown  Unknown
aims.240605.scala  000000000074E96D  Unknown               Unknown  Unknown
aims.240605.scala  0000000000414B1B  Unknown               Unknown  Unknown
aims.240605.scala  0000000000413DE7  Unknown               Unknown  Unknown
aims.240605.scala  0000000000415B30  Unknown               Unknown  Unknown
aims.240605.scala  0000000000413DBD  Unknown               Unknown  Unknown
libc.so.6          00000665F0829D90  Unknown               Unknown  Unknown
libc.so.6          00000665F0829E40  __libc_start_main     Unknown  Unknown
aims.240605.scala  0000000000413CD5  Unknown               Unknown  Unknown
forrtl: error (78): process killed (SIGTERM)
Image              PC                Routine            Line        Source             
libc.so.6          0000108F4F242520  Unknown               Unknown  Unknown
libc.so.6          0000108F4F325DEA  epoll_wait            Unknown  Unknown
libtcp-fi.so       0000108F4D418DFC  Unknown               Unknown  Unknown
libtcp-fi.so       0000108F4D416974  Unknown               Unknown  Unknown
libtcp-fi.so       0000108F4D42DA82  Unknown               Unknown  Unknown
libtcp-fi.so       0000108F4D412B09  Unknown               Unknown  Unknown
libmpi.so.12.0.0   0000108F5020ED06  Unknown               Unknown  Unknown
libmpi.so.12.0.0   0000108F4FF2A357  Unknown               Unknown  Unknown
libmpi.so.12.0.0   0000108F4FF2A601  Unknown               Unknown  Unknown
libmpi.so.12.0.0   0000108F502B35A0  Unknown               Unknown  Unknown
libmpi.so.12.0.0   0000108F5001B925  Unknown               Unknown  Unknown
libmpi.so.12.0.0   0000108F50023DEF  Unknown               Unknown  Unknown
libmpi.so.12.0.0   0000108F4FCE9DB3  Unknown               Unknown  Unknown
libmpi.so.12.0.0   0000108F4FCEA19B  Unknown               Unknown  Unknown
libmpi.so.12.0.0   0000108F4FE799BB  Unknown               Unknown  Unknown
libmpi.so.12.0.0   0000108F4FE5F789  Unknown               Unknown  Unknown
libmpi.so.12.0.0   0000108F4FF78AE2  Unknown               Unknown  Unknown
libmpi.so.12.0.0   0000108F4FD4664D  PMPI_Allreduce        Unknown  Unknown
libmpifort.so.12.  0000108F516E4B25  mpi_allreduce_        Unknown  Unknown
aims.240605.scala  0000000002AE71FF  Unknown               Unknown  Unknown
aims.240605.scala  0000000002A8BF44  Unknown               Unknown  Unknown
aims.240605.scala  000000000278BEBB  Unknown               Unknown  Unknown
aims.240605.scala  0000000002733FC5  Unknown               Unknown  Unknown
aims.240605.scala  000000000074E96D  Unknown               Unknown  Unknown
aims.240605.scala  0000000000414B1B  Unknown               Unknown  Unknown
aims.240605.scala  0000000000413DE7  Unknown               Unknown  Unknown
aims.240605.scala  0000000000415B30  Unknown               Unknown  Unknown
aims.240605.scala  0000000000413DBD  Unknown               Unknown  Unknown
libc.so.6          0000108F4F229D90  Unknown               Unknown  Unknown
libc.so.6          0000108F4F229E40  __libc_start_main     Unknown  Unknown
aims.240605.scala  0000000000413CD5  Unknown               Unknown  Unknown
forrtl: error (78): process killed (SIGTERM)
Image              PC                Routine            Line        Source             
libc.so.6          00000A9633042520  Unknown               Unknown  Unknown
libc.so.6          00000A9633125DEA  epoll_wait            Unknown  Unknown
libtcp-fi.so       00000A9631218DFC  Unknown               Unknown  Unknown
libtcp-fi.so       00000A9631216974  Unknown               Unknown  Unknown
libtcp-fi.so       00000A963122DA82  Unknown               Unknown  Unknown
libtcp-fi.so       00000A9631212B09  Unknown               Unknown  Unknown
libmpi.so.12.0.0   00000A963400ED06  Unknown               Unknown  Unknown
libmpi.so.12.0.0   00000A9633D2A357  Unknown               Unknown  Unknown
libmpi.so.12.0.0   00000A9633D2A601  Unknown               Unknown  Unknown
libmpi.so.12.0.0   00000A96340B35A0  Unknown               Unknown  Unknown
libmpi.so.12.0.0   00000A9633E1B925  Unknown               Unknown  Unknown
libmpi.so.12.0.0   00000A9633E23DEF  Unknown               Unknown  Unknown
libmpi.so.12.0.0   00000A9633AE9DB3  Unknown               Unknown  Unknown
libmpi.so.12.0.0   00000A9633AEA19B  Unknown               Unknown  Unknown
libmpi.so.12.0.0   00000A9633C799BB  Unknown               Unknown  Unknown
libmpi.so.12.0.0   00000A9633C5F789  Unknown               Unknown  Unknown
libmpi.so.12.0.0   00000A9633D78AE2  Unknown               Unknown  Unknown
libmpi.so.12.0.0   00000A9633B4664D  PMPI_Allreduce        Unknown  Unknown
libmpifort.so.12.  00000A96354E4B25  mpi_allreduce_        Unknown  Unknown
aims.240605.scala  0000000002AE71FF  Unknown               Unknown  Unknown
aims.240605.scala  0000000002A8BF44  Unknown               Unknown  Unknown
aims.240605.scala  000000000278BEBB  Unknown               Unknown  Unknown
aims.240605.scala  0000000002733FC5  Unknown               Unknown  Unknown
aims.240605.scala  000000000074E96D  Unknown               Unknown  Unknown
aims.240605.scala  0000000000414B1B  Unknown               Unknown  Unknown
aims.240605.scala  0000000000413DE7  Unknown               Unknown  Unknown
aims.240605.scala  0000000000415B30  Unknown               Unknown  Unknown
aims.240605.scala  0000000000413DBD  Unknown               Unknown  Unknown
libc.so.6          00000A9633029D90  Unknown               Unknown  Unknown
libc.so.6          00000A9633029E40  __libc_start_main     Unknown  Unknown
aims.240605.scala  0000000000413CD5  Unknown               Unknown  Unknown
forrtl: error (78): process killed (SIGTERM)
Image              PC                Routine            Line        Source             
libc.so.6          0000088113442520  Unknown               Unknown  Unknown
libc.so.6          0000088113525DEA  epoll_wait            Unknown  Unknown
libtcp-fi.so       0000088111618DFC  Unknown               Unknown  Unknown
libtcp-fi.so       0000088111616974  Unknown               Unknown  Unknown
libtcp-fi.so       000008811162DA82  Unknown               Unknown  Unknown
libtcp-fi.so       0000088111612B09  Unknown               Unknown  Unknown
libmpi.so.12.0.0   000008811440ED06  Unknown               Unknown  Unknown
libmpi.so.12.0.0   000008811412A357  Unknown               Unknown  Unknown
libmpi.so.12.0.0   000008811412A601  Unknown               Unknown  Unknown
libmpi.so.12.0.0   00000881144B35A0  Unknown               Unknown  Unknown
libmpi.so.12.0.0   000008811421B925  Unknown               Unknown  Unknown
libmpi.so.12.0.0   0000088114223DEF  Unknown               Unknown  Unknown
libmpi.so.12.0.0   0000088113EE9DB3  Unknown               Unknown  Unknown
libmpi.so.12.0.0   0000088113EEA19B  Unknown               Unknown  Unknown
libmpi.so.12.0.0   00000881140799BB  Unknown               Unknown  Unknown
libmpi.so.12.0.0   000008811405F789  Unknown               Unknown  Unknown
libmpi.so.12.0.0   0000088114178AE2  Unknown               Unknown  Unknown
libmpi.so.12.0.0   0000088113F4664D  PMPI_Allreduce        Unknown  Unknown
libmpifort.so.12.  00000881158E4B25  mpi_allreduce_        Unknown  Unknown
aims.240605.scala  0000000002AE71FF  Unknown               Unknown  Unknown
aims.240605.scala  0000000002A8BF44  Unknown               Unknown  Unknown
aims.240605.scala  000000000278BEBB  Unknown               Unknown  Unknown
aims.240605.scala  0000000002733FC5  Unknown               Unknown  Unknown
aims.240605.scala  000000000074E96D  Unknown               Unknown  Unknown
aims.240605.scala  0000000000414B1B  Unknown               Unknown  Unknown
aims.240605.scala  0000000000413DE7  Unknown               Unknown  Unknown
aims.240605.scala  0000000000415B30  Unknown               Unknown  Unknown
aims.240605.scala  0000000000413DBD  Unknown               Unknown  Unknown
libc.so.6          0000088113429D90  Unknown               Unknown  Unknown
libc.so.6          0000088113429E40  __libc_start_main     Unknown  Unknown
aims.240605.scala  0000000000413CD5  Unknown               Unknown  Unknown
forrtl: error (78): process killed (SIGTERM)
Image              PC                Routine            Line        Source             
libc.so.6          00000E42FAA42520  Unknown               Unknown  Unknown
libc.so.6          00000E42FAB25DEA  epoll_wait            Unknown  Unknown
libtcp-fi.so       00000E42F8C18DFC  Unknown               Unknown  Unknown
libtcp-fi.so       00000E42F8C16974  Unknown               Unknown  Unknown
libtcp-fi.so       00000E42F8C2DA82  Unknown               Unknown  Unknown
libtcp-fi.so       00000E42F8C12B09  Unknown               Unknown  Unknown
libmpi.so.12.0.0   00000E42FBA0ED06  Unknown               Unknown  Unknown
libmpi.so.12.0.0   00000E42FB72A357  Unknown               Unknown  Unknown
libmpi.so.12.0.0   00000E42FB72A601  Unknown               Unknown  Unknown
libmpi.so.12.0.0   00000E42FBAB35A0  Unknown               Unknown  Unknown
libmpi.so.12.0.0   00000E42FB81B925  Unknown               Unknown  Unknown
libmpi.so.12.0.0   00000E42FB823DEF  Unknown               Unknown  Unknown
libmpi.so.12.0.0   00000E42FB4E9DB3  Unknown               Unknown  Unknown
libmpi.so.12.0.0   00000E42FB4EA19B  Unknown               Unknown  Unknown
libmpi.so.12.0.0   00000E42FB6799BB  Unknown               Unknown  Unknown
libmpi.so.12.0.0   00000E42FB65F789  Unknown               Unknown  Unknown
libmpi.so.12.0.0   00000E42FB778AE2  Unknown               Unknown  Unknown
libmpi.so.12.0.0   00000E42FB54664D  PMPI_Allreduce        Unknown  Unknown
libmpifort.so.12.  00000E42FCEE4B25  mpi_allreduce_        Unknown  Unknown
aims.240605.scala  0000000002AE71FF  Unknown               Unknown  Unknown
aims.240605.scala  0000000002A8BF44  Unknown               Unknown  Unknown
aims.240605.scala  000000000278BEBB  Unknown               Unknown  Unknown
aims.240605.scala  0000000002733FC5  Unknown               Unknown  Unknown
aims.240605.scala  000000000074E96D  Unknown               Unknown  Unknown
aims.240605.scala  0000000000414B1B  Unknown               Unknown  Unknown
aims.240605.scala  0000000000413DE7  Unknown               Unknown  Unknown
aims.240605.scala  0000000000415B30  Unknown               Unknown  Unknown
aims.240605.scala  0000000000413DBD  Unknown               Unknown  Unknown
libc.so.6          00000E42FAA29D90  Unknown               Unknown  Unknown
libc.so.6          00000E42FAA29E40  __libc_start_main     Unknown  Unknown
aims.240605.scala  0000000000413CD5  Unknown               Unknown  Unknown
forrtl: error (78): process killed (SIGTERM)
Image              PC                Routine            Line        Source             
libc.so.6          00000649B6242520  Unknown               Unknown  Unknown
libc.so.6          00000649B6325DEA  epoll_wait            Unknown  Unknown
libtcp-fi.so       00000649B4418DFC  Unknown               Unknown  Unknown
libtcp-fi.so       00000649B4416974  Unknown               Unknown  Unknown
libtcp-fi.so       00000649B442DA82  Unknown               Unknown  Unknown
libtcp-fi.so       00000649B4412B09  Unknown               Unknown  Unknown
libmpi.so.12.0.0   00000649B720ED06  Unknown               Unknown  Unknown
libmpi.so.12.0.0   00000649B6F2A357  Unknown               Unknown  Unknown
libmpi.so.12.0.0   00000649B6F2A601  Unknown               Unknown  Unknown
libmpi.so.12.0.0   00000649B72B35A0  Unknown               Unknown  Unknown
libmpi.so.12.0.0   00000649B701B925  Unknown               Unknown  Unknown
libmpi.so.12.0.0   00000649B7023DEF  Unknown               Unknown  Unknown
libmpi.so.12.0.0   00000649B6CE9DB3  Unknown               Unknown  Unknown
libmpi.so.12.0.0   00000649B6CEA19B  Unknown               Unknown  Unknown
libmpi.so.12.0.0   00000649B6E799BB  Unknown               Unknown  Unknown
libmpi.so.12.0.0   00000649B6E5F789  Unknown               Unknown  Unknown
libmpi.so.12.0.0   00000649B6F78AE2  Unknown               Unknown  Unknown
libmpi.so.12.0.0   00000649B6D4664D  PMPI_Allreduce        Unknown  Unknown
libmpifort.so.12.  00000649B86E4B25  mpi_allreduce_        Unknown  Unknown
aims.240605.scala  0000000002AE71FF  Unknown               Unknown  Unknown
aims.240605.scala  0000000002A8BF44  Unknown               Unknown  Unknown
aims.240605.scala  000000000278BEBB  Unknown               Unknown  Unknown
aims.240605.scala  0000000002733FC5  Unknown               Unknown  Unknown
aims.240605.scala  000000000074E96D  Unknown               Unknown  Unknown
aims.240605.scala  0000000000414B1B  Unknown               Unknown  Unknown
aims.240605.scala  0000000000413DE7  Unknown               Unknown  Unknown
aims.240605.scala  0000000000415B30  Unknown               Unknown  Unknown
aims.240605.scala  0000000000413DBD  Unknown               Unknown  Unknown
libc.so.6          00000649B6229D90  Unknown               Unknown  Unknown
libc.so.6          00000649B6229E40  __libc_start_main     Unknown  Unknown
aims.240605.scala  0000000000413CD5  Unknown               Unknown  Unknown
forrtl: error (78): process killed (SIGTERM)
Image              PC                Routine            Line        Source             
libc.so.6          00000B90EDE42520  Unknown               Unknown  Unknown
libc.so.6          00000B90EDF25DEA  epoll_wait            Unknown  Unknown
libtcp-fi.so       00000B90EC018DFC  Unknown               Unknown  Unknown
libtcp-fi.so       00000B90EC016974  Unknown               Unknown  Unknown
libtcp-fi.so       00000B90EC02DA82  Unknown               Unknown  Unknown
libtcp-fi.so       00000B90EC012B09  Unknown               Unknown  Unknown
libmpi.so.12.0.0   00000B90EEE0ED06  Unknown               Unknown  Unknown
libmpi.so.12.0.0   00000B90EEB2A357  Unknown               Unknown  Unknown
libmpi.so.12.0.0   00000B90EEB2A601  Unknown               Unknown  Unknown
libmpi.so.12.0.0   00000B90EEEB35A0  Unknown               Unknown  Unknown
libmpi.so.12.0.0   00000B90EEC1B925  Unknown               Unknown  Unknown
libmpi.so.12.0.0   00000B90EEC23DEF  Unknown               Unknown  Unknown
libmpi.so.12.0.0   00000B90EE8E9DB3  Unknown               Unknown  Unknown
libmpi.so.12.0.0   00000B90EE8EA19B  Unknown               Unknown  Unknown
libmpi.so.12.0.0   00000B90EEA799BB  Unknown               Unknown  Unknown
libmpi.so.12.0.0   00000B90EEA5F789  Unknown               Unknown  Unknown
libmpi.so.12.0.0   00000B90EEB78AE2  Unknown               Unknown  Unknown
libmpi.so.12.0.0   00000B90EE94664D  PMPI_Allreduce        Unknown  Unknown
libmpifort.so.12.  00000B90F02E4B25  mpi_allreduce_        Unknown  Unknown
aims.240605.scala  0000000002AE71FF  Unknown               Unknown  Unknown
aims.240605.scala  0000000002A8BF44  Unknown               Unknown  Unknown
aims.240605.scala  000000000278BEBB  Unknown               Unknown  Unknown
aims.240605.scala  0000000002733FC5  Unknown               Unknown  Unknown
aims.240605.scala  000000000074E96D  Unknown               Unknown  Unknown
aims.240605.scala  0000000000414B1B  Unknown               Unknown  Unknown
aims.240605.scala  0000000000413DE7  Unknown               Unknown  Unknown
aims.240605.scala  0000000000415B30  Unknown               Unknown  Unknown
aims.240605.scala  0000000000413DBD  Unknown               Unknown  Unknown
libc.so.6          00000B90EDE29D90  Unknown               Unknown  Unknown
libc.so.6          00000B90EDE29E40  __libc_start_main     Unknown  Unknown
aims.240605.scala  0000000000413CD5  Unknown               Unknown  Unknown
forrtl: error (78): process killed (SIGTERM)
Image              PC                Routine            Line        Source             
libc.so.6          00000C1CE8A42520  Unknown               Unknown  Unknown
libc.so.6          00000C1CE8B25DEA  epoll_wait            Unknown  Unknown
libtcp-fi.so       00000C1CE6C18DFC  Unknown               Unknown  Unknown
libtcp-fi.so       00000C1CE6C16974  Unknown               Unknown  Unknown
libtcp-fi.so       00000C1CE6C2DA82  Unknown               Unknown  Unknown
libtcp-fi.so       00000C1CE6C12B09  Unknown               Unknown  Unknown
libmpi.so.12.0.0   00000C1CE9A0ED06  Unknown               Unknown  Unknown
libmpi.so.12.0.0   00000C1CE972A357  Unknown               Unknown  Unknown
libmpi.so.12.0.0   00000C1CE972A601  Unknown               Unknown  Unknown
libmpi.so.12.0.0   00000C1CE9AB35A0  Unknown               Unknown  Unknown
libmpi.so.12.0.0   00000C1CE981B925  Unknown               Unknown  Unknown
libmpi.so.12.0.0   00000C1CE9823DEF  Unknown               Unknown  Unknown
libmpi.so.12.0.0   00000C1CE94E9C3A  Unknown               Unknown  Unknown
libmpi.so.12.0.0   00000C1CE94EA19B  Unknown               Unknown  Unknown
libmpi.so.12.0.0   00000C1CE96799BB  Unknown               Unknown  Unknown
libmpi.so.12.0.0   00000C1CE965F789  Unknown               Unknown  Unknown
libmpi.so.12.0.0   00000C1CE9778AE2  Unknown               Unknown  Unknown
libmpi.so.12.0.0   00000C1CE954664D  PMPI_Allreduce        Unknown  Unknown
libmpifort.so.12.  00000C1CEAEE4B25  mpi_allreduce_        Unknown  Unknown
aims.240605.scala  0000000002AE71FF  Unknown               Unknown  Unknown
aims.240605.scala  0000000002A8BF44  Unknown               Unknown  Unknown
aims.240605.scala  000000000278BEBB  Unknown               Unknown  Unknown
aims.240605.scala  0000000002733FC5  Unknown               Unknown  Unknown
aims.240605.scala  000000000074E96D  Unknown               Unknown  Unknown
aims.240605.scala  0000000000414B1B  Unknown               Unknown  Unknown
aims.240605.scala  0000000000413DE7  Unknown               Unknown  Unknown
aims.240605.scala  0000000000415B30  Unknown               Unknown  Unknown
aims.240605.scala  0000000000413DBD  Unknown               Unknown  Unknown
libc.so.6          00000C1CE8A29D90  Unknown               Unknown  Unknown
libc.so.6          00000C1CE8A29E40  __libc_start_main     Unknown  Unknown
aims.240605.scala  0000000000413CD5  Unknown               Unknown  Unknown
forrtl: error (78): process killed (SIGTERM)
Image              PC                Routine            Line        Source             
libc.so.6          00000ACF51842520  Unknown               Unknown  Unknown
libc.so.6          00000ACF51925DEA  epoll_wait            Unknown  Unknown
libtcp-fi.so       00000ACF4FA18DFC  Unknown               Unknown  Unknown
libtcp-fi.so       00000ACF4FA16974  Unknown               Unknown  Unknown
libtcp-fi.so       00000ACF4FA2DA82  Unknown               Unknown  Unknown
libtcp-fi.so       00000ACF4FA12B09  Unknown               Unknown  Unknown
libmpi.so.12.0.0   00000ACF5280ED06  Unknown               Unknown  Unknown
libmpi.so.12.0.0   00000ACF5252A357  Unknown               Unknown  Unknown
libmpi.so.12.0.0   00000ACF5252A601  Unknown               Unknown  Unknown
libmpi.so.12.0.0   00000ACF528B35A0  Unknown               Unknown  Unknown
libmpi.so.12.0.0   00000ACF5261B925  Unknown               Unknown  Unknown
libmpi.so.12.0.0   00000ACF52623DEF  Unknown               Unknown  Unknown
libmpi.so.12.0.0   00000ACF522E9DB3  Unknown               Unknown  Unknown
libmpi.so.12.0.0   00000ACF522EA19B  Unknown               Unknown  Unknown
libmpi.so.12.0.0   00000ACF524799BB  Unknown               Unknown  Unknown
libmpi.so.12.0.0   00000ACF5245F789  Unknown               Unknown  Unknown
libmpi.so.12.0.0   00000ACF52578AE2  Unknown               Unknown  Unknown
libmpi.so.12.0.0   00000ACF5234664D  PMPI_Allreduce        Unknown  Unknown
libmpifort.so.12.  00000ACF53CE4B25  mpi_allreduce_        Unknown  Unknown
aims.240605.scala  0000000002AE71FF  Unknown               Unknown  Unknown
aims.240605.scala  0000000002A8BF44  Unknown               Unknown  Unknown
aims.240605.scala  000000000278BEBB  Unknown               Unknown  Unknown
aims.240605.scala  0000000002733FC5  Unknown               Unknown  Unknown
aims.240605.scala  000000000074E96D  Unknown               Unknown  Unknown
aims.240605.scala  0000000000414B1B  Unknown               Unknown  Unknown
aims.240605.scala  0000000000413DE7  Unknown               Unknown  Unknown
aims.240605.scala  0000000000415B30  Unknown               Unknown  Unknown
aims.240605.scala  0000000000413DBD  Unknown               Unknown  Unknown
libc.so.6          00000ACF51829D90  Unknown               Unknown  Unknown
libc.so.6          00000ACF51829E40  __libc_start_main     Unknown  Unknown
aims.240605.scala  0000000000413CD5  Unknown               Unknown  Unknown
forrtl: error (78): process killed (SIGTERM)
Image              PC                Routine            Line        Source             
libc.so.6          0000127DE8442520  Unknown               Unknown  Unknown
libc.so.6          0000127DE8525DEA  epoll_wait            Unknown  Unknown
libtcp-fi.so       0000127DE6618DFC  Unknown               Unknown  Unknown
libtcp-fi.so       0000127DE6616974  Unknown               Unknown  Unknown
libtcp-fi.so       0000127DE662DA82  Unknown               Unknown  Unknown
libtcp-fi.so       0000127DE6612B09  Unknown               Unknown  Unknown
libmpi.so.12.0.0   0000127DE940ED06  Unknown               Unknown  Unknown
libmpi.so.12.0.0   0000127DE912A357  Unknown               Unknown  Unknown
libmpi.so.12.0.0   0000127DE912A601  Unknown               Unknown  Unknown
libmpi.so.12.0.0   0000127DE94B35A0  Unknown               Unknown  Unknown
libmpi.so.12.0.0   0000127DE921B925  Unknown               Unknown  Unknown
libmpi.so.12.0.0   0000127DE9223DEF  Unknown               Unknown  Unknown
libmpi.so.12.0.0   0000127DE8EE9DB3  Unknown               Unknown  Unknown
libmpi.so.12.0.0   0000127DE8EEA19B  Unknown               Unknown  Unknown
libmpi.so.12.0.0   0000127DE90799BB  Unknown               Unknown  Unknown
libmpi.so.12.0.0   0000127DE905F789  Unknown               Unknown  Unknown
libmpi.so.12.0.0   0000127DE9178AE2  Unknown               Unknown  Unknown
libmpi.so.12.0.0   0000127DE8F4664D  PMPI_Allreduce        Unknown  Unknown
libmpifort.so.12.  0000127DEA8E4B25  mpi_allreduce_        Unknown  Unknown
aims.240605.scala  0000000002AE71FF  Unknown               Unknown  Unknown
aims.240605.scala  0000000002A8BF44  Unknown               Unknown  Unknown
aims.240605.scala  000000000278BEBB  Unknown               Unknown  Unknown
aims.240605.scala  0000000002733FC5  Unknown               Unknown  Unknown
aims.240605.scala  000000000074E96D  Unknown               Unknown  Unknown
aims.240605.scala  0000000000414B1B  Unknown               Unknown  Unknown
aims.240605.scala  0000000000413DE7  Unknown               Unknown  Unknown
aims.240605.scala  0000000000415B30  Unknown               Unknown  Unknown
aims.240605.scala  0000000000413DBD  Unknown               Unknown  Unknown
libc.so.6          0000127DE8429D90  Unknown               Unknown  Unknown
libc.so.6          0000127DE8429E40  __libc_start_main     Unknown  Unknown
aims.240605.scala  0000000000413CD5  Unknown               Unknown  Unknown
forrtl: error (78): process killed (SIGTERM)
Image              PC                Routine            Line        Source             
libc.so.6          00000DB36C242520  Unknown               Unknown  Unknown
libc.so.6          00000DB36C325DEA  epoll_wait            Unknown  Unknown
libtcp-fi.so       00000DB36A418DFC  Unknown               Unknown  Unknown
libtcp-fi.so       00000DB36A416974  Unknown               Unknown  Unknown
libtcp-fi.so       00000DB36A42DA82  Unknown               Unknown  Unknown
libtcp-fi.so       00000DB36A412B09  Unknown               Unknown  Unknown
libmpi.so.12.0.0   00000DB36D20ED06  Unknown               Unknown  Unknown
libmpi.so.12.0.0   00000DB36CF2A357  Unknown               Unknown  Unknown
libmpi.so.12.0.0   00000DB36CF2A601  Unknown               Unknown  Unknown
libmpi.so.12.0.0   00000DB36D2B35A0  Unknown               Unknown  Unknown
libmpi.so.12.0.0   00000DB36D01B925  Unknown               Unknown  Unknown
libmpi.so.12.0.0   00000DB36D023DEF  Unknown               Unknown  Unknown
libmpi.so.12.0.0   00000DB36CCE9DB3  Unknown               Unknown  Unknown
libmpi.so.12.0.0   00000DB36CCEA19B  Unknown               Unknown  Unknown
libmpi.so.12.0.0   00000DB36CE799BB  Unknown               Unknown  Unknown
libmpi.so.12.0.0   00000DB36CE5F789  Unknown               Unknown  Unknown
libmpi.so.12.0.0   00000DB36CF78AE2  Unknown               Unknown  Unknown
libmpi.so.12.0.0   00000DB36CD4664D  PMPI_Allreduce        Unknown  Unknown
libmpifort.so.12.  00000DB36E6E4B25  mpi_allreduce_        Unknown  Unknown
aims.240605.scala  0000000002AE71FF  Unknown               Unknown  Unknown
aims.240605.scala  0000000002A8BF44  Unknown               Unknown  Unknown
aims.240605.scala  000000000278BEBB  Unknown               Unknown  Unknown
aims.240605.scala  0000000002733FC5  Unknown               Unknown  Unknown
aims.240605.scala  000000000074E96D  Unknown               Unknown  Unknown
aims.240605.scala  0000000000414B1B  Unknown               Unknown  Unknown
aims.240605.scala  0000000000413DE7  Unknown               Unknown  Unknown
aims.240605.scala  0000000000415B30  Unknown               Unknown  Unknown
aims.240605.scala  0000000000413DBD  Unknown               Unknown  Unknown
libc.so.6          00000DB36C229D90  Unknown               Unknown  Unknown
libc.so.6          00000DB36C229E40  __libc_start_main     Unknown  Unknown
aims.240605.scala  0000000000413CD5  Unknown               Unknown  Unknown
forrtl: error (78): process killed (SIGTERM)
Image              PC                Routine            Line        Source             
libc.so.6          00001500E0842520  Unknown               Unknown  Unknown
libc.so.6          00001500E0925DEA  epoll_wait            Unknown  Unknown
libtcp-fi.so       00001500DEA18DFC  Unknown               Unknown  Unknown
libtcp-fi.so       00001500DEA16974  Unknown               Unknown  Unknown
libtcp-fi.so       00001500DEA2DA82  Unknown               Unknown  Unknown
libtcp-fi.so       00001500DEA12B09  Unknown               Unknown  Unknown
libmpi.so.12.0.0   00001500E180ED06  Unknown               Unknown  Unknown
libmpi.so.12.0.0   00001500E152A357  Unknown               Unknown  Unknown
libmpi.so.12.0.0   00001500E152A601  Unknown               Unknown  Unknown
libmpi.so.12.0.0   00001500E18B35A0  Unknown               Unknown  Unknown
libmpi.so.12.0.0   00001500E161B925  Unknown               Unknown  Unknown
libmpi.so.12.0.0   00001500E1623DEF  Unknown               Unknown  Unknown
libmpi.so.12.0.0   00001500E12E9DB3  Unknown               Unknown  Unknown
libmpi.so.12.0.0   00001500E12EA19B  Unknown               Unknown  Unknown
libmpi.so.12.0.0   00001500E14799BB  Unknown               Unknown  Unknown
libmpi.so.12.0.0   00001500E145F789  Unknown               Unknown  Unknown
libmpi.so.12.0.0   00001500E1578AE2  Unknown               Unknown  Unknown
libmpi.so.12.0.0   00001500E134664D  PMPI_Allreduce        Unknown  Unknown
libmpifort.so.12.  00001500E2CE4B25  mpi_allreduce_        Unknown  Unknown
aims.240605.scala  0000000002AE71FF  Unknown               Unknown  Unknown
aims.240605.scala  0000000002A8BF44  Unknown               Unknown  Unknown
aims.240605.scala  000000000278BEBB  Unknown               Unknown  Unknown
aims.240605.scala  0000000002733FC5  Unknown               Unknown  Unknown
aims.240605.scala  000000000074E96D  Unknown               Unknown  Unknown
aims.240605.scala  0000000000414B1B  Unknown               Unknown  Unknown
aims.240605.scala  0000000000413DE7  Unknown               Unknown  Unknown
aims.240605.scala  0000000000415B30  Unknown               Unknown  Unknown
aims.240605.scala  0000000000413DBD  Unknown               Unknown  Unknown
libc.so.6          00001500E0829D90  Unknown               Unknown  Unknown
libc.so.6          00001500E0829E40  __libc_start_main     Unknown  Unknown
aims.240605.scala  0000000000413CD5  Unknown               Unknown  Unknown
forrtl: error (78): process killed (SIGTERM)
Image              PC                Routine            Line        Source             
libc.so.6          000006A515042520  Unknown               Unknown  Unknown
libc.so.6          000006A515125DEA  epoll_wait            Unknown  Unknown
libtcp-fi.so       000006A513218DFC  Unknown               Unknown  Unknown
libtcp-fi.so       000006A513216974  Unknown               Unknown  Unknown
libtcp-fi.so       000006A51322DA82  Unknown               Unknown  Unknown
libtcp-fi.so       000006A513212B09  Unknown               Unknown  Unknown
libmpi.so.12.0.0   000006A51600ED06  Unknown               Unknown  Unknown
libmpi.so.12.0.0   000006A515D2A357  Unknown               Unknown  Unknown
libmpi.so.12.0.0   000006A515D2A601  Unknown               Unknown  Unknown
libmpi.so.12.0.0   000006A5160B35A0  Unknown               Unknown  Unknown
libmpi.so.12.0.0   000006A515E1B925  Unknown               Unknown  Unknown
libmpi.so.12.0.0   000006A515E23DEF  Unknown               Unknown  Unknown
libmpi.so.12.0.0   000006A515AE9DB3  Unknown               Unknown  Unknown
libmpi.so.12.0.0   000006A515AEA19B  Unknown               Unknown  Unknown
libmpi.so.12.0.0   000006A515C799BB  Unknown               Unknown  Unknown
libmpi.so.12.0.0   000006A515C5F789  Unknown               Unknown  Unknown
libmpi.so.12.0.0   000006A515D78AE2  Unknown               Unknown  Unknown
libmpi.so.12.0.0   000006A515B4664D  PMPI_Allreduce        Unknown  Unknown
libmpifort.so.12.  000006A5174E4B25  mpi_allreduce_        Unknown  Unknown
aims.240605.scala  0000000002AE71FF  Unknown               Unknown  Unknown
aims.240605.scala  0000000002A8BF44  Unknown               Unknown  Unknown
aims.240605.scala  000000000278BEBB  Unknown               Unknown  Unknown
aims.240605.scala  0000000002733FC5  Unknown               Unknown  Unknown
aims.240605.scala  000000000074E96D  Unknown               Unknown  Unknown
aims.240605.scala  0000000000414B1B  Unknown               Unknown  Unknown
aims.240605.scala  0000000000413DE7  Unknown               Unknown  Unknown
aims.240605.scala  0000000000415B30  Unknown               Unknown  Unknown
aims.240605.scala  0000000000413DBD  Unknown               Unknown  Unknown
libc.so.6          000006A515029D90  Unknown               Unknown  Unknown
libc.so.6          000006A515029E40  __libc_start_main     Unknown  Unknown
aims.240605.scala  0000000000413CD5  Unknown               Unknown  Unknown
forrtl: error (78): process killed (SIGTERM)
Image              PC                Routine            Line        Source             
libc.so.6          0000117386842520  Unknown               Unknown  Unknown
libc.so.6          0000117386925DEA  epoll_wait            Unknown  Unknown
libtcp-fi.so       0000117384A18DFC  Unknown               Unknown  Unknown
libtcp-fi.so       0000117384A16974  Unknown               Unknown  Unknown
libtcp-fi.so       0000117384A2DA82  Unknown               Unknown  Unknown
libtcp-fi.so       0000117384A12B09  Unknown               Unknown  Unknown
libmpi.so.12.0.0   000011738780ED06  Unknown               Unknown  Unknown
libmpi.so.12.0.0   000011738752A357  Unknown               Unknown  Unknown
libmpi.so.12.0.0   000011738752A601  Unknown               Unknown  Unknown
libmpi.so.12.0.0   00001173878B35A0  Unknown               Unknown  Unknown
libmpi.so.12.0.0   000011738761B925  Unknown               Unknown  Unknown
libmpi.so.12.0.0   0000117387623DEF  Unknown               Unknown  Unknown
libmpi.so.12.0.0   00001173872E9DB3  Unknown               Unknown  Unknown
libmpi.so.12.0.0   00001173872EA19B  Unknown               Unknown  Unknown
libmpi.so.12.0.0   00001173874799BB  Unknown               Unknown  Unknown
libmpi.so.12.0.0   000011738745F789  Unknown               Unknown  Unknown
libmpi.so.12.0.0   0000117387578AE2  Unknown               Unknown  Unknown
libmpi.so.12.0.0   000011738734664D  PMPI_Allreduce        Unknown  Unknown
libmpifort.so.12.  0000117388CE4B25  mpi_allreduce_        Unknown  Unknown
aims.240605.scala  0000000002AE71FF  Unknown               Unknown  Unknown
aims.240605.scala  0000000002A8BF44  Unknown               Unknown  Unknown
aims.240605.scala  000000000278BEBB  Unknown               Unknown  Unknown
aims.240605.scala  0000000002733FC5  Unknown               Unknown  Unknown
aims.240605.scala  000000000074E96D  Unknown               Unknown  Unknown
aims.240605.scala  0000000000414B1B  Unknown               Unknown  Unknown
aims.240605.scala  0000000000413DE7  Unknown               Unknown  Unknown
aims.240605.scala  0000000000415B30  Unknown               Unknown  Unknown
aims.240605.scala  0000000000413DBD  Unknown               Unknown  Unknown
libc.so.6          0000117386829D90  Unknown               Unknown  Unknown
libc.so.6          0000117386829E40  __libc_start_main     Unknown  Unknown
aims.240605.scala  0000000000413CD5  Unknown               Unknown  Unknown
forrtl: error (78): process killed (SIGTERM)
Image              PC                Routine            Line        Source             
libc.so.6          000009E448E42520  Unknown               Unknown  Unknown
libc.so.6          000009E448F25DEA  epoll_wait            Unknown  Unknown
libtcp-fi.so       000009E447018DFC  Unknown               Unknown  Unknown
libtcp-fi.so       000009E447016974  Unknown               Unknown  Unknown
libtcp-fi.so       000009E44702DA82  Unknown               Unknown  Unknown
libtcp-fi.so       000009E447012B09  Unknown               Unknown  Unknown
libmpi.so.12.0.0   000009E449E0ED06  Unknown               Unknown  Unknown
libmpi.so.12.0.0   000009E449B2A357  Unknown               Unknown  Unknown
libmpi.so.12.0.0   000009E449B2A601  Unknown               Unknown  Unknown
libmpi.so.12.0.0   000009E449EB35A0  Unknown               Unknown  Unknown
libmpi.so.12.0.0   000009E449C1B925  Unknown               Unknown  Unknown
libmpi.so.12.0.0   000009E449C23DEF  Unknown               Unknown  Unknown
libmpi.so.12.0.0   000009E4498E9DB3  Unknown               Unknown  Unknown
libmpi.so.12.0.0   000009E4498EA19B  Unknown               Unknown  Unknown
libmpi.so.12.0.0   000009E449A799BB  Unknown               Unknown  Unknown
libmpi.so.12.0.0   000009E449A5F789  Unknown               Unknown  Unknown
libmpi.so.12.0.0   000009E449B78AE2  Unknown               Unknown  Unknown
libmpi.so.12.0.0   000009E44994664D  PMPI_Allreduce        Unknown  Unknown
libmpifort.so.12.  000009E44B2E4B25  mpi_allreduce_        Unknown  Unknown
aims.240605.scala  0000000002AE71FF  Unknown               Unknown  Unknown
aims.240605.scala  0000000002A8BF44  Unknown               Unknown  Unknown
aims.240605.scala  000000000278BEBB  Unknown               Unknown  Unknown
aims.240605.scala  0000000002733FC5  Unknown               Unknown  Unknown
aims.240605.scala  000000000074E96D  Unknown               Unknown  Unknown
aims.240605.scala  0000000000414B1B  Unknown               Unknown  Unknown
aims.240605.scala  0000000000413DE7  Unknown               Unknown  Unknown
aims.240605.scala  0000000000415B30  Unknown               Unknown  Unknown
aims.240605.scala  0000000000413DBD  Unknown               Unknown  Unknown
libc.so.6          000009E448E29D90  Unknown               Unknown  Unknown
libc.so.6          000009E448E29E40  __libc_start_main     Unknown  Unknown
aims.240605.scala  0000000000413CD5  Unknown               Unknown  Unknown
forrtl: error (78): process killed (SIGTERM)
Image              PC                Routine            Line        Source             
libc.so.6          000013B7A2E42520  Unknown               Unknown  Unknown
libc.so.6          000013B7A2F25DEA  epoll_wait            Unknown  Unknown
libtcp-fi.so       000013B7A1018DFC  Unknown               Unknown  Unknown
libtcp-fi.so       000013B7A1016974  Unknown               Unknown  Unknown
libtcp-fi.so       000013B7A102DA82  Unknown               Unknown  Unknown
libtcp-fi.so       000013B7A1012B09  Unknown               Unknown  Unknown
libmpi.so.12.0.0   000013B7A3E0ED06  Unknown               Unknown  Unknown
libmpi.so.12.0.0   000013B7A3B2A357  Unknown               Unknown  Unknown
libmpi.so.12.0.0   000013B7A3B2A601  Unknown               Unknown  Unknown
libmpi.so.12.0.0   000013B7A3EB35A0  Unknown               Unknown  Unknown
libmpi.so.12.0.0   000013B7A3C1B925  Unknown               Unknown  Unknown
libmpi.so.12.0.0   000013B7A3C23DEF  Unknown               Unknown  Unknown
libmpi.so.12.0.0   000013B7A38E9DB3  Unknown               Unknown  Unknown
libmpi.so.12.0.0   000013B7A38EA19B  Unknown               Unknown  Unknown
libmpi.so.12.0.0   000013B7A3A799BB  Unknown               Unknown  Unknown
libmpi.so.12.0.0   000013B7A3A5F789  Unknown               Unknown  Unknown
libmpi.so.12.0.0   000013B7A3B78AE2  Unknown               Unknown  Unknown
libmpi.so.12.0.0   000013B7A394664D  PMPI_Allreduce        Unknown  Unknown
libmpifort.so.12.  000013B7A52E4B25  mpi_allreduce_        Unknown  Unknown
aims.240605.scala  0000000002AE71FF  Unknown               Unknown  Unknown
aims.240605.scala  0000000002A8BF44  Unknown               Unknown  Unknown
aims.240605.scala  000000000278BEBB  Unknown               Unknown  Unknown
aims.240605.scala  0000000002733FC5  Unknown               Unknown  Unknown
aims.240605.scala  000000000074E96D  Unknown               Unknown  Unknown
aims.240605.scala  0000000000414B1B  Unknown               Unknown  Unknown
aims.240605.scala  0000000000413DE7  Unknown               Unknown  Unknown
aims.240605.scala  0000000000415B30  Unknown               Unknown  Unknown
aims.240605.scala  0000000000413DBD  Unknown               Unknown  Unknown
libc.so.6          000013B7A2E29D90  Unknown               Unknown  Unknown
libc.so.6          000013B7A2E29E40  __libc_start_main     Unknown  Unknown
aims.240605.scala  0000000000413CD5  Unknown               Unknown  Unknown
forrtl: error (78): process killed (SIGTERM)
Image              PC                Routine            Line        Source             
libc.so.6          0000150FD9642520  Unknown               Unknown  Unknown
libc.so.6          0000150FD9725DEA  epoll_wait            Unknown  Unknown
libtcp-fi.so       0000150FD7818DFC  Unknown               Unknown  Unknown
libtcp-fi.so       0000150FD7816974  Unknown               Unknown  Unknown
libtcp-fi.so       0000150FD782DA82  Unknown               Unknown  Unknown
libtcp-fi.so       0000150FD7812B09  Unknown               Unknown  Unknown
libmpi.so.12.0.0   0000150FDA60ED06  Unknown               Unknown  Unknown
libmpi.so.12.0.0   0000150FDA32A357  Unknown               Unknown  Unknown
libmpi.so.12.0.0   0000150FDA32A601  Unknown               Unknown  Unknown
libmpi.so.12.0.0   0000150FDA6B35A0  Unknown               Unknown  Unknown
libmpi.so.12.0.0   0000150FDA41B925  Unknown               Unknown  Unknown
libmpi.so.12.0.0   0000150FDA423DEF  Unknown               Unknown  Unknown
libmpi.so.12.0.0   0000150FDA0E9DB3  Unknown               Unknown  Unknown
libmpi.so.12.0.0   0000150FDA0EA19B  Unknown               Unknown  Unknown
libmpi.so.12.0.0   0000150FDA2799BB  Unknown               Unknown  Unknown
libmpi.so.12.0.0   0000150FDA25F789  Unknown               Unknown  Unknown
libmpi.so.12.0.0   0000150FDA378AE2  Unknown               Unknown  Unknown
libmpi.so.12.0.0   0000150FDA14664D  PMPI_Allreduce        Unknown  Unknown
libmpifort.so.12.  0000150FDBAE4B25  mpi_allreduce_        Unknown  Unknown
aims.240605.scala  0000000002AE71FF  Unknown               Unknown  Unknown
aims.240605.scala  0000000002A8BF44  Unknown               Unknown  Unknown
aims.240605.scala  000000000278BEBB  Unknown               Unknown  Unknown
aims.240605.scala  0000000002733FC5  Unknown               Unknown  Unknown
aims.240605.scala  000000000074E96D  Unknown               Unknown  Unknown
aims.240605.scala  0000000000414B1B  Unknown               Unknown  Unknown
aims.240605.scala  0000000000413DE7  Unknown               Unknown  Unknown
aims.240605.scala  0000000000415B30  Unknown               Unknown  Unknown
aims.240605.scala  0000000000413DBD  Unknown               Unknown  Unknown
libc.so.6          0000150FD9629D90  Unknown               Unknown  Unknown
libc.so.6          0000150FD9629E40  __libc_start_main     Unknown  Unknown
aims.240605.scala  0000000000413CD5  Unknown               Unknown  Unknown
forrtl: error (78): process killed (SIGTERM)
Image              PC                Routine            Line        Source             
libc.so.6          0000085B6C442520  Unknown               Unknown  Unknown
libc.so.6          0000085B6C525DEA  epoll_wait            Unknown  Unknown
libtcp-fi.so       0000085B6A618DFC  Unknown               Unknown  Unknown
libtcp-fi.so       0000085B6A616974  Unknown               Unknown  Unknown
libtcp-fi.so       0000085B6A62DA82  Unknown               Unknown  Unknown
libtcp-fi.so       0000085B6A612B09  Unknown               Unknown  Unknown
libmpi.so.12.0.0   0000085B6D40ED06  Unknown               Unknown  Unknown
libmpi.so.12.0.0   0000085B6D12A357  Unknown               Unknown  Unknown
libmpi.so.12.0.0   0000085B6D12A601  Unknown               Unknown  Unknown
libmpi.so.12.0.0   0000085B6D4B35A0  Unknown               Unknown  Unknown
libmpi.so.12.0.0   0000085B6D21B925  Unknown               Unknown  Unknown
libmpi.so.12.0.0   0000085B6D223DEF  Unknown               Unknown  Unknown
libmpi.so.12.0.0   0000085B6CEE9DB3  Unknown               Unknown  Unknown
libmpi.so.12.0.0   0000085B6CEEA19B  Unknown               Unknown  Unknown
libmpi.so.12.0.0   0000085B6D0799BB  Unknown               Unknown  Unknown
libmpi.so.12.0.0   0000085B6D05F789  Unknown               Unknown  Unknown
libmpi.so.12.0.0   0000085B6D178AE2  Unknown               Unknown  Unknown
libmpi.so.12.0.0   0000085B6CF4664D  PMPI_Allreduce        Unknown  Unknown
libmpifort.so.12.  0000085B6E8E4B25  mpi_allreduce_        Unknown  Unknown
aims.240605.scala  0000000002AE71FF  Unknown               Unknown  Unknown
aims.240605.scala  0000000002A8BF44  Unknown               Unknown  Unknown
aims.240605.scala  000000000278BEBB  Unknown               Unknown  Unknown
aims.240605.scala  0000000002733FC5  Unknown               Unknown  Unknown
aims.240605.scala  000000000074E96D  Unknown               Unknown  Unknown
aims.240605.scala  0000000000414B1B  Unknown               Unknown  Unknown
aims.240605.scala  0000000000413DE7  Unknown               Unknown  Unknown
aims.240605.scala  0000000000415B30  Unknown               Unknown  Unknown
aims.240605.scala  0000000000413DBD  Unknown               Unknown  Unknown
libc.so.6          0000085B6C429D90  Unknown               Unknown  Unknown
libc.so.6          0000085B6C429E40  __libc_start_main     Unknown  Unknown
aims.240605.scala  0000000000413CD5  Unknown               Unknown  Unknown
forrtl: error (78): process killed (SIGTERM)
Image              PC                Routine            Line        Source             
libc.so.6          00000F5BA7842520  Unknown               Unknown  Unknown
libc.so.6          00000F5BA7925DEA  epoll_wait            Unknown  Unknown
libtcp-fi.so       00000F5BA5A18DFC  Unknown               Unknown  Unknown
libtcp-fi.so       00000F5BA5A16974  Unknown               Unknown  Unknown
libtcp-fi.so       00000F5BA5A2DA82  Unknown               Unknown  Unknown
libtcp-fi.so       00000F5BA5A12B09  Unknown               Unknown  Unknown
libmpi.so.12.0.0   00000F5BA880ED06  Unknown               Unknown  Unknown
libmpi.so.12.0.0   00000F5BA852A357  Unknown               Unknown  Unknown
libmpi.so.12.0.0   00000F5BA852A601  Unknown               Unknown  Unknown
libmpi.so.12.0.0   00000F5BA88B35A0  Unknown               Unknown  Unknown
libmpi.so.12.0.0   00000F5BA861B925  Unknown               Unknown  Unknown
libmpi.so.12.0.0   00000F5BA8623DEF  Unknown               Unknown  Unknown
libmpi.so.12.0.0   00000F5BA82E9DB3  Unknown               Unknown  Unknown
libmpi.so.12.0.0   00000F5BA82EA19B  Unknown               Unknown  Unknown
libmpi.so.12.0.0   00000F5BA84799BB  Unknown               Unknown  Unknown
libmpi.so.12.0.0   00000F5BA845F789  Unknown               Unknown  Unknown
libmpi.so.12.0.0   00000F5BA8578AE2  Unknown               Unknown  Unknown
libmpi.so.12.0.0   00000F5BA834664D  PMPI_Allreduce        Unknown  Unknown
libmpifort.so.12.  00000F5BA9CE4B25  mpi_allreduce_        Unknown  Unknown
aims.240605.scala  0000000002AE71FF  Unknown               Unknown  Unknown
aims.240605.scala  0000000002A8BF44  Unknown               Unknown  Unknown
aims.240605.scala  000000000278BEBB  Unknown               Unknown  Unknown
aims.240605.scala  0000000002733FC5  Unknown               Unknown  Unknown
aims.240605.scala  000000000074E96D  Unknown               Unknown  Unknown
aims.240605.scala  0000000000414B1B  Unknown               Unknown  Unknown
aims.240605.scala  0000000000413DE7  Unknown               Unknown  Unknown
aims.240605.scala  0000000000415B30  Unknown               Unknown  Unknown
aims.240605.scala  0000000000413DBD  Unknown               Unknown  Unknown
libc.so.6          00000F5BA7829D90  Unknown               Unknown  Unknown
libc.so.6          00000F5BA7829E40  __libc_start_main     Unknown  Unknown
aims.240605.scala  0000000000413CD5  Unknown               Unknown  Unknown
forrtl: error (78): process killed (SIGTERM)
Image              PC                Routine            Line        Source             
libc.so.6          000008EB59442520  Unknown               Unknown  Unknown
libc.so.6          000008EB59525DEA  epoll_wait            Unknown  Unknown
libtcp-fi.so       000008EB57618DFC  Unknown               Unknown  Unknown
libtcp-fi.so       000008EB57616974  Unknown               Unknown  Unknown
libtcp-fi.so       000008EB5762DA82  Unknown               Unknown  Unknown
libtcp-fi.so       000008EB57612B09  Unknown               Unknown  Unknown
libmpi.so.12.0.0   000008EB5A40ED06  Unknown               Unknown  Unknown
libmpi.so.12.0.0   000008EB5A12A357  Unknown               Unknown  Unknown
libmpi.so.12.0.0   000008EB5A12A601  Unknown               Unknown  Unknown
libmpi.so.12.0.0   000008EB5A4B35A0  Unknown               Unknown  Unknown
libmpi.so.12.0.0   000008EB5A21B925  Unknown               Unknown  Unknown
libmpi.so.12.0.0   000008EB5A223DEF  Unknown               Unknown  Unknown
libmpi.so.12.0.0   000008EB59EE9DB3  Unknown               Unknown  Unknown
libmpi.so.12.0.0   000008EB59EEA19B  Unknown               Unknown  Unknown
libmpi.so.12.0.0   000008EB5A0799BB  Unknown               Unknown  Unknown
libmpi.so.12.0.0   000008EB5A05F789  Unknown               Unknown  Unknown
libmpi.so.12.0.0   000008EB5A178AE2  Unknown               Unknown  Unknown
libmpi.so.12.0.0   000008EB59F4664D  PMPI_Allreduce        Unknown  Unknown
libmpifort.so.12.  000008EB5B8E4B25  mpi_allreduce_        Unknown  Unknown
aims.240605.scala  0000000002AE71FF  Unknown               Unknown  Unknown
aims.240605.scala  0000000002A8BF44  Unknown               Unknown  Unknown
aims.240605.scala  000000000278BEBB  Unknown               Unknown  Unknown
aims.240605.scala  0000000002733FC5  Unknown               Unknown  Unknown
aims.240605.scala  000000000074E96D  Unknown               Unknown  Unknown
aims.240605.scala  0000000000414B1B  Unknown               Unknown  Unknown
aims.240605.scala  0000000000413DE7  Unknown               Unknown  Unknown
aims.240605.scala  0000000000415B30  Unknown               Unknown  Unknown
aims.240605.scala  0000000000413DBD  Unknown               Unknown  Unknown
libc.so.6          000008EB59429D90  Unknown               Unknown  Unknown
libc.so.6          000008EB59429E40  __libc_start_main     Unknown  Unknown
aims.240605.scala  0000000000413CD5  Unknown               Unknown  Unknown
forrtl: error (78): process killed (SIGTERM)
Image              PC                Routine            Line        Source             
libc.so.6          0000074BF0242520  Unknown               Unknown  Unknown
libc.so.6          0000074BF0325DEA  epoll_wait            Unknown  Unknown
libtcp-fi.so       0000074BEE418DFC  Unknown               Unknown  Unknown
libtcp-fi.so       0000074BEE416974  Unknown               Unknown  Unknown
libtcp-fi.so       0000074BEE42DA82  Unknown               Unknown  Unknown
libtcp-fi.so       0000074BEE412B09  Unknown               Unknown  Unknown
libmpi.so.12.0.0   0000074BF120ED06  Unknown               Unknown  Unknown
libmpi.so.12.0.0   0000074BF0F2A357  Unknown               Unknown  Unknown
libmpi.so.12.0.0   0000074BF0F2A601  Unknown               Unknown  Unknown
libmpi.so.12.0.0   0000074BF12B35A0  Unknown               Unknown  Unknown
libmpi.so.12.0.0   0000074BF101B925  Unknown               Unknown  Unknown
libmpi.so.12.0.0   0000074BF1023DEF  Unknown               Unknown  Unknown
libmpi.so.12.0.0   0000074BF0CE9DB3  Unknown               Unknown  Unknown
libmpi.so.12.0.0   0000074BF0CEA19B  Unknown               Unknown  Unknown
libmpi.so.12.0.0   0000074BF0E799BB  Unknown               Unknown  Unknown
libmpi.so.12.0.0   0000074BF0E5F789  Unknown               Unknown  Unknown
libmpi.so.12.0.0   0000074BF0F78AE2  Unknown               Unknown  Unknown
libmpi.so.12.0.0   0000074BF0D4664D  PMPI_Allreduce        Unknown  Unknown
libmpifort.so.12.  0000074BF26E4B25  mpi_allreduce_        Unknown  Unknown
aims.240605.scala  0000000002AE71FF  Unknown               Unknown  Unknown
aims.240605.scala  0000000002A8BF44  Unknown               Unknown  Unknown
aims.240605.scala  000000000278BEBB  Unknown               Unknown  Unknown
aims.240605.scala  0000000002733FC5  Unknown               Unknown  Unknown
aims.240605.scala  000000000074E96D  Unknown               Unknown  Unknown
aims.240605.scala  0000000000414B1B  Unknown               Unknown  Unknown
aims.240605.scala  0000000000413DE7  Unknown               Unknown  Unknown
aims.240605.scala  0000000000415B30  Unknown               Unknown  Unknown
aims.240605.scala  0000000000413DBD  Unknown               Unknown  Unknown
libc.so.6          0000074BF0229D90  Unknown               Unknown  Unknown
libc.so.6          0000074BF0229E40  __libc_start_main     Unknown  Unknown
aims.240605.scala  0000000000413CD5  Unknown               Unknown  Unknown
forrtl: error (78): process killed (SIGTERM)
Image              PC                Routine            Line        Source             
libc.so.6          0000064526242520  Unknown               Unknown  Unknown
libc.so.6          0000064526325DEA  epoll_wait            Unknown  Unknown
libtcp-fi.so       0000064524418DFC  Unknown               Unknown  Unknown
libtcp-fi.so       0000064524416974  Unknown               Unknown  Unknown
libtcp-fi.so       000006452442DA82  Unknown               Unknown  Unknown
libtcp-fi.so       0000064524412B09  Unknown               Unknown  Unknown
libmpi.so.12.0.0   000006452720ED06  Unknown               Unknown  Unknown
libmpi.so.12.0.0   0000064526F2A357  Unknown               Unknown  Unknown
libmpi.so.12.0.0   0000064526F2A601  Unknown               Unknown  Unknown
libmpi.so.12.0.0   00000645272B35A0  Unknown               Unknown  Unknown
libmpi.so.12.0.0   000006452701B925  Unknown               Unknown  Unknown
libmpi.so.12.0.0   0000064527023DEF  Unknown               Unknown  Unknown
libmpi.so.12.0.0   0000064526CE9DB3  Unknown               Unknown  Unknown
libmpi.so.12.0.0   0000064526CEA19B  Unknown               Unknown  Unknown
libmpi.so.12.0.0   0000064526E799BB  Unknown               Unknown  Unknown
libmpi.so.12.0.0   0000064526E5F789  Unknown               Unknown  Unknown
libmpi.so.12.0.0   0000064526F78AE2  Unknown               Unknown  Unknown
libmpi.so.12.0.0   0000064526D4664D  PMPI_Allreduce        Unknown  Unknown
libmpifort.so.12.  00000645286E4B25  mpi_allreduce_        Unknown  Unknown
aims.240605.scala  0000000002AE71FF  Unknown               Unknown  Unknown
aims.240605.scala  0000000002A8BF44  Unknown               Unknown  Unknown
aims.240605.scala  000000000278BEBB  Unknown               Unknown  Unknown
aims.240605.scala  0000000002733FC5  Unknown               Unknown  Unknown
aims.240605.scala  000000000074E96D  Unknown               Unknown  Unknown
aims.240605.scala  0000000000414B1B  Unknown               Unknown  Unknown
aims.240605.scala  0000000000413DE7  Unknown               Unknown  Unknown
aims.240605.scala  0000000000415B30  Unknown               Unknown  Unknown
aims.240605.scala  0000000000413DBD  Unknown               Unknown  Unknown
libc.so.6          0000064526229D90  Unknown               Unknown  Unknown
libc.so.6          0000064526229E40  __libc_start_main     Unknown  Unknown
aims.240605.scala  0000000000413CD5  Unknown               Unknown  Unknown
forrtl: error (78): process killed (SIGTERM)
Image              PC                Routine            Line        Source             
libc.so.6          000006722F042520  Unknown               Unknown  Unknown
libc.so.6          000006722F125DEA  epoll_wait            Unknown  Unknown
libtcp-fi.so       000006722D218DFC  Unknown               Unknown  Unknown
libtcp-fi.so       000006722D216974  Unknown               Unknown  Unknown
libtcp-fi.so       000006722D22DA82  Unknown               Unknown  Unknown
libtcp-fi.so       000006722D212B09  Unknown               Unknown  Unknown
libmpi.so.12.0.0   000006723000ED06  Unknown               Unknown  Unknown
libmpi.so.12.0.0   000006722FD2A357  Unknown               Unknown  Unknown
libmpi.so.12.0.0   000006722FD2A601  Unknown               Unknown  Unknown
libmpi.so.12.0.0   00000672300B35A0  Unknown               Unknown  Unknown
libmpi.so.12.0.0   000006722FE1B925  Unknown               Unknown  Unknown
libmpi.so.12.0.0   000006722FE23DEF  Unknown               Unknown  Unknown
libmpi.so.12.0.0   000006722FAE9DB3  Unknown               Unknown  Unknown
libmpi.so.12.0.0   000006722FAEA19B  Unknown               Unknown  Unknown
libmpi.so.12.0.0   000006722FC799BB  Unknown               Unknown  Unknown
libmpi.so.12.0.0   000006722FC5F789  Unknown               Unknown  Unknown
libmpi.so.12.0.0   000006722FD78AE2  Unknown               Unknown  Unknown
libmpi.so.12.0.0   000006722FB4664D  PMPI_Allreduce        Unknown  Unknown
libmpifort.so.12.  00000672314E4B25  mpi_allreduce_        Unknown  Unknown
aims.240605.scala  0000000002AE71FF  Unknown               Unknown  Unknown
aims.240605.scala  0000000002A8BF44  Unknown               Unknown  Unknown
aims.240605.scala  000000000278BEBB  Unknown               Unknown  Unknown
aims.240605.scala  0000000002733FC5  Unknown               Unknown  Unknown
aims.240605.scala  000000000074E96D  Unknown               Unknown  Unknown
aims.240605.scala  0000000000414B1B  Unknown               Unknown  Unknown
aims.240605.scala  0000000000413DE7  Unknown               Unknown  Unknown
aims.240605.scala  0000000000415B30  Unknown               Unknown  Unknown
aims.240605.scala  0000000000413DBD  Unknown               Unknown  Unknown
libc.so.6          000006722F029D90  Unknown               Unknown  Unknown
libc.so.6          000006722F029E40  __libc_start_main     Unknown  Unknown
aims.240605.scala  0000000000413CD5  Unknown               Unknown  Unknown
forrtl: error (78): process killed (SIGTERM)
Image              PC                Routine            Line        Source             
libc.so.6          00000969B5042520  Unknown               Unknown  Unknown
libc.so.6          00000969B5125DEA  epoll_wait            Unknown  Unknown
libtcp-fi.so       00000969B3218DFC  Unknown               Unknown  Unknown
libtcp-fi.so       00000969B3216974  Unknown               Unknown  Unknown
libtcp-fi.so       00000969B322DA82  Unknown               Unknown  Unknown
libtcp-fi.so       00000969B3212B09  Unknown               Unknown  Unknown
libmpi.so.12.0.0   00000969B600ED06  Unknown               Unknown  Unknown
libmpi.so.12.0.0   00000969B5D2A357  Unknown               Unknown  Unknown
libmpi.so.12.0.0   00000969B5D2A601  Unknown               Unknown  Unknown
libmpi.so.12.0.0   00000969B60B35A0  Unknown               Unknown  Unknown
libmpi.so.12.0.0   00000969B5E1B925  Unknown               Unknown  Unknown
libmpi.so.12.0.0   00000969B5E23DEF  Unknown               Unknown  Unknown
libmpi.so.12.0.0   00000969B5AE9DB3  Unknown               Unknown  Unknown
libmpi.so.12.0.0   00000969B5AEA19B  Unknown               Unknown  Unknown
libmpi.so.12.0.0   00000969B5C799BB  Unknown               Unknown  Unknown
libmpi.so.12.0.0   00000969B5C5F789  Unknown               Unknown  Unknown
libmpi.so.12.0.0   00000969B5D78AE2  Unknown               Unknown  Unknown
libmpi.so.12.0.0   00000969B5B4664D  PMPI_Allreduce        Unknown  Unknown
libmpifort.so.12.  00000969B74E4B25  mpi_allreduce_        Unknown  Unknown
aims.240605.scala  0000000002AE71FF  Unknown               Unknown  Unknown
aims.240605.scala  0000000002A8BF44  Unknown               Unknown  Unknown
aims.240605.scala  000000000278BEBB  Unknown               Unknown  Unknown
aims.240605.scala  0000000002733FC5  Unknown               Unknown  Unknown
aims.240605.scala  000000000074E96D  Unknown               Unknown  Unknown
aims.240605.scala  0000000000414B1B  Unknown               Unknown  Unknown
aims.240605.scala  0000000000413DE7  Unknown               Unknown  Unknown
aims.240605.scala  0000000000415B30  Unknown               Unknown  Unknown
aims.240605.scala  0000000000413DBD  Unknown               Unknown  Unknown
libc.so.6          00000969B5029D90  Unknown               Unknown  Unknown
libc.so.6          00000969B5029E40  __libc_start_main     Unknown  Unknown
aims.240605.scala  0000000000413CD5  Unknown               Unknown  Unknown
forrtl: error (78): process killed (SIGTERM)
Image              PC                Routine            Line        Source             
libc.so.6          000010FD32242520  Unknown               Unknown  Unknown
libc.so.6          000010FD32325DEA  epoll_wait            Unknown  Unknown
libtcp-fi.so       000010FD30418DFC  Unknown               Unknown  Unknown
libtcp-fi.so       000010FD30416974  Unknown               Unknown  Unknown
libtcp-fi.so       000010FD3042DA82  Unknown               Unknown  Unknown
libtcp-fi.so       000010FD30412B09  Unknown               Unknown  Unknown
libmpi.so.12.0.0   000010FD3320ED06  Unknown               Unknown  Unknown
libmpi.so.12.0.0   000010FD32F2A357  Unknown               Unknown  Unknown
libmpi.so.12.0.0   000010FD32F2A601  Unknown               Unknown  Unknown
libmpi.so.12.0.0   000010FD332B35A0  Unknown               Unknown  Unknown
libmpi.so.12.0.0   000010FD3301B925  Unknown               Unknown  Unknown
libmpi.so.12.0.0   000010FD33023DEF  Unknown               Unknown  Unknown
libmpi.so.12.0.0   000010FD32CE9DB3  Unknown               Unknown  Unknown
libmpi.so.12.0.0   000010FD32CEA19B  Unknown               Unknown  Unknown
libmpi.so.12.0.0   000010FD32E799BB  Unknown               Unknown  Unknown
libmpi.so.12.0.0   000010FD32E5F789  Unknown               Unknown  Unknown
libmpi.so.12.0.0   000010FD32F78AE2  Unknown               Unknown  Unknown
libmpi.so.12.0.0   000010FD32D4664D  PMPI_Allreduce        Unknown  Unknown
libmpifort.so.12.  000010FD346E4B25  mpi_allreduce_        Unknown  Unknown
aims.240605.scala  0000000002AE71FF  Unknown               Unknown  Unknown
aims.240605.scala  0000000002A8BF44  Unknown               Unknown  Unknown
aims.240605.scala  000000000278BEBB  Unknown               Unknown  Unknown
aims.240605.scala  0000000002733FC5  Unknown               Unknown  Unknown
aims.240605.scala  000000000074E96D  Unknown               Unknown  Unknown
aims.240605.scala  0000000000414B1B  Unknown               Unknown  Unknown
aims.240605.scala  0000000000413DE7  Unknown               Unknown  Unknown
aims.240605.scala  0000000000415B30  Unknown               Unknown  Unknown
aims.240605.scala  0000000000413DBD  Unknown               Unknown  Unknown
libc.so.6          000010FD32229D90  Unknown               Unknown  Unknown
libc.so.6          000010FD32229E40  __libc_start_main     Unknown  Unknown
aims.240605.scala  0000000000413CD5  Unknown               Unknown  Unknown
forrtl: error (78): process killed (SIGTERM)
Image              PC                Routine            Line        Source             
libc.so.6          0000106E5FE42520  Unknown               Unknown  Unknown
libc.so.6          0000106E5FF25DEA  epoll_wait            Unknown  Unknown
libtcp-fi.so       0000106E5E018DFC  Unknown               Unknown  Unknown
libtcp-fi.so       0000106E5E016974  Unknown               Unknown  Unknown
libtcp-fi.so       0000106E5E02DA82  Unknown               Unknown  Unknown
libtcp-fi.so       0000106E5E012B09  Unknown               Unknown  Unknown
libmpi.so.12.0.0   0000106E60E0ED06  Unknown               Unknown  Unknown
libmpi.so.12.0.0   0000106E60B2A357  Unknown               Unknown  Unknown
libmpi.so.12.0.0   0000106E60B2A601  Unknown               Unknown  Unknown
libmpi.so.12.0.0   0000106E60EB35A0  Unknown               Unknown  Unknown
libmpi.so.12.0.0   0000106E60C1B925  Unknown               Unknown  Unknown
libmpi.so.12.0.0   0000106E60C23DEF  Unknown               Unknown  Unknown
libmpi.so.12.0.0   0000106E608E9DB3  Unknown               Unknown  Unknown
libmpi.so.12.0.0   0000106E608EA19B  Unknown               Unknown  Unknown
libmpi.so.12.0.0   0000106E60A799BB  Unknown               Unknown  Unknown
libmpi.so.12.0.0   0000106E60A5F789  Unknown               Unknown  Unknown
libmpi.so.12.0.0   0000106E60B78AE2  Unknown               Unknown  Unknown
libmpi.so.12.0.0   0000106E6094664D  PMPI_Allreduce        Unknown  Unknown
libmpifort.so.12.  0000106E622E4B25  mpi_allreduce_        Unknown  Unknown
aims.240605.scala  0000000002AE71FF  Unknown               Unknown  Unknown
aims.240605.scala  0000000002A8BF44  Unknown               Unknown  Unknown
aims.240605.scala  000000000278BEBB  Unknown               Unknown  Unknown
aims.240605.scala  0000000002733FC5  Unknown               Unknown  Unknown
aims.240605.scala  000000000074E96D  Unknown               Unknown  Unknown
aims.240605.scala  0000000000414B1B  Unknown               Unknown  Unknown
aims.240605.scala  0000000000413DE7  Unknown               Unknown  Unknown
aims.240605.scala  0000000000415B30  Unknown               Unknown  Unknown
aims.240605.scala  0000000000413DBD  Unknown               Unknown  Unknown
libc.so.6          0000106E5FE29D90  Unknown               Unknown  Unknown
libc.so.6          0000106E5FE29E40  __libc_start_main     Unknown  Unknown
aims.240605.scala  0000000000413CD5  Unknown               Unknown  Unknown
forrtl: error (78): process killed (SIGTERM)
Image              PC                Routine            Line        Source             
libc.so.6          0000069BD6642520  Unknown               Unknown  Unknown
libc.so.6          0000069BD6725DEA  epoll_wait            Unknown  Unknown
libtcp-fi.so       0000069BD4818DFC  Unknown               Unknown  Unknown
libtcp-fi.so       0000069BD4816974  Unknown               Unknown  Unknown
libtcp-fi.so       0000069BD482DA82  Unknown               Unknown  Unknown
libtcp-fi.so       0000069BD4812B09  Unknown               Unknown  Unknown
libmpi.so.12.0.0   0000069BD760ED06  Unknown               Unknown  Unknown
libmpi.so.12.0.0   0000069BD732A357  Unknown               Unknown  Unknown
libmpi.so.12.0.0   0000069BD732A601  Unknown               Unknown  Unknown
libmpi.so.12.0.0   0000069BD76B35A0  Unknown               Unknown  Unknown
libmpi.so.12.0.0   0000069BD741B925  Unknown               Unknown  Unknown
libmpi.so.12.0.0   0000069BD7423DEF  Unknown               Unknown  Unknown
libmpi.so.12.0.0   0000069BD70E9DB3  Unknown               Unknown  Unknown
libmpi.so.12.0.0   0000069BD70EA19B  Unknown               Unknown  Unknown
libmpi.so.12.0.0   0000069BD72799BB  Unknown               Unknown  Unknown
libmpi.so.12.0.0   0000069BD725F789  Unknown               Unknown  Unknown
libmpi.so.12.0.0   0000069BD7378AE2  Unknown               Unknown  Unknown
libmpi.so.12.0.0   0000069BD714664D  PMPI_Allreduce        Unknown  Unknown
libmpifort.so.12.  0000069BD8AE4B25  mpi_allreduce_        Unknown  Unknown
aims.240605.scala  0000000002AE71FF  Unknown               Unknown  Unknown
aims.240605.scala  0000000002A8BF44  Unknown               Unknown  Unknown
aims.240605.scala  000000000278BEBB  Unknown               Unknown  Unknown
aims.240605.scala  0000000002733FC5  Unknown               Unknown  Unknown
aims.240605.scala  000000000074E96D  Unknown               Unknown  Unknown
aims.240605.scala  0000000000414B1B  Unknown               Unknown  Unknown
aims.240605.scala  0000000000413DE7  Unknown               Unknown  Unknown
aims.240605.scala  0000000000415B30  Unknown               Unknown  Unknown
aims.240605.scala  0000000000413DBD  Unknown               Unknown  Unknown
libc.so.6          0000069BD6629D90  Unknown               Unknown  Unknown
libc.so.6          0000069BD6629E40  __libc_start_main     Unknown  Unknown
aims.240605.scala  0000000000413CD5  Unknown               Unknown  Unknown
forrtl: error (78): process killed (SIGTERM)
Image              PC                Routine            Line        Source             
libc.so.6          00000E2B96842520  Unknown               Unknown  Unknown
libc.so.6          00000E2B96925DEA  epoll_wait            Unknown  Unknown
libtcp-fi.so       00000E2B94A18DFC  Unknown               Unknown  Unknown
libtcp-fi.so       00000E2B94A16974  Unknown               Unknown  Unknown
libtcp-fi.so       00000E2B94A2DA82  Unknown               Unknown  Unknown
libtcp-fi.so       00000E2B94A12B09  Unknown               Unknown  Unknown
libmpi.so.12.0.0   00000E2B9780ED06  Unknown               Unknown  Unknown
libmpi.so.12.0.0   00000E2B9752A357  Unknown               Unknown  Unknown
libmpi.so.12.0.0   00000E2B9752A601  Unknown               Unknown  Unknown
libmpi.so.12.0.0   00000E2B978B35A0  Unknown               Unknown  Unknown
libmpi.so.12.0.0   00000E2B9761B925  Unknown               Unknown  Unknown
libmpi.so.12.0.0   00000E2B97623DEF  Unknown               Unknown  Unknown
libmpi.so.12.0.0   00000E2B972E9DB3  Unknown               Unknown  Unknown
libmpi.so.12.0.0   00000E2B972EA19B  Unknown               Unknown  Unknown
libmpi.so.12.0.0   00000E2B974799BB  Unknown               Unknown  Unknown
libmpi.so.12.0.0   00000E2B9745F789  Unknown               Unknown  Unknown
libmpi.so.12.0.0   00000E2B97578AE2  Unknown               Unknown  Unknown
libmpi.so.12.0.0   00000E2B9734664D  PMPI_Allreduce        Unknown  Unknown
libmpifort.so.12.  00000E2B98CE4B25  mpi_allreduce_        Unknown  Unknown
aims.240605.scala  0000000002AE71FF  Unknown               Unknown  Unknown
aims.240605.scala  0000000002A8BF44  Unknown               Unknown  Unknown
aims.240605.scala  000000000278BEBB  Unknown               Unknown  Unknown
aims.240605.scala  0000000002733FC5  Unknown               Unknown  Unknown
aims.240605.scala  000000000074E96D  Unknown               Unknown  Unknown
aims.240605.scala  0000000000414B1B  Unknown               Unknown  Unknown
aims.240605.scala  0000000000413DE7  Unknown               Unknown  Unknown
aims.240605.scala  0000000000415B30  Unknown               Unknown  Unknown
aims.240605.scala  0000000000413DBD  Unknown               Unknown  Unknown
libc.so.6          00000E2B96829D90  Unknown               Unknown  Unknown
libc.so.6          00000E2B96829E40  __libc_start_main     Unknown  Unknown
aims.240605.scala  0000000000413CD5  Unknown               Unknown  Unknown
forrtl: error (78): process killed (SIGTERM)
Image              PC                Routine            Line        Source             
libc.so.6          00000D2475042520  Unknown               Unknown  Unknown
libc.so.6          00000D2475125DEA  epoll_wait            Unknown  Unknown
libtcp-fi.so       00000D2473218DFC  Unknown               Unknown  Unknown
libtcp-fi.so       00000D2473216974  Unknown               Unknown  Unknown
libtcp-fi.so       00000D247322DA82  Unknown               Unknown  Unknown
libtcp-fi.so       00000D2473212B09  Unknown               Unknown  Unknown
libmpi.so.12.0.0   00000D247600ED06  Unknown               Unknown  Unknown
libmpi.so.12.0.0   00000D2475D2A357  Unknown               Unknown  Unknown
libmpi.so.12.0.0   00000D2475D2A601  Unknown               Unknown  Unknown
libmpi.so.12.0.0   00000D24760B35A0  Unknown               Unknown  Unknown
libmpi.so.12.0.0   00000D2475E1B925  Unknown               Unknown  Unknown
libmpi.so.12.0.0   00000D2475E23DEF  Unknown               Unknown  Unknown
libmpi.so.12.0.0   00000D2475AE9DB3  Unknown               Unknown  Unknown
libmpi.so.12.0.0   00000D2475AEA19B  Unknown               Unknown  Unknown
libmpi.so.12.0.0   00000D2475C799BB  Unknown               Unknown  Unknown
libmpi.so.12.0.0   00000D2475C5F789  Unknown               Unknown  Unknown
libmpi.so.12.0.0   00000D2475D78AE2  Unknown               Unknown  Unknown
libmpi.so.12.0.0   00000D2475B4664D  PMPI_Allreduce        Unknown  Unknown
libmpifort.so.12.  00000D24774E4B25  mpi_allreduce_        Unknown  Unknown
aims.240605.scala  0000000002AE71FF  Unknown               Unknown  Unknown
aims.240605.scala  0000000002A8BF44  Unknown               Unknown  Unknown
aims.240605.scala  000000000278BEBB  Unknown               Unknown  Unknown
aims.240605.scala  0000000002733FC5  Unknown               Unknown  Unknown
aims.240605.scala  000000000074E96D  Unknown               Unknown  Unknown
aims.240605.scala  0000000000414B1B  Unknown               Unknown  Unknown
aims.240605.scala  0000000000413DE7  Unknown               Unknown  Unknown
aims.240605.scala  0000000000415B30  Unknown               Unknown  Unknown
aims.240605.scala  0000000000413DBD  Unknown               Unknown  Unknown
libc.so.6          00000D2475029D90  Unknown               Unknown  Unknown
libc.so.6          00000D2475029E40  __libc_start_main     Unknown  Unknown
aims.240605.scala  0000000000413CD5  Unknown               Unknown  Unknown
forrtl: error (78): process killed (SIGTERM)
Image              PC                Routine            Line        Source             
libc.so.6          000014B4F5442520  Unknown               Unknown  Unknown
libc.so.6          000014B4F5525DEA  epoll_wait            Unknown  Unknown
libtcp-fi.so       000014B4F3618DFC  Unknown               Unknown  Unknown
libtcp-fi.so       000014B4F3616974  Unknown               Unknown  Unknown
libtcp-fi.so       000014B4F362DA82  Unknown               Unknown  Unknown
libtcp-fi.so       000014B4F3612B09  Unknown               Unknown  Unknown
libmpi.so.12.0.0   000014B4F640ED06  Unknown               Unknown  Unknown
libmpi.so.12.0.0   000014B4F612A357  Unknown               Unknown  Unknown
libmpi.so.12.0.0   000014B4F612A601  Unknown               Unknown  Unknown
libmpi.so.12.0.0   000014B4F64B35A0  Unknown               Unknown  Unknown
libmpi.so.12.0.0   000014B4F621B925  Unknown               Unknown  Unknown
libmpi.so.12.0.0   000014B4F6223DEF  Unknown               Unknown  Unknown
libmpi.so.12.0.0   000014B4F5EE9DB3  Unknown               Unknown  Unknown
libmpi.so.12.0.0   000014B4F5EEA19B  Unknown               Unknown  Unknown
libmpi.so.12.0.0   000014B4F60799BB  Unknown               Unknown  Unknown
libmpi.so.12.0.0   000014B4F605F789  Unknown               Unknown  Unknown
libmpi.so.12.0.0   000014B4F6178AE2  Unknown               Unknown  Unknown
libmpi.so.12.0.0   000014B4F5F4664D  PMPI_Allreduce        Unknown  Unknown
libmpifort.so.12.  000014B4F78E4B25  mpi_allreduce_        Unknown  Unknown
aims.240605.scala  0000000002AE71FF  Unknown               Unknown  Unknown
aims.240605.scala  0000000002A8BF44  Unknown               Unknown  Unknown
aims.240605.scala  000000000278BEBB  Unknown               Unknown  Unknown
aims.240605.scala  0000000002733FC5  Unknown               Unknown  Unknown
aims.240605.scala  000000000074E96D  Unknown               Unknown  Unknown
aims.240605.scala  0000000000414B1B  Unknown               Unknown  Unknown
aims.240605.scala  0000000000413DE7  Unknown               Unknown  Unknown
aims.240605.scala  0000000000415B30  Unknown               Unknown  Unknown
aims.240605.scala  0000000000413DBD  Unknown               Unknown  Unknown
libc.so.6          000014B4F5429D90  Unknown               Unknown  Unknown
libc.so.6          000014B4F5429E40  __libc_start_main     Unknown  Unknown
aims.240605.scala  0000000000413CD5  Unknown               Unknown  Unknown
srun: forcing job termination
