srun: Job step aborted: Waiting up to 32 seconds for job step to finish.
slurmstepd-localhost: error: *** STEP 1726.0 ON localhost CANCELLED AT 2025-04-13T13:11:33 DUE TO TIME LIMIT ***
slurmstepd-localhost: error: *** JOB 1726 ON localhost CANCELLED AT 2025-04-13T13:11:33 DUE TO TIME LIMIT ***
forrtl: error (78): process killed (SIGTERM)
Image              PC                Routine            Line        Source             
libc.so.6          0000119D3AE42520  Unknown               Unknown  Unknown
libc.so.6          0000119D3AF25DEA  epoll_wait            Unknown  Unknown
No errorforrtl: error (78): process killed (SIGTERM)
Image              PC                Routine            Line        Source             
libc.so.6          000006FB70A42520  Unknown               Unknown  Unknown
aims.240605.scala  0000000000BDB1B9  Unknown               Unknown  Unknown
aims.240605.scala  000000000075A7E5  Unknown               Unknown  Unknown
aims.240605.scala  0000000000414B1B  Unknown               Unknown  Unknown
aims.240605.scala  0000000000413DE7  Unknown               Unknown  Unknown
aims.240605.scala  0000000000415B30  Unknown               Unknown  Unknown
No errorforrtl: error (78): process killed (SIGTERM)
Image              PC                Routine            Line        Source             
libc.so.6          0000141455042520  Unknown               Unknown  Unknown
aims.240605.scala  0000000000BDB1B9  Unknown               Unknown  Unknown
aims.240605.scala  000000000075A7E5  Unknown               Unknown  Unknown
aims.240605.scala  0000000000414B1B  Unknown               Unknown  Unknown
aims.240605.scala  0000000000413DE7  Unknown               Unknown  Unknown
aims.240605.scala  0000000000415B30  Unknown               Unknown  Unknown
aims.240605.scala  0000000000413DBD  Unknown               Unknown  Unknown
No errorforrtl: error (78): process killed (SIGTERM)
Image              PC                Routine            Line        Source             
libc.so.6          00000FCD3A642520  Unknown               Unknown  Unknown
aims.240605.scala  0000000000BDB189  Unknown               Unknown  Unknown
aims.240605.scala  000000000075A7E5  Unknown               Unknown  Unknown
aims.240605.scala  0000000000414B1B  Unknown               Unknown  Unknown
aims.240605.scala  0000000000413DE7  Unknown               Unknown  Unknown
aims.240605.scala  0000000000415B30  Unknown               Unknown  Unknown
aims.240605.scala  0000000000413DBD  Unknown               Unknown  Unknown
No errorforrtl: error (78): process killed (SIGTERM)
Image              PC                Routine            Line        Source             
libc.so.6          00000FD53AE42520  Unknown               Unknown  Unknown
aims.240605.scala  0000000000BDB189  Unknown               Unknown  Unknown
aims.240605.scala  000000000075A7E5  Unknown               Unknown  Unknown
aims.240605.scala  0000000000414B1B  Unknown               Unknown  Unknown
aims.240605.scala  0000000000413DE7  Unknown               Unknown  Unknown
aims.240605.scala  0000000000415B30  Unknown               Unknown  Unknown
aims.240605.scala  0000000000413DBD  Unknown               Unknown  Unknown
No errorforrtl: error (78): process killed (SIGTERM)
Image              PC                Routine            Line        Source             
libc.so.6          00000E9655442520  Unknown               Unknown  Unknown
libc.so.6          00000E9655525DEA  epoll_wait            Unknown  Unknown
No errorforrtl: error (78): process killed (SIGTERM)
Image              PC                Routine            Line        Source             
libc.so.6          00000DDC1B642520  Unknown               Unknown  Unknown
libc.so.6          00000DDC1B725DEA  epoll_wait            Unknown  Unknown
No errorforrtl: error (78): process killed (SIGTERM)
Image              PC                Routine            Line        Source             
libc.so.6          000010424C242520  Unknown               Unknown  Unknown
libc.so.6          000010424C325DEA  epoll_wait            Unknown  Unknown
No errorforrtl: error (78): process killed (SIGTERM)
Image              PC                Routine            Line        Source             
libc.so.6          00000DDC2CC42520  Unknown               Unknown  Unknown
libc.so.6          00000DDC2CD25DEA  epoll_wait            Unknown  Unknown
No errorforrtl: error (78): process killed (SIGTERM)
Image              PC                Routine            Line        Source             
libc.so.6          0000112C0B042520  Unknown               Unknown  Unknown
libc.so.6          0000112C0B125DEA  epoll_wait            Unknown  Unknown
No errorforrtl: error (78): process killed (SIGTERM)
Image              PC                Routine            Line        Source             
libc.so.6          0000067AA6242520  Unknown               Unknown  Unknown
libc.so.6          0000067AA6325DEA  epoll_wait            Unknown  Unknown
No errorforrtl: error (78): process killed (SIGTERM)
Image              PC                Routine            Line        Source             
libc.so.6          00000FAB0E242520  Unknown               Unknown  Unknown
libc.so.6          00000FAB0E325DEA  epoll_wait            Unknown  Unknown
No errorforrtl: error (78): process killed (SIGTERM)
Image              PC                Routine            Line        Source             
libc.so.6          00000BADCC242520  Unknown               Unknown  Unknown
libc.so.6          00000BADCC325DEA  epoll_wait            Unknown  Unknown
No errorforrtl: error (78): process killed (SIGTERM)
Image              PC                Routine            Line        Source             
libc.so.6          00000E6344642520  Unknown               Unknown  Unknown
libc.so.6          00000E6344725DEA  epoll_wait            Unknown  Unknown
No errorforrtl: error (78): process killed (SIGTERM)
Image              PC                Routine            Line        Source             
libc.so.6          00000FAAE7442520  Unknown               Unknown  Unknown
libc.so.6          00000FAAE7525DEA  epoll_wait            Unknown  Unknown
No errorforrtl: error (78): process killed (SIGTERM)
Image              PC                Routine            Line        Source             
libc.so.6          00000A2327442520  Unknown               Unknown  Unknown
libc.so.6          00000A2327525DEA  epoll_wait            Unknown  Unknown
No errorforrtl: error (78): process killed (SIGTERM)
Image              PC                Routine            Line        Source             
libc.so.6          0000125544C42520  Unknown               Unknown  Unknown
libc.so.6          0000125544D25DEA  epoll_wait            Unknown  Unknown
No errorforrtl: error (78): process killed (SIGTERM)
Image              PC                Routine            Line        Source             
libc.so.6          00001058EA642520  Unknown               Unknown  Unknown
libc.so.6          00001058EA725DEA  epoll_wait            Unknown  Unknown
No errorforrtl: error (78): process killed (SIGTERM)
Image              PC                Routine            Line        Source             
libc.so.6          00000D6A50E42520  Unknown               Unknown  Unknown
libc.so.6          00000D6A50F25DEA  epoll_wait            Unknown  Unknown
No errorforrtl: error (78): process killed (SIGTERM)
Image              PC                Routine            Line        Source             
libc.so.6          000014E8BDE42520  Unknown               Unknown  Unknown
libc.so.6          000014E8BDF25DEA  epoll_wait            Unknown  Unknown
No errorforrtl: error (78): process killed (SIGTERM)
Image              PC                Routine            Line        Source             
libc.so.6          000006A4C4642520  Unknown               Unknown  Unknown
libc.so.6          000006A4C4725DEA  epoll_wait            Unknown  Unknown
No errorforrtl: error (78): process killed (SIGTERM)
Image              PC                Routine            Line        Source             
libc.so.6          00000CE7B3842520  Unknown               Unknown  Unknown
libc.so.6          00000CE7B3925DEA  epoll_wait            Unknown  Unknown
No errorforrtl: error (78): process killed (SIGTERM)
Image              PC                Routine            Line        Source             
libc.so.6          000005D4A0042520  Unknown               Unknown  Unknown
libc.so.6          000005D4A0125DEA  epoll_wait            Unknown  Unknown
No errorforrtl: error (78): process killed (SIGTERM)
Image              PC                Routine            Line        Source             
libc.so.6          00000EA966442520  Unknown               Unknown  Unknown
libc.so.6          00000EA966525DEA  epoll_wait            Unknown  Unknown
No errorforrtl: error (78): process killed (SIGTERM)
Image              PC                Routine            Line        Source             
libc.so.6          0000084F99042520  Unknown               Unknown  Unknown
libc.so.6          0000084F99125DEA  epoll_wait            Unknown  Unknown
libtcp-fi.so       0000084F97218DFC  Unknown               Unknown  Unknown
No errorforrtl: error (78): process killed (SIGTERM)
Image              PC                Routine            Line        Source             
libc.so.6          0000135783642520  Unknown               Unknown  Unknown
libc.so.6          0000135783725DEA  epoll_wait            Unknown  Unknown
libtcp-fi.so       0000135781818DFC  Unknown               Unknown  Unknown
No errorforrtl: error (78): process killed (SIGTERM)
Image              PC                Routine            Line        Source             
libc.so.6          000005D0E5042520  Unknown               Unknown  Unknown
libc.so.6          000005D0E5125DEA  epoll_wait            Unknown  Unknown
libtcp-fi.so       000005D0E3218DFC  Unknown               Unknown  Unknown
No errorforrtl: error (78): process killed (SIGTERM)
Image              PC                Routine            Line        Source             
libc.so.6          0000117EA7242520  Unknown               Unknown  Unknown
libc.so.6          0000117EA7325DEA  epoll_wait            Unknown  Unknown
libtcp-fi.so       0000117EA5418DFC  Unknown               Unknown  Unknown
No errorforrtl: error (78): process killed (SIGTERM)
Image              PC                Routine            Line        Source             
libc.so.6          00000C34E4E42520  Unknown               Unknown  Unknown
libc.so.6          00000C34E4F25DEA  epoll_wait            Unknown  Unknown
libtcp-fi.so       00000C34E3018DFC  Unknown               Unknown  Unknown
No errorforrtl: error (78): process killed (SIGTERM)
Image              PC                Routine            Line        Source             
libc.so.6          0000110E5C442520  Unknown               Unknown  Unknown
libc.so.6          0000110E5C525DEA  epoll_wait            Unknown  Unknown
libtcp-fi.so       0000110E5A618DFC  Unknown               Unknown  Unknown
No errorforrtl: error (78): process killed (SIGTERM)
Image              PC                Routine            Line        Source             
libc.so.6          000014948E042520  Unknown               Unknown  Unknown
libc.so.6          000014948E125DEA  epoll_wait            Unknown  Unknown
libtcp-fi.so       000014948C218DFC  Unknown               Unknown  Unknown
No errorforrtl: error (78): process killed (SIGTERM)
Image              PC                Routine            Line        Source             
libc.so.6          0000153938E42520  Unknown               Unknown  Unknown
libc.so.6          0000153938F25DEA  epoll_wait            Unknown  Unknown
No errorforrtl: error (78): process killed (SIGTERM)
Image              PC                Routine            Line        Source             
libc.so.6          00000ED471842520  Unknown               Unknown  Unknown
libc.so.6          00000ED471925DEA  epoll_wait            Unknown  Unknown
No errorforrtl: error (78): process killed (SIGTERM)
Image              PC                Routine            Line        Source             
libc.so.6          000007BF4BE42520  Unknown               Unknown  Unknown
libc.so.6          000007BF4BF25DEA  epoll_wait            Unknown  Unknown
No errorforrtl: error (78): process killed (SIGTERM)
Image              PC                Routine            Line        Source             
libc.so.6          00000DD9A7442520  Unknown               Unknown  Unknown
libc.so.6          00000DD9A7525DEA  epoll_wait            Unknown  Unknown
No errorforrtl: error (78): process killed (SIGTERM)
Image              PC                Routine            Line        Source             
libc.so.6          0000141396442520  Unknown               Unknown  Unknown
libc.so.6          0000141396525DEA  epoll_wait            Unknown  Unknown
No errorforrtl: error (78): process killed (SIGTERM)
Image              PC                Routine            Line        Source             
libc.so.6          0000122727242520  Unknown               Unknown  Unknown
libc.so.6          0000122727325DEA  epoll_wait            Unknown  Unknown
No errorforrtl: error (78): process killed (SIGTERM)
Image              PC                Routine            Line        Source             
libc.so.6          00000A3236E42520  Unknown               Unknown  Unknown
libc.so.6          00000A3236F25DEA  epoll_wait            Unknown  Unknown
libtcp-fi.so       00000A3235018DFC  Unknown               Unknown  Unknown
No errorforrtl: error (78): process killed (SIGTERM)
Image              PC                Routine            Line        Source             
libc.so.6          00001169F9A42520  Unknown               Unknown  Unknown
libc.so.6          00001169F9B25DEA  epoll_wait            Unknown  Unknown
No errorforrtl: error (78): process killed (SIGTERM)
Image              PC                Routine            Line        Source             
libc.so.6          00000B6FBD042520  Unknown               Unknown  Unknown
libc.so.6          00000B6FBD125DEA  epoll_wait            Unknown  Unknown
No errorforrtl: error (78): process killed (SIGTERM)
Image              PC                Routine            Line        Source             
libc.so.6          00000AA177442520  Unknown               Unknown  Unknown
libc.so.6          00000AA177525DEA  epoll_wait            Unknown  Unknown
No errorforrtl: error (78): process killed (SIGTERM)
Image              PC                Routine            Line        Source             
libc.so.6          00000923CCE42520  Unknown               Unknown  Unknown
libc.so.6          00000923CCF25DEA  epoll_wait            Unknown  Unknown
No errorforrtl: error (78): process killed (SIGTERM)
Image              PC                Routine            Line        Source             
libc.so.6          0000073F83C42520  Unknown               Unknown  Unknown
libc.so.6          0000073F83D25DEA  epoll_wait            Unknown  Unknown
No errorforrtl: error (78): process killed (SIGTERM)
Image              PC                Routine            Line        Source             
libc.so.6          0000135954242520  Unknown               Unknown  Unknown
libc.so.6          0000135954325DEA  epoll_wait            Unknown  Unknown
No errorforrtl: error (78): process killed (SIGTERM)
Image              PC                Routine            Line        Source             
libc.so.6          00000C388CA42520  Unknown               Unknown  Unknown
libc.so.6          00000C388CB25DEA  epoll_wait            Unknown  Unknown
No errorforrtl: error (78): process killed (SIGTERM)
Image              PC                Routine            Line        Source             
libc.so.6          00001310C8A42520  Unknown               Unknown  Unknown
libc.so.6          00001310C8B25DEA  epoll_wait            Unknown  Unknown
No errorforrtl: error (78): process killed (SIGTERM)
Image              PC                Routine            Line        Source             
libc.so.6          00000D4025842520  Unknown               Unknown  Unknown
libc.so.6          00000D4025925DEA  epoll_wait            Unknown  Unknown
No errorforrtl: error (78): process killed (SIGTERM)
Image              PC                Routine            Line        Source             
libc.so.6          000011EF05642520  Unknown               Unknown  Unknown
libc.so.6          000011EF05725DEA  epoll_wait            Unknown  Unknown
libtcp-fi.so       000011EF03818DFC  Unknown               Unknown  Unknown
No errorforrtl: error (78): process killed (SIGTERM)
Image              PC                Routine            Line        Source             
libc.so.6          00001378E5242520  Unknown               Unknown  Unknown
libc.so.6          00001378E5325DEA  epoll_wait            Unknown  Unknown
libtcp-fi.so       00001378E3418DFC  Unknown               Unknown  Unknown
No errorforrtl: error (78): process killed (SIGTERM)
Image              PC                Routine            Line        Source             
libc.so.6          000007D3F1A42520  Unknown               Unknown  Unknown
libc.so.6          000007D3F1B25DEA  epoll_wait            Unknown  Unknown
libtcp-fi.so       000007D3EFC18DFC  Unknown               Unknown  Unknown
No errorforrtl: error (78): process killed (SIGTERM)
Image              PC                Routine            Line        Source             
libc.so.6          000007766FC42520  Unknown               Unknown  Unknown
libc.so.6          000007766FD25DEA  epoll_wait            Unknown  Unknown
libtcp-fi.so       000007766DE18DFC  Unknown               Unknown  Unknown
No errorforrtl: error (78): process killed (SIGTERM)
Image              PC                Routine            Line        Source             
libc.so.6          00000F5DAEA42520  Unknown               Unknown  Unknown
libc.so.6          00000F5DAEB25DEA  epoll_wait            Unknown  Unknown
libtcp-fi.so       00000F5DACC18DFC  Unknown               Unknown  Unknown
No errorforrtl: error (78): process killed (SIGTERM)
Image              PC                Routine            Line        Source             
libc.so.6          000006B3C1C42520  Unknown               Unknown  Unknown
libc.so.6          000006B3C1D25DEA  epoll_wait            Unknown  Unknown
libtcp-fi.so       000006B3BFE18DFC  Unknown               Unknown  Unknown
No errorforrtl: error (78): process killed (SIGTERM)
Image              PC                Routine            Line        Source             
libc.so.6          00000D4877442520  Unknown               Unknown  Unknown
libc.so.6          00000D4877525DEA  epoll_wait            Unknown  Unknown
libtcp-fi.so       00000D4875618DFC  Unknown               Unknown  ‹ ¤x's¿No errorforrtl: error (78): process killed (SIGTERM)
Image              PC                Routine            Line        Source             
libc.so.6          00000680DBC42520  Unknown               Unknown  Unknown
libc.so.6          00000680DBD25DEA  epoll_wait            Unknown  Unknown
libtcp-fi.so       00000680D9E18DFC  Unknown               Unknown  Unknown
No errorforrtl: error (78): process killed (SIGTERM)
Image              PC                Routine            Line        Source             
libc.so.6          000008601CA42520  Unknown               Unknown  Unknown
libc.so.6          000008601CB25DEA  epoll_wait            Unknown  Unknown
libtcp-fi.so       000008601AC18DFC  Unknown               Unknown  Unknown
No errorforrtl: error (78): process killed (SIGTERM)
Image              PC                Routine            Line        Source             
libc.so.6          00000F68A4842520  Unknown               Unknown  Unknown
libc.so.6          00000F68A4925DEA  epoll_wait            Unknown  Unknown
libtcp-fi.so       00000F68A2A18DFC  Unknown               Unknown  Unknown
No errorforrtl: error (78): process killed (SIGTERM)
Image              PC                Routine            Line        Source             
libc.so.6          000010AA43A42520  Unknown               Unknown  Unknown
libc.so.6          000010AA43B25DEA  epoll_wait            Unknown  Unknown
libtcp-fi.so       000010AA41C18DFC  Unknown               Unknown  Unknown
No errorforrtl: error (78): process killed (SIGTERM)
Image              PC                Routine            Line        Source             
libc.so.6          000008D1BE842520  Unknown               Unknown  Unknown
libc.so.6          000008D1BE925DEA  epoll_wait            Unknown  Unknown
libtcp-fi.so       000008D1BCA18DFC  Unknown               Unknown  Unknown
No errorforrtl: error (78): process killed (SIGTERM)
Image              PC                Routine            Line        Source             
libc.so.6          000014DEB2C42520  Unknown               Unknown  Unknown
No errorforrtl: error (78): process killed (SIGTERM)
Image              PC                Routine            Line        Source             
libc.so.6          00000C07C6442520  Unknown               Unknown  Unknown
No errorforrtl: error (78): process killed (SIGTERM)
Image              PC                Routine            Line        Source             
libc.so.6          000013DB02A42520  Unknown               Unknown  Unknown
No errorforrtl: error (78): process killed (SIGTERM)
Image              PC                Routine            Line        Source             
libc.so.6          0000089FC5442520  Unknown               Unknown  Unknown
No errorforrtl: error (78): process killed (SIGTERM)
Image              PC                Routine            Line        Source             
libc.so.6          00000ECDEB842520  Unknown               Unknown  Unknown
No errorforrtl: error (78): process killed (SIGTERM)
Image              PC                Routine            Line        Source             
libc.so.6          000008562BA42520  Unknown               Unknown  Unknown
No errorforrtl: error (78): process killed (SIGTERM)
Image              PC                Routine            Line        Source             
libc.so.6          00000D6F33042520  Unknown               Unknown  Unknown
No errorforrtl: error (78): process killed (SIGTERM)
Image              PC                Routine            Line        Source             
libc.so.6          00000B5611842520  Unknown               Unknown  Unknown
No errorforrtl: error (78): process killed (SIGTERM)
Image              PC                Routine            Line        Source             
libc.so.6          0000092E69242520  Unknown               Unknown  Unknown
No errorforrtl: error (78): process killed (SIGTERM)
Image              PC                Routine            Line        Source             
libc.so.6          000013BBC1842520  Unknown               Unknown  Unknown
No errorforrtl: error (78): process killed (SIGTERM)
Image              PC                Routine            Line        Source             
libc.so.6          0000105CD9442520  Unknown               Unknown  Unknown
No errorforrtl: error (78): process killed (SIGTERM)
Image              PC                Routine            Line        Source             
libc.so.6          00000A552C042520  Unknown               Unknown  Unknown
libc.so.6          00000A552C125DEA  epoll_wait            Unknown  Unknown
No errorforrtl: error (78): process killed (SIGTERM)
Image              PC                Routine            Line        Source             
libc.so.6          00000BAC87A42520  Unknown               Unknown  Unknown
libc.so.6          00000BAC87B25DEA  epoll_wait            Unknown  Unknown
No errorforrtl: error (78): process killed (SIGTERM)
Image              PC                Routine            Line        Source             
libc.so.6          00000DE4C1042520  Unknown               Unknown  Unknown
libc.so.6          00000DE4C1125DEA  epoll_wait            Unknown  Unknown
No errorforrtl: error (78): process killed (SIGTERM)
Image              PC                Routine            Line        Source             
libc.so.6          00000E46BBA42520  Unknown               Unknown  Unknown
libc.so.6          00000E46BBB25DEA  epoll_wait            Unknown  Unknown
No errorforrtl: error (78): process killed (SIGTERM)
Image              PC                Routine            Line        Source             
libc.so.6          0000146797242520  Unknown               Unknown  Unknown
No errorforrtl: error (78): process killed (SIGTERM)
Image              PC                Routine            Line        Source             
libc.so.6          0000060C3CA42520  Unknown               Unknown  Unknown
No errorforrtl: error (78): process killed (SIGTERM)
Image              PC                Routine            Line        Source             
libc.so.6          00000F13A8042520  Unknown               Unknown  Unknown
libc.so.6          00000F13A8125DEA  epoll_wait            Unknown  Unknown
No errorforrtl: error (78): process killed (SIGTERM)
Image              PC                Routine            Line        Source             
libc.so.6          00000F653A642520  Unknown               Unknown  Unknown
libc.so.6          00000F653A725DEA  epoll_wait            Unknown  Unknown
No errorforrtl: error (78): process killed (SIGTERM)
Image              PC                Routine            Line        Source             
libc.so.6          00000564A3442520  Unknown               Unknown  Unknown
libc.so.6          00000564A3525DEA  epoll_wait            Unknown  Unknown
No errorforrtl: error (78): process killed (SIGTERM)
Image              PC                Routine            Line        Source             
libc.so.6          00000FA6A7642520  Unknown               Unknown  Unknown
libc.so.6          00000FA6A7725DEA  epoll_wait            Unknown  Unknown
No errorforrtl: error (78): process killed (SIGTERM)
Image              PC                Routine            Line        Source             
libc.so.6          00001339FF242520  Unknown               Unknown  Unknown
libc.so.6          00001339FF325DEA  epoll_wait            Unknown  Unknown
No errorforrtl: error (78): process killed (SIGTERM)
Image              PC                Routine            Line        Source             
libc.so.6          00000E40DE642520  Unknown               Unknown  Unknown
libtcp-fi.so       00000E40DC82DA8E  Unknown               Unknown  Unknown
No errorforrtl: error (78): process killed (SIGTERM)
Image              PC                Routine            Line        Source             
libc.so.6          0000065B1EC42520  Unknown               Unknown  Unknown
libc.so.6          0000065B1ED25DEA  epoll_wait            Unknown  Unknown
No errorforrtl: error (78): process killed (SIGTERM)
Image              PC                Routine            Line        Source             
libc.so.6          00000FFFC2642520  Unknown               Unknown  Unknown
No errorforrtl: error (78): process killed (SIGTERM)
Image              PC                Routine            Line        Source             
libc.so.6          00000EB62F242520  Unknown               Unknown  Unknown
libc.so.6          00000EB62F325DEA  epoll_wait            Unknown  Unknown
No errorforrtl: error (78): process killed (SIGTERM)
Image              PC                Routine            Line        Source             
libc.so.6          00000B0566A42520  Unknown               Unknown  Unknown
libc.so.6          00000B0566B25DEA  epoll_wait            Unknown  Unknown
No errorforrtl: error (78): process killed (SIGTERM)
Image              PC                Routine            Line        Source             
libc.so.6          00000711FD042520  Unknown               Unknown  Unknown
libc.so.6          00000711FD125DEA  epoll_wait            Unknown  Unknown
No errorforrtl: error (78): process killed (SIGTERM)
Image              PC                Routine            Line        Source             
libc.so.6          000008FFE1042520  Unknown               Unknown  Unknown
libc.so.6          000008FFE1125DEA  epoll_wait            Unknown  Unknown
No errorforrtl: error (78): process killed (SIGTERM)
Image              PC                Routine            Line        Source             
libc.so.6          0000082877E42520  Unknown               Unknown  Unknown
libc.so.6          0000082877F25DEA  epoll_wait            Unknown  Unknown
No errorforrtl: error (78): process killed (SIGTERM)
Image              PC                Routine            Line        Source             
libc.so.6          00000E8A67E42520  Unknown               Unknown  Unknown
libc.so.6          00000E8A67F25DEA  epoll_wait            Unknown  Unknown
No errorforrtl: error (78): process killed (SIGTERM)
Image              PC                Routine            Line        Source             
libc.so.6          000008A48F642520  Unknown               Unknown  Unknown
libc.so.6          000008A48F725DEA  epoll_wait            Unknown  Unknown
No errorforrtl: error (78): process killed (SIGTERM)
Image              PC                Routine            Line        Source             
libc.so.6          000006F556C42520  Unknown               Unknown  Unknown
libc.so.6          000006F556D25DEA  epoll_wait            Unknown  Unknown
No errorforrtl: error (78): process killed (SIGTERM)
Image              PC                Routine            Line        Source             
libc.so.6          00000EFE2BA42520  Unknown               Unknown  Unknown
libc.so.6          00000EFE2BB25DEA  epoll_wait            Unknown  Unknown
No errorforrtl: error (78): process killed (SIGTERM)
Image              PC                Routine            Line        Source             
libc.so.6          00000F3062242520  Unknown               Unknown  Unknown
libc.so.6          00000F3062325DEA  epoll_wait            Unknown  Unknown
No errorforrtl: error (78): process killed (SIGTERM)
Image              PC                Routine            Line        Source             
libc.so.6          00000ABF59E42520  Unknown               Unknown  Unknown
libc.so.6          00000ABF59F25DEA  epoll_wait            Unknown  Unknown
No errorforrtl: error (78): process killed (SIGTERM)
Image              PC                Routine            Line        Source             
libc.so.6          0000146EA9042520  Unknown               Unknown  Unknown
libc.so.6          0000146EA9125DEA  epoll_wait            Unknown  Unknown
No errorforrtl: error (78): process killed (SIGTERM)
Image              PC                Routine            Line        Source             
libc.so.6          00000B64E2A42520  Unknown               Unknown  Unknown
libc.so.6          00000B64E2B25DEA  epoll_wait            Unknown  Unknown
No errorforrtl: error (78): process killed (SIGTERM)
Image              PC                Routine            Line        Source             
libc.so.6          00000CE0A0C42520  Unknown               Unknown  Unknown
libc.so.6          00000CE0A0D25DEA  epoll_wait            Unknown  Unknown
No errorforrtl: error (78): process killed (SIGTERM)
Image              PC                Routine            Line        Source             
libc.so.6          00000E1B45C42520  Unknown               Unknown  Unknown
libc.so.6          00000E1B45D25DEA  epoll_wait            Unknown  Unknown
No errorforrtl: error (78): process killed (SIGTERM)
Image              PC                Routine            Line        Source             
libc.so.6          00000BF25FE42520  Unknown               Unknown  Unknown
No errorforrtl: error (78): process killed (SIGTERM)
Image              PC                Routine            Line        Source             
libc.so.6          000012DE34E42520  Unknown               Unknown  Unknown
No errorforrtl: error (78): process killed (SIGTERM)
Image              PC                Routine            Line        Source             
libc.so.6          00000D9FB2242520  Unknown               Unknown  Unknown
libc.so.6          00000D9FB2325DEA  epoll_wait            Unknown  Unknown
No errorforrtl: error (78): process killed (SIGTERM)
Image              PC                Routine            Line        Source             
libc.so.6          0000070BAF442520  Unknown               Unknown  Unknown
libc.so.6          0000070BAF525DEA  epoll_wait            Unknown  Unknown
No errorforrtl: error (78): process killed (SIGTERM)
Image              PC                Routine            Line        Source             
libc.so.6          00001090EBE42520  Unknown               Unknown  Unknown
libc.so.6          00001090EBF25DEA  epoll_wait            Unknown  Unknown
No errorforrtl: error (78): process killed (SIGTERM)
Image              PC                Routine            Line        Source             
libc.so.6          00001274A6A42520  Unknown               Unknown  Unknown
libc.so.6          00001274A6B25DEA  epoll_wait            Unknown  Unknown
No errorforrtl: error (78): process killed (SIGTERM)
Image              PC                Routine            Line        Source             
libc.so.6          0000130B42C42520  Unknown               Unknown  Unknown
libc.so.6          0000130B42D25DEA  epoll_wait            Unknown  Unknown
No errorforrtl: error (78): process killed (SIGTERM)
Image              PC                Routine            Line        Source             
libc.so.6          000006B2C6842520  Unknown               Unknown  Unknown
libc.so.6          000006B2C6925DEA  epoll_wait            Unknown  Unknown
No errorforrtl: error (78): process killed (SIGTERM)
Image              PC                Routine            Line        Source             
libc.so.6          000011DD5BA42520  Unknown               Unknown  Unknown
libc.so.6          000011DD5BB25DEA  epoll_wait            Unknown  Unknown
No errorforrtl: error (78): process killed (SIGTERM)
Image              PC                Routine            Line        Source             
libc.so.6          00000A72AE242520  Unknown               Unknown  Unknown
libc.so.6          00000A72AE325DEA  epoll_wait            Unknown  Unknown
No errorforrtl: error (78): process killed (SIGTERM)
Image              PC                Routine            Line        Source             
libc.so.6          00000F30A3642520  Unknown               Unknown  Unknown
libc.so.6          00000F30A3725DEA  epoll_wait            Unknown  Unknown
No errorforrtl: error (78): process killed (SIGTERM)
Image              PC                Routine            Line        Source             
libc.so.6          000010B683242520  Unknown               Unknown  Unknown
libc.so.6          000010B683325DEA  epoll_wait            Unknown  Unknown
No errorforrtl: error (78): process killed (SIGTERM)
Image              PC                Routine            Line        Source             
libc.so.6          00000D5A4CE42520  Unknown               Unknown  Unknown
libc.so.6          00000D5A4CF25DEA  epoll_wait            Unknown  Unknown
No errorforrtl: error (78): process killed (SIGTERM)
Image              PC                Routine            Line        Source             
libc.so.6          0000088066842520  Unknown               Unknown  Unknown
libc.so.6          0000088066925DEA  epoll_wait            Unknown  Unknown
No errorforrtl: error (78): process killed (SIGTERM)
Image              PC                Routine            Line        Source             
libc.so.6          0000141961E42520  Unknown               Unknown  Unknown
libc.so.6          0000141961F25DEA  epoll_wait            Unknown  Unknown
No errorforrtl: error (78): process killed (SIGTERM)
Image              PC                Routine            Line        Source             
libc.so.6          000008F92F042520  Unknown               Unknown  Unknown
libc.so.6          000008F92F125DEA  epoll_wait            Unknown  Unknown
No errorforrtl: error (78): process killed (SIGTERM)
Image              PC                Routine            Line        Source             
libc.so.6          00000B3711C42520  Unknown               Unknown  Unknown
libc.so.6          00000B3711D25DEA  epoll_wait            Unknown  Unknown
No errorforrtl: error (78): process killed (SIGTERM)
Image              PC                Routine            Line        Source             
libc.so.6          00000D8DA5242520  Unknown               Unknown  Unknown
libc.so.6          00000D8DA5325DEA  epoll_wait            Unknown  Unknown
No errorforrtl: error (78): process killed (SIGTERM)
Image              PC                Routine            Line        Source             
libc.so.6          0000118B07C42520  Unknown               Unknown  Unknown
libc.so.6          0000118B07D25DEA  epoll_wait            Unknown  Unknown
No errorforrtl: error (78): process killed (SIGTERM)
Image              PC                Routine            Line        Source             
libc.so.6          000014ACAF442520  Unknown               Unknown  Unknown
libc.so.6          000014ACAF525DEA  epoll_wait            Unknown  Unknown
No errorforrtl: error (78): process killed (SIGTERM)
Image              PC                Routine            Line        Source             
libc.so.6          00001001C7442520  Unknown               Unknown  Unknown
libc.so.6          00001001C7525DEA  epoll_wait            Unknown  Unknown
No errorsrun: got SIGCONT
srun: forcing job termination
