srun: Job step aborted: Waiting up to 32 seconds for job step to finish.
slurmstepd-localhost: error: *** JOB 1033 ON localhost CANCELLED AT 2024-12-09T06:08:19 DUE TO TIME LIMIT ***
slurmstepd-localhost: error: *** STEP 1033.0 ON localhost CANCELLED AT 2024-12-09T06:08:19 DUE TO TIME LIMIT ***
forrtl: error (78): process killed (SIGTERM)
Image              PC                Routine            Line        Source             
libc.so.6          0000112155C42520  Unknown               Unknown  Unknown
aims.240605.scala  0000000002A90600  Unknown               Unknown  Unknown
aims.240605.scala  000000000278BEBB  Unknown               Unknown  Unknown
aims.240605.scala  0000000002733FC5  Unknown               Unknown  Unknown
aims.240605.scala  000000000074E96D  Unknown               Unknown  Unknown
aims.240605.scala  0000000000414B1B  Unknown               Unknown  Unknown
aims.240605.scala  0000000000413DE7  Unknown               Unknown  Unknown
aims.240605.scala  0000000000415B30  Unknown               Unknown  Unknown
aims.240605.scala  0000000000413DBD  Unknown               Unknown  Unknown
libc.so.6          0000112155C29D90  Unknown               Unknown  Unknown
libc.so.6          0000112155C29E40  __libc_start_main     Unknown  Unknown
aims.240605.scala  0000000000413CD5  Unknown               Unknown  Unknown
forrtl: error (78): process killed (SIGTERM)
Image              PC                Routine            Line        Source             
libc.so.6          00001093D0C42520  Unknown               Unknown  Unknown
aims.240605.scala  0000000002A90656  Unknown               Unknown  Unknown
aims.240605.scala  000000000278BEBB  Unknown               Unknown  Unknown
aims.240605.scala  0000000002733FC5  Unknown               Unknown  Unknown
aims.240605.scala  000000000074E96D  Unknown               Unknown  Unknown
aims.240605.scala  0000000000414B1B  Unknown               Unknown  Unknown
aims.240605.scala  0000000000413DE7  Unknown               Unknown  Unknown
aims.240605.scala  0000000000415B30  Unknown               Unknown  Unknown
aims.240605.scala  0000000000413DBD  Unknown               Unknown  Unknown
libc.so.6          00001093D0C29D90  Unknown               Unknown  Unknown
libc.so.6          00001093D0C29E40  __libc_start_main     Unknown  Unknown
aims.240605.scala  0000000000413CD5  Unknown               Unknown  Unknown
forrtl: error (78): process killed (SIGTERM)
Image              PC                Routine            Line        Source             
libc.so.6          0000096AB2442520  Unknown               Unknown  Unknown
aims.240605.scala  0000000001B5543E  Unknown               Unknown  Unknown
aims.240605.scala  0000000002A9067D  Unknown               Unknown  Unknown
aims.240605.scala  000000000278BEBB  Unknown               Unknown  Unknown
aims.240605.scala  0000000002733FC5  Unknown               Unknown  Unknown
aims.240605.scala  000000000074E96D  Unknown               Unknown  Unknown
aims.240605.scala  0000000000414B1B  Unknown               Unknown  Unknown
aims.240605.scala  0000000000413DE7  Unknown               Unknown  Unknown
aims.240605.scala  0000000000415B30  Unknown               Unknown  Unknown
aims.240605.scala  0000000000413DBD  Unknown               Unknown  Unknown
libc.so.6          0000096AB2429D90  Unknown               Unknown  Unknown
libc.so.6          0000096AB2429E40  __libc_start_main     Unknown  Unknown
aims.240605.scala  0000000000413CD5  Unknown               Unknown  Unknown
forrtl: error (78): process killed (SIGTERM)
Image              PC                Routine            Line        Source             
libc.so.6          00000F5319442520  Unknown               Unknown  Unknown
aims.240605.scala  0000000002A90600  Unknown               Unknown  Unknown
aims.240605.scala  000000000278BEBB  Unknown               Unknown  Unknown
aims.240605.scala  0000000002733FC5  Unknown               Unknown  Unknown
aims.240605.scala  000000000074E96D  Unknown               Unknown  Unknown
aims.240605.scala  0000000000414B1B  Unknown               Unknown  Unknown
aims.240605.scala  0000000000413DE7  Unknown               Unknown  Unknown
aims.240605.scala  0000000000415B30  Unknown               Unknown  Unknown
aims.240605.scala  0000000000413DBD  Unknown               Unknown  Unknown
libc.so.6          00000F5319429D90  Unknown               Unknown  Unknown
libc.so.6          00000F5319429E40  __libc_start_main     Unknown  Unknown
aims.240605.scala  0000000000413CD5  Unknown               Unknown  Unknown
forrtl: error (78): process killed (SIGTERM)
Image              PC                Routine            Line        Source             
libc.so.6          0000101669842520  Unknown               Unknown  Unknown
aims.240605.scala  0000000002A90627  Unknown               Unknown  Unknown
aims.240605.scala  000000000278BEBB  Unknown               Unknown  Unknown
aims.240605.scala  0000000002733FC5  Unknown               Unknown  Unknown
aims.240605.scala  000000000074E96D  Unknown               Unknown  Unknown
aims.240605.scala  0000000000414B1B  Unknown               Unknown  Unknown
aims.240605.scala  0000000000413DE7  Unknown               Unknown  Unknown
aims.240605.scala  0000000000415B30  Unknown               Unknown  Unknown
aims.240605.scala  0000000000413DBD  Unknown               Unknown  Unknown
libc.so.6          0000101669829D90  Unknown               Unknown  Unknown
libc.so.6          0000101669829E40  __libc_start_main     Unknown  Unknown
aims.240605.scala  0000000000413CD5  Unknown               Unknown  Unknown
forrtl: error (78): process killed (SIGTERM)
Image              PC                Routine            Line        Source             
libc.so.6          0000089770E42520  Unknown               Unknown  Unknown
aims.240605.scala  0000000002A9068A  Unknown               Unknown  Unknown
aims.240605.scala  000000000278BEBB  Unknown               Unknown  Unknown
aims.240605.scala  0000000002733FC5  Unknown               Unknown  Unknown
aims.240605.scala  000000000074E96D  Unknown               Unknown  Unknown
aims.240605.scala  0000000000414B1B  Unknown               Unknown  Unknown
aims.240605.scala  0000000000413DE7  Unknown               Unknown  Unknown
aims.240605.scala  0000000000415B30  Unknown               Unknown  Unknown
aims.240605.scala  0000000000413DBD  Unknown               Unknown  Unknown
libc.so.6          0000089770E29D90  Unknown               Unknown  Unknown
libc.so.6          0000089770E29E40  __libc_start_main     Unknown  Unknown
aims.240605.scala  0000000000413CD5  Unknown               Unknown  Unknown
forrtl: error (78): process killed (SIGTERM)
Image              PC                Routine            Line        Source             
libc.so.6          0000071772442520  Unknown               Unknown  Unknown
aims.240605.scala  0000000002A9068A  Unknown               Unknown  Unknown
aims.240605.scala  000000000278BEBB  Unknown               Unknown  Unknown
aims.240605.scala  0000000002733FC5  Unknown               Unknown  Unknown
aims.240605.scala  000000000074E96D  Unknown               Unknown  Unknown
aims.240605.scala  0000000000414B1B  Unknown               Unknown  Unknown
aims.240605.scala  0000000000413DE7  Unknown               Unknown  Unknown
aims.240605.scala  0000000000415B30  Unknown               Unknown  Unknown
aims.240605.scala  0000000000413DBD  Unknown               Unknown  Unknown
libc.so.6          0000071772429D90  Unknown               Unknown  Unknown
libc.so.6          0000071772429E40  __libc_start_main     Unknown  Unknown
aims.240605.scala  0000000000413CD5  Unknown               Unknown  Unknown
forrtl: error (78): process killed (SIGTERM)
Image              PC                Routine            Line        Source             
libc.so.6          000006953FC42520  Unknown               Unknown  Unknown
aims.240605.scala  0000000002A90600  Unknown               Unknown  Unknown
aims.240605.scala  000000000278BEBB  Unknown               Unknown  Unknown
aims.240605.scala  0000000002733FC5  Unknown               Unknown  Unknown
aims.240605.scala  000000000074E96D  Unknown               Unknown  Unknown
aims.240605.scala  0000000000414B1B  Unknown               Unknown  Unknown
aims.240605.scala  0000000000413DE7  Unknown               Unknown  Unknown
aims.240605.scala  0000000000415B30  Unknown               Unknown  Unknown
aims.240605.scala  0000000000413DBD  Unknown               Unknown  Unknown
libc.so.6          000006953FC29D90  Unknown               Unknown  Unknown
libc.so.6          000006953FC29E40  __libc_start_main     Unknown  Unknown
aims.240605.scala  0000000000413CD5  Unknown               Unknown  Unknown
forrtl: error (78): process killed (SIGTERM)
Image              PC                Routine            Line        Source             
libc.so.6          00000F4117A42520  Unknown               Unknown  Unknown
aims.240605.scala  0000000002A90600  Unknown               Unknown  Unknown
aims.240605.scala  000000000278BEBB  Unknown               Unknown  Unknown
aims.240605.scala  0000000002733FC5  Unknown               Unknown  Unknown
aims.240605.scala  000000000074E96D  Unknown               Unknown  Unknown
aims.240605.scala  0000000000414B1B  Unknown               Unknown  Unknown
aims.240605.scala  0000000000413DE7  Unknown               Unknown  Unknown
aims.240605.scala  0000000000415B30  Unknown               Unknown  Unknown
aims.240605.scala  0000000000413DBD  Unknown               Unknown  Unknown
libc.so.6          00000F4117A29D90  Unknown               Unknown  Unknown
libc.so.6          00000F4117A29E40  __libc_start_main     Unknown  Unknown
aims.240605.scala  0000000000413CD5  Unknown               Unknown  Unknown
forrtl: error (78): process killed (SIGTERM)
Image              PC                Routine            Line        Source             
libc.so.6          00000C6CE7042520  Unknown               Unknown  Unknown
aims.240605.scala  0000000001B5540E  Unknown               Unknown  Unknown
aims.240605.scala  0000000002A9067D  Unknown               Unknown  Unknown
aims.240605.scala  000000000278BEBB  Unknown               Unknown  Unknown
aims.240605.scala  0000000002733FC5  Unknown               Unknown  Unknown
aims.240605.scala  000000000074E96D  Unknown               Unknown  Unknown
aims.240605.scala  0000000000414B1B  Unknown               Unknown  Unknown
aims.240605.scala  0000000000413DE7  Unknown               Unknown  Unknown
aims.240605.scala  0000000000415B30  Unknown               Unknown  Unknown
aims.240605.scala  0000000000413DBD  Unknown               Unknown  Unknown
libc.so.6          00000C6CE7029D90  Unknown               Unknown  Unknown
libc.so.6          00000C6CE7029E40  __libc_start_main     Unknown  Unknown
aims.240605.scala  0000000000413CD5  Unknown               Unknown  Unknown
forrtl: error (78): process killed (SIGTERM)
Image              PC                Routine            Line        Source             
libc.so.6          000012C1FB242520  Unknown               Unknown  Unknown
aims.240605.scala  0000000001B55457  Unknown               Unknown  Unknown
aims.240605.scala  0000000002A9067D  Unknown               Unknown  Unknown
aims.240605.scala  000000000278BEBB  Unknown               Unknown  Unknown
aims.240605.scala  0000000002733FC5  Unknown               Unknown  Unknown
aims.240605.scala  000000000074E96D  Unknown               Unknown  Unknown
aims.240605.scala  0000000000414B1B  Unknown               Unknown  Unknown
aims.240605.scala  0000000000413DE7  Unknown               Unknown  Unknown
aims.240605.scala  0000000000415B30  Unknown               Unknown  Unknown
aims.240605.scala  0000000000413DBD  Unknown               Unknown  Unknown
libc.so.6          000012C1FB229D90  Unknown               Unknown  Unknown
libc.so.6          000012C1FB229E40  __libc_start_main     Unknown  Unknown
aims.240605.scala  0000000000413CD5  Unknown               Unknown  Unknown
forrtl: error (78): process killed (SIGTERM)
Image              PC                Routine            Line        Source             
libc.so.6          00001046A8642520  Unknown               Unknown  Unknown
aims.240605.scala  0000000001B5541F  Unknown               Unknown  Unknown
aims.240605.scala  0000000002A9067D  Unknown               Unknown  Unknown
aims.240605.scala  000000000278BEBB  Unknown               Unknown  Unknown
aims.240605.scala  0000000002733FC5  Unknown               Unknown  Unknown
aims.240605.scala  000000000074E96D  Unknown               Unknown  Unknown
aims.240605.scala  0000000000414B1B  Unknown               Unknown  Unknown
aims.240605.scala  0000000000413DE7  Unknown               Unknown  Unknown
aims.240605.scala  0000000000415B30  Unknown               Unknown  Unknown
aims.240605.scala  0000000000413DBD  Unknown               Unknown  Unknown
libc.so.6          00001046A8629D90  Unknown               Unknown  Unknown
libc.so.6          00001046A8629E40  __libc_start_main     Unknown  Unknown
aims.240605.scala  0000000000413CD5  Unknown               Unknown  Unknown
forrtl: error (78): process killed (SIGTERM)
Image              PC                Routine            Line        Source             
libc.so.6          00000564C5042520  Unknown               Unknown  Unknown
aims.240605.scala  0000000001B5543E  Unknown               Unknown  Unknown
aims.240605.scala  0000000002A9067D  Unknown               Unknown  Unknown
aims.240605.scala  000000000278BEBB  Unknown               Unknown  Unknown
aims.240605.scala  0000000002733FC5  Unknown               Unknown  Unknown
aims.240605.scala  000000000074E96D  Unknown               Unknown  Unknown
aims.240605.scala  0000000000414B1B  Unknown               Unknown  Unknown
aims.240605.scala  0000000000413DE7  Unknown               Unknown  Unknown
aims.240605.scala  0000000000415B30  Unknown               Unknown  Unknown
aims.240605.scala  0000000000413DBD  Unknown               Unknown  Unknown
libc.so.6          00000564C5029D90  Unknown               Unknown  Unknown
libc.so.6          00000564C5029E40  __libc_start_main     Unknown  Unknown
aims.240605.scala  0000000000413CD5  Unknown               Unknown  Unknown
forrtl: error (78): process killed (SIGTERM)
Image              PC                Routine            Line        Source             
libc.so.6          000012A389C42520  Unknown               Unknown  Unknown
aims.240605.scala  0000000001B5545B  Unknown               Unknown  Unknown
aims.240605.scala  0000000002A9067D  Unknown               Unknown  Unknown
aims.240605.scala  000000000278BEBB  Unknown               Unknown  Unknown
aims.240605.scala  0000000002733FC5  Unknown               Unknown  Unknown
aims.240605.scala  000000000074E96D  Unknown               Unknown  Unknown
aims.240605.scala  0000000000414B1B  Unknown               Unknown  Unknown
aims.240605.scala  0000000000413DE7  Unknown               Unknown  Unknown
aims.240605.scala  0000000000415B30  Unknown               Unknown  Unknown
aims.240605.scala  0000000000413DBD  Unknown               Unknown  Unknown
libc.so.6          000012A389C29D90  Unknown               Unknown  Unknown
libc.so.6          000012A389C29E40  __libc_start_main     Unknown  Unknown
aims.240605.scala  0000000000413CD5  Unknown               Unknown  Unknown
forrtl: error (78): process killed (SIGTERM)
Image              PC                Routine            Line        Source             
libc.so.6          00000E34C4A42520  Unknown               Unknown  Unknown
aims.240605.scala  0000000001B55447  Unknown               Unknown  Unknown
aims.240605.scala  0000000002A9067D  Unknown               Unknown  Unknown
aims.240605.scala  000000000278BEBB  Unknown               Unknown  Unknown
aims.240605.scala  0000000002733FC5  Unknown               Unknown  Unknown
aims.240605.scala  000000000074E96D  Unknown               Unknown  Unknown
aims.240605.scala  0000000000414B1B  Unknown               Unknown  Unknown
aims.240605.scala  0000000000413DE7  Unknown               Unknown  Unknown
aims.240605.scala  0000000000415B30  Unknown               Unknown  Unknown
aims.240605.scala  0000000000413DBD  Unknown               Unknown  Unknown
libc.so.6          00000E34C4A29D90  Unknown               Unknown  Unknown
libc.so.6          00000E34C4A29E40  __libc_start_main     Unknown  Unknown
aims.240605.scala  0000000000413CD5  Unknown               Unknown  Unknown
forrtl: error (78): process killed (SIGTERM)
Image              PC                Routine            Line        Source             
libc.so.6          0000075F05842520  Unknown               Unknown  Unknown
aims.240605.scala  0000000001B5543E  Unknown               Unknown  Unknown
aims.240605.scala  0000000002A9067D  Unknown               Unknown  Unknown
aims.240605.scala  000000000278BEBB  Unknown               Unknown  Unknown
aims.240605.scala  0000000002733FC5  Unknown               Unknown  Unknown
aims.240605.scala  000000000074E96D  Unknown               Unknown  Unknown
aims.240605.scala  0000000000414B1B  Unknown               Unknown  Unknown
aims.240605.scala  0000000000413DE7  Unknown               Unknown  Unknown
aims.240605.scala  0000000000415B30  Unknown               Unknown  Unknown
aims.240605.scala  0000000000413DBD  Unknown               Unknown  Unknown
libc.so.6          0000075F05829D90  Unknown               Unknown  Unknown
libc.so.6          0000075F05829E40  __libc_start_main     Unknown  Unknown
aims.240605.scala  0000000000413CD5  Unknown               Unknown  Unknown
forrtl: error (78): process killed (SIGTERM)
Image              PC                Routine            Line        Source             
libc.so.6          0000147877242520  Unknown               Unknown  Unknown
aims.240605.scala  0000000002A9068A  Unknown               Unknown  Unknown
aims.240605.scala  000000000278BEBB  Unknown               Unknown  Unknown
aims.240605.scala  0000000002733FC5  Unknown               Unknown  Unknown
aims.240605.scala  000000000074E96D  Unknown               Unknown  Unknown
aims.240605.scala  0000000000414B1B  Unknown               Unknown  Unknown
aims.240605.scala  0000000000413DE7  Unknown               Unknown  Unknown
aims.240605.scala  0000000000415B30  Unknown               Unknown  Unknown
aims.240605.scala  0000000000413DBD  Unknown               Unknown  Unknown
libc.so.6          0000147877229D90  Unknown               Unknown  Unknown
libc.so.6          0000147877229E40  __libc_start_main     Unknown  Unknown
aims.240605.scala  0000000000413CD5  Unknown               Unknown  Unknown
forrtl: error (78): process killed (SIGTERM)
Image              PC                Routine            Line        Source             
libc.so.6          00000CEDA8442520  Unknown               Unknown  Unknown
aims.240605.scala  0000000002A9068A  Unknown               Unknown  Unknown
aims.240605.scala  000000000278BEBB  Unknown               Unknown  Unknown
aims.240605.scala  0000000002733FC5  Unknown               Unknown  Unknown
aims.240605.scala  000000000074E96D  Unknown               Unknown  Unknown
aims.240605.scala  0000000000414B1B  Unknown               Unknown  Unknown
aims.240605.scala  0000000000413DE7  Unknown               Unknown  Unknown
aims.240605.scala  0000000000415B30  Unknown               Unknown  Unknown
aims.240605.scala  0000000000413DBD  Unknown               Unknown  Unknown
libc.so.6          00000CEDA8429D90  Unknown               Unknown  Unknown
libc.so.6          00000CEDA8429E40  __libc_start_main     Unknown  Unknown
aims.240605.scala  0000000000413CD5  Unknown               Unknown  Unknown
forrtl: error (78): process killed (SIGTERM)
Image              PC                Routine            Line        Source             
libc.so.6          00000C36D1242520  Unknown               Unknown  Unknown
aims.240605.scala  0000000001B5543E  Unknown               Unknown  Unknown
aims.240605.scala  0000000002A9067D  Unknown               Unknown  Unknown
aims.240605.scala  000000000278BEBB  Unknown               Unknown  Unknown
aims.240605.scala  0000000002733FC5  Unknown               Unknown  Unknown
aims.240605.scala  000000000074E96D  Unknown               Unknown  Unknown
aims.240605.scala  0000000000414B1B  Unknown               Unknown  Unknown
aims.240605.scala  0000000000413DE7  Unknown               Unknown  Unknown
aims.240605.scala  0000000000415B30  Unknown               Unknown  Unknown
aims.240605.scala  0000000000413DBD  Unknown               Unknown  Unknown
libc.so.6          00000C36D1229D90  Unknown               Unknown  Unknown
libc.so.6          00000C36D1229E40  __libc_start_main     Unknown  Unknown
aims.240605.scala  0000000000413CD5  Unknown               Unknown  Unknown
forrtl: error (78): process killed (SIGTERM)
Image              PC                Routine            Line        Source             
libc.so.6          00001201AF642520  Unknown               Unknown  Unknown
aims.240605.scala  0000000002A9068A  Unknown               Unknown  Unknown
aims.240605.scala  000000000278BEBB  Unknown               Unknown  Unknown
aims.240605.scala  0000000002733FC5  Unknown               Unknown  Unknown
aims.240605.scala  000000000074E96D  Unknown               Unknown  Unknown
aims.240605.scala  0000000000414B1B  Unknown               Unknown  Unknown
aims.240605.scala  0000000000413DE7  Unknown               Unknown  Unknown
aims.240605.scala  0000000000415B30  Unknown               Unknown  Unknown
aims.240605.scala  0000000000413DBD  Unknown               Unknown  Unknown
libc.so.6          00001201AF629D90  Unknown               Unknown  Unknown
libc.so.6          00001201AF629E40  __libc_start_main     Unknown  Unknown
aims.240605.scala  0000000000413CD5  Unknown               Unknown  Unknown
forrtl: error (78): process killed (SIGTERM)
Image              PC                Routine            Line        Source             
libc.so.6          000013C7F6242520  Unknown               Unknown  Unknown
aims.240605.scala  0000000001B5540E  Unknown               Unknown  Unknown
aims.240605.scala  0000000002A9067D  Unknown               Unknown  Unknown
aims.240605.scala  000000000278BEBB  Unknown               Unknown  Unknown
aims.240605.scala  0000000002733FC5  Unknown               Unknown  Unknown
aims.240605.scala  000000000074E96D  Unknown               Unknown  Unknown
aims.240605.scala  0000000000414B1B  Unknown               Unknown  Unknown
aims.240605.scala  0000000000413DE7  Unknown               Unknown  Unknown
aims.240605.scala  0000000000415B30  Unknown               Unknown  Unknown
aims.240605.scala  0000000000413DBD  Unknown               Unknown  Unknown
libc.so.6          000013C7F6229D90  Unknown               Unknown  Unknown
libc.so.6          000013C7F6229E40  __libc_start_main     Unknown  Unknown
aims.240605.scala  0000000000413CD5  Unknown               Unknown  Unknown
forrtl: error (78): process killed (SIGTERM)
Image              PC                Routine            Line        Source             
libc.so.6          00000595D7242520  Unknown               Unknown  Unknown
aims.240605.scala  0000000002A90600  Unknown               Unknown  Unknown
aims.240605.scala  000000000278BEBB  Unknown               Unknown  Unknown
aims.240605.scala  0000000002733FC5  Unknown               Unknown  Unknown
aims.240605.scala  000000000074E96D  Unknown               Unknown  Unknown
aims.240605.scala  0000000000414B1B  Unknown               Unknown  Unknown
aims.240605.scala  0000000000413DE7  Unknown               Unknown  Unknown
aims.240605.scala  0000000000415B30  Unknown               Unknown  Unknown
aims.240605.scala  0000000000413DBD  Unknown               Unknown  Unknown
libc.so.6          00000595D7229D90  Unknown               Unknown  Unknown
libc.so.6          00000595D7229E40  __libc_start_main     Unknown  Unknown
aims.240605.scala  0000000000413CD5  Unknown               Unknown  Unknown
forrtl: error (78): process killed (SIGTERM)
Image              PC                Routine            Line        Source             
libc.so.6          00000C63AEA42520  Unknown               Unknown  Unknown
aims.240605.scala  0000000001B5544F  Unknown               Unknown  Unknown
aims.240605.scala  0000000002A9067D  Unknown               Unknown  Unknown
aims.240605.scala  000000000278BEBB  Unknown               Unknown  Unknown
aims.240605.scala  0000000002733FC5  Unknown               Unknown  Unknown
aims.240605.scala  000000000074E96D  Unknown               Unknown  Unknown
aims.240605.scala  0000000000414B1B  Unknown               Unknown  Unknown
aims.240605.scala  0000000000413DE7  Unknown               Unknown  Unknown
aims.240605.scala  0000000000415B30  Unknown               Unknown  Unknown
aims.240605.scala  0000000000413DBD  Unknown               Unknown  Unknown
libc.so.6          00000C63AEA29D90  Unknown               Unknown  Unknown
libc.so.6          00000C63AEA29E40  __libc_start_main     Unknown  Unknown
aims.240605.scala  0000000000413CD5  Unknown               Unknown  Unknown
forrtl: error (78): process killed (SIGTERM)
Image              PC                Routine            Line        Source             
libc.so.6          00000C42A4042520  Unknown               Unknown  Unknown
aims.240605.scala  0000000001B5543E  Unknown               Unknown  Unknown
aims.240605.scala  0000000002A9067D  Unknown               Unknown  Unknown
aims.240605.scala  000000000278BEBB  Unknown               Unknown  Unknown
aims.240605.scala  0000000002733FC5  Unknown               Unknown  Unknown
aims.240605.scala  000000000074E96D  Unknown               Unknown  Unknown
aims.240605.scala  0000000000414B1B  Unknown               Unknown  Unknown
aims.240605.scala  0000000000413DE7  Unknown               Unknown  Unknown
aims.240605.scala  0000000000415B30  Unknown               Unknown  Unknown
aims.240605.scala  0000000000413DBD  Unknown               Unknown  Unknown
libc.so.6          00000C42A4029D90  Unknown               Unknown  Unknown
libc.so.6          00000C42A4029E40  __libc_start_main     Unknown  Unknown
aims.240605.scala  0000000000413CD5  Unknown               Unknown  Unknown
forrtl: error (78): process killed (SIGTERM)
Image              PC                Routine            Line        Source             
libc.so.6          00000E4A67E42520  Unknown               Unknown  Unknown
aims.240605.scala  0000000001B553F0  Unknown               Unknown  Unknown
aims.240605.scala  0000000002A9067D  Unknown               Unknown  Unknown
aims.240605.scala  000000000278BEBB  Unknown               Unknown  Unknown
aims.240605.scala  0000000002733FC5  Unknown               Unknown  Unknown
aims.240605.scala  000000000074E96D  Unknown               Unknown  Unknown
aims.240605.scala  0000000000414B1B  Unknown               Unknown  Unknown
aims.240605.scala  0000000000413DE7  Unknown               Unknown  Unknown
aims.240605.scala  0000000000415B30  Unknown               Unknown  Unknown
aims.240605.scala  0000000000413DBD  Unknown               Unknown  Unknown
libc.so.6          00000E4A67E29D90  Unknown               Unknown  Unknown
libc.so.6          00000E4A67E29E40  __libc_start_main     Unknown  Unknown
aims.240605.scala  0000000000413CD5  Unknown               Unknown  Unknown
forrtl: error (78): process killed (SIGTERM)
Image              PC                Routine            Line        Source             
libc.so.6          000014F0DEE42520  Unknown               Unknown  Unknown
aims.240605.scala  0000000001B5541F  Unknown               Unknown  Unknown
aims.240605.scala  0000000002A9067D  Unknown               Unknown  Unknown
aims.240605.scala  000000000278BEBB  Unknown               Unknown  Unknown
aims.240605.scala  0000000002733FC5  Unknown               Unknown  Unknown
aims.240605.scala  000000000074E96D  Unknown               Unknown  Unknown
aims.240605.scala  0000000000414B1B  Unknown               Unknown  Unknown
aims.240605.scala  0000000000413DE7  Unknown               Unknown  Unknown
aims.240605.scala  0000000000415B30  Unknown               Unknown  Unknown
aims.240605.scala  0000000000413DBD  Unknown               Unknown  Unknown
libc.so.6          000014F0DEE29D90  Unknown               Unknown  Unknown
libc.so.6          000014F0DEE29E40  __libc_start_main     Unknown  Unknown
aims.240605.scala  0000000000413CD5  Unknown               Unknown  Unknown
forrtl: error (78): process killed (SIGTERM)
Image              PC                Routine            Line        Source             
libc.so.6          00000DFE0F042520  Unknown               Unknown  Unknown
aims.240605.scala  0000000001B5540E  Unknown               Unknown  Unknown
aims.240605.scala  0000000002A9067D  Unknown               Unknown  Unknown
aims.240605.scala  000000000278BEBB  Unknown               Unknown  Unknown
aims.240605.scala  0000000002733FC5  Unknown               Unknown  Unknown
aims.240605.scala  000000000074E96D  Unknown               Unknown  Unknown
aims.240605.scala  0000000000414B1B  Unknown               Unknown  Unknown
aims.240605.scala  0000000000413DE7  Unknown               Unknown  Unknown
aims.240605.scala  0000000000415B30  Unknown               Unknown  Unknown
aims.240605.scala  0000000000413DBD  Unknown               Unknown  Unknown
libc.so.6          00000DFE0F029D90  Unknown               Unknown  Unknown
libc.so.6          00000DFE0F029E40  __libc_start_main     Unknown  Unknown
aims.240605.scala  0000000000413CD5  Unknown               Unknown  Unknown
forrtl: error (78): process killed (SIGTERM)
Image              PC                Routine            Line        Source             
libc.so.6          0000131C6B042520  Unknown               Unknown  Unknown
aims.240605.scala  0000000001B5540E  Unknown               Unknown  Unknown
aims.240605.scala  0000000002A9067D  Unknown               Unknown  Unknown
aims.240605.scala  000000000278BEBB  Unknown               Unknown  Unknown
aims.240605.scala  0000000002733FC5  Unknown               Unknown  Unknown
aims.240605.scala  000000000074E96D  Unknown               Unknown  Unknown
aims.240605.scala  0000000000414B1B  Unknown               Unknown  Unknown
aims.240605.scala  0000000000413DE7  Unknown               Unknown  Unknown
aims.240605.scala  0000000000415B30  Unknown               Unknown  Unknown
aims.240605.scala  0000000000413DBD  Unknown               Unknown  Unknown
libc.so.6          0000131C6B029D90  Unknown               Unknown  Unknown
libc.so.6          0000131C6B029E40  __libc_start_main     Unknown  Unknown
aims.240605.scala  0000000000413CD5  Unknown               Unknown  Unknown
forrtl: error (78): process killed (SIGTERM)
Image              PC                Routine            Line        Source             
libc.so.6          00001140E3242520  Unknown               Unknown  Unknown
aims.240605.scala  0000000001B55457  Unknown               Unknown  Unknown
aims.240605.scala  0000000002A9067D  Unknown               Unknown  Unknown
aims.240605.scala  000000000278BEBB  Unknown               Unknown  Unknown
aims.240605.scala  0000000002733FC5  Unknown               Unknown  Unknown
aims.240605.scala  000000000074E96D  Unknown               Unknown  Unknown
aims.240605.scala  0000000000414B1B  Unknown               Unknown  Unknown
aims.240605.scala  0000000000413DE7  Unknown               Unknown  Unknown
aims.240605.scala  0000000000415B30  Unknown               Unknown  Unknown
aims.240605.scala  0000000000413DBD  Unknown               Unknown  Unknown
libc.so.6          00001140E3229D90  Unknown               Unknown  Unknown
libc.so.6          00001140E3229E40  __libc_start_main     Unknown  Unknown
aims.240605.scala  0000000000413CD5  Unknown               Unknown  Unknown
forrtl: error (78): process killed (SIGTERM)
Image              PC                Routine            Line        Source             
libc.so.6          00000653FC842520  Unknown               Unknown  Unknown
aims.240605.scala  0000000001B5540E  Unknown               Unknown  Unknown
aims.240605.scala  0000000002A9067D  Unknown               Unknown  Unknown
aims.240605.scala  000000000278BEBB  Unknown               Unknown  Unknown
aims.240605.scala  0000000002733FC5  Unknown               Unknown  Unknown
aims.240605.scala  000000000074E96D  Unknown               Unknown  Unknown
aims.240605.scala  0000000000414B1B  Unknown               Unknown  Unknown
aims.240605.scala  0000000000413DE7  Unknown               Unknown  Unknown
aims.240605.scala  0000000000415B30  Unknown               Unknown  Unknown
aims.240605.scala  0000000000413DBD  Unknown               Unknown  Unknown
libc.so.6          00000653FC829D90  Unknown               Unknown  Unknown
libc.so.6          00000653FC829E40  __libc_start_main     Unknown  Unknown
aims.240605.scala  0000000000413CD5  Unknown               Unknown  Unknown
forrtl: error (78): process killed (SIGTERM)
Image              PC                Routine            Line        Source             
libc.so.6          00001543BDC42520  Unknown               Unknown  Unknown
aims.240605.scala  0000000001B5543E  Unknown               Unknown  Unknown
aims.240605.scala  0000000002A9067D  Unknown               Unknown  Unknown
aims.240605.scala  000000000278BEBB  Unknown               Unknown  Unknown
aims.240605.scala  0000000002733FC5  Unknown               Unknown  Unknown
aims.240605.scala  000000000074E96D  Unknown               Unknown  Unknown
aims.240605.scala  0000000000414B1B  Unknown               Unknown  Unknown
aims.240605.scala  0000000000413DE7  Unknown               Unknown  Unknown
aims.240605.scala  0000000000415B30  Unknown               Unknown  Unknown
aims.240605.scala  0000000000413DBD  Unknown               Unknown  Unknown
libc.so.6          00001543BDC29D90  Unknown               Unknown  Unknown
libc.so.6          00001543BDC29E40  __libc_start_main     Unknown  Unknown
aims.240605.scala  0000000000413CD5  Unknown               Unknown  Unknown
forrtl: error (78): process killed (SIGTERM)
Image              PC                Routine            Line        Source             
libc.so.6          0000110DE1242520  Unknown               Unknown  Unknown
aims.240605.scala  0000000001B5543E  Unknown               Unknown  Unknown
aims.240605.scala  0000000002A9067D  Unknown               Unknown  Unknown
aims.240605.scala  000000000278BEBB  Unknown               Unknown  Unknown
aims.240605.scala  0000000002733FC5  Unknown               Unknown  Unknown
aims.240605.scala  000000000074E96D  Unknown               Unknown  Unknown
aims.240605.scala  0000000000414B1B  Unknown               Unknown  Unknown
aims.240605.scala  0000000000413DE7  Unknown               Unknown  Unknown
aims.240605.scala  0000000000415B30  Unknown               Unknown  Unknown
aims.240605.scala  0000000000413DBD  Unknown               Unknown  Unknown
libc.so.6          0000110DE1229D90  Unknown               Unknown  Unknown
libc.so.6          0000110DE1229E40  __libc_start_main     Unknown  Unknown
aims.240605.scala  0000000000413CD5  Unknown               Unknown  Unknown
srun: got SIGCONT
srun: forcing job termination
